Using pre-set license
Built from '2021.2/staging' branch; Version is '2021.2.7f1 (6bd9e232123f) revision 7068130'; Using compiler version '192829333'; Build Type 'Release'
OS: 'Windows 11  (10.0.22000) 64bit Core' Language: 'en' Physical Memory: 16238 MB
BatchMode: 1, IsHumanControllingUs: 0, StartBugReporterOnCrash: 0, Is64bit: 1, IsPro: 0

COMMAND LINE ARGUMENTS:
D:\Program Files\2021.2.7f1\Editor\Unity.exe
-adb2
-batchMode
-noUpm
-name
AssetImportWorker0
-projectPath
E:/George Brown College/Sumester-EX2/GAME3004/Lab/Game3004-W2022-Lab/Lab6
-logFile
Logs/AssetImportWorker0.log
-srvPort
59334
Successfully changed project path to: E:/George Brown College/Sumester-EX2/GAME3004/Lab/Game3004-W2022-Lab/Lab6
E:/George Brown College/Sumester-EX2/GAME3004/Lab/Game3004-W2022-Lab/Lab6
[UnityMemory] Configuration Parameters - Can be set up in boot.config
    "memorysetup-bucket-allocator-granularity=16"
    "memorysetup-bucket-allocator-bucket-count=8"
    "memorysetup-bucket-allocator-block-size=33554432"
    "memorysetup-bucket-allocator-block-count=8"
    "memorysetup-main-allocator-block-size=16777216"
    "memorysetup-thread-allocator-block-size=16777216"
    "memorysetup-gfx-main-allocator-block-size=16777216"
    "memorysetup-gfx-thread-allocator-block-size=16777216"
    "memorysetup-cache-allocator-block-size=4194304"
    "memorysetup-typetree-allocator-block-size=2097152"
    "memorysetup-profiler-bucket-allocator-granularity=16"
    "memorysetup-profiler-bucket-allocator-bucket-count=8"
    "memorysetup-profiler-bucket-allocator-block-size=33554432"
    "memorysetup-profiler-bucket-allocator-block-count=8"
    "memorysetup-profiler-allocator-block-size=16777216"
    "memorysetup-profiler-editor-allocator-block-size=1048576"
    "memorysetup-temp-allocator-size-main=16777216"
    "memorysetup-job-temp-allocator-block-size=2097152"
    "memorysetup-job-temp-allocator-block-size-background=1048576"
    "memorysetup-job-temp-allocator-reduction-small-platforms=262144"
    "memorysetup-temp-allocator-size-background-worker=32768"
    "memorysetup-temp-allocator-size-job-worker=262144"
    "memorysetup-temp-allocator-size-preload-manager=33554432"
    "memorysetup-temp-allocator-size-nav-mesh-worker=65536"
    "memorysetup-temp-allocator-size-audio-worker=65536"
    "memorysetup-temp-allocator-size-cloud-worker=32768"
    "memorysetup-temp-allocator-size-gi-baking-worker=262144"
    "memorysetup-temp-allocator-size-gfx=262144"
Refreshing native plugins compatible for Editor in 115.12 ms, found 4 plugins.
Preloading 0 native plugins for Editor in 0.00 ms.
Initialize engine version: 2021.2.7f1 (6bd9e232123f)
[Subsystems] Discovering subsystems at path D:/Program Files/2021.2.7f1/Editor/Data/Resources/UnitySubsystems
[Subsystems] Discovering subsystems at path E:/George Brown College/Sumester-EX2/GAME3004/Lab/Game3004-W2022-Lab/Lab6/Assets
GfxDevice: creating device client; threaded=0; jobified=0
Direct3D:
    Version:  Direct3D 11.0 [level 11.1]
    Renderer: NVIDIA GeForce GTX 1060 (ID=0x1c20)
    Vendor:   NVIDIA
    VRAM:     6052 MB
    Driver:   30.0.15.1179
Initialize mono
Mono path[0] = 'D:/Program Files/2021.2.7f1/Editor/Data/Managed'
Mono path[1] = 'D:/Program Files/2021.2.7f1/Editor/Data/MonoBleedingEdge/lib/mono/unityjit-win32'
Mono config path = 'D:/Program Files/2021.2.7f1/Editor/Data/MonoBleedingEdge/etc'
Using monoOptions --debugger-agent=transport=dt_socket,embedding=1,server=y,suspend=n,address=127.0.0.1:56672
Begin MonoManager ReloadAssembly
Registering precompiled unity dll's ...
Register platform support module: D:/Program Files/2021.2.7f1/Editor/Data/PlaybackEngines/WebGLSupport/UnityEditor.WebGL.Extensions.dll
Register platform support module: D:/Program Files/2021.2.7f1/Editor/Data/PlaybackEngines/WindowsStandaloneSupport/UnityEditor.WindowsStandalone.Extensions.dll
Registered in 0.002667 seconds.
Native extension for WindowsStandalone target not found
Native extension for WebGL target not found
Refreshing native plugins compatible for Editor in 115.43 ms, found 4 plugins.
Preloading 0 native plugins for Editor in 0.00 ms.
Mono: successfully reloaded assembly
- Completed reload, in  0.705 seconds
Domain Reload Profiling:
	ReloadAssembly (706ms)
		BeginReloadAssembly (92ms)
			ExecutionOrderSort (0ms)
			DisableScriptedObjects (0ms)
			BackupInstance (0ms)
			ReleaseScriptingObjects (0ms)
			CreateAndSetChildDomain (1ms)
		EndReloadAssembly (544ms)
			LoadAssemblies (92ms)
			RebuildTransferFunctionScriptingTraits (0ms)
			SetupTypeCache (105ms)
			ReleaseScriptCaches (0ms)
			RebuildScriptCaches (30ms)
			SetupLoadedEditorAssemblies (330ms)
				LogAssemblyErrors (0ms)
				InitializePlatformSupportModulesInManaged (15ms)
				SetLoadedEditorAssemblies (0ms)
				RefreshPlugins (116ms)
				BeforeProcessingInitializeOnLoad (1ms)
				ProcessInitializeOnLoadAttributes (150ms)
				ProcessInitializeOnLoadMethodAttributes (48ms)
				AfterProcessingInitializeOnLoad (0ms)
				EditorAssembliesLoaded (0ms)
			ExecutionOrderSort2 (0ms)
			AwakeInstancesAfterBackupRestoration (0ms)
Platform modules already initialized, skipping
Registering precompiled user dll's ...
Registered in 0.010430 seconds.
Begin MonoManager ReloadAssembly
Symbol file LoadedFromMemory doesn't match image E:\George Brown College\Sumester-EX2\GAME3004\Lab\Game3004-W2022-Lab\Lab6\Library\PackageCache\com.unity.visualscripting@1.7.6\Editor\VisualScripting.Core\Dependencies\YamlDotNet\Unity.VisualScripting.YamlDotNet.dll
Symbol file LoadedFromMemory doesn't match image E:\George Brown College\Sumester-EX2\GAME3004\Lab\Game3004-W2022-Lab\Lab6\Library\PackageCache\com.unity.visualscripting@1.7.6\Editor\VisualScripting.Core\Dependencies\DotNetZip\Unity.VisualScripting.IonicZip.dll
Native extension for WindowsStandalone target not found
Native extension for WebGL target not found
Refreshing native plugins compatible for Editor in 120.44 ms, found 4 plugins.
Preloading 0 native plugins for Editor in 0.00 ms.
Mono: successfully reloaded assembly
- Completed reload, in  2.136 seconds
Domain Reload Profiling:
	ReloadAssembly (2137ms)
		BeginReloadAssembly (139ms)
			ExecutionOrderSort (0ms)
			DisableScriptedObjects (6ms)
			BackupInstance (0ms)
			ReleaseScriptingObjects (0ms)
			CreateAndSetChildDomain (21ms)
		EndReloadAssembly (1903ms)
			LoadAssemblies (120ms)
			RebuildTransferFunctionScriptingTraits (0ms)
			SetupTypeCache (444ms)
			ReleaseScriptCaches (1ms)
			RebuildScriptCaches (88ms)
			SetupLoadedEditorAssemblies (1222ms)
				LogAssemblyErrors (0ms)
				InitializePlatformSupportModulesInManaged (11ms)
				SetLoadedEditorAssemblies (0ms)
				RefreshPlugins (121ms)
				BeforeProcessingInitializeOnLoad (143ms)
				ProcessInitializeOnLoadAttributes (863ms)
				ProcessInitializeOnLoadMethodAttributes (81ms)
				AfterProcessingInitializeOnLoad (2ms)
				EditorAssembliesLoaded (0ms)
			ExecutionOrderSort2 (0ms)
			AwakeInstancesAfterBackupRestoration (10ms)
Platform modules already initialized, skipping
========================================================================
Worker process is ready to serve import requests
Launched and connected shader compiler UnityShaderCompiler.exe after 0.07 seconds
Refreshing native plugins compatible for Editor in 1.80 ms, found 4 plugins.
Preloading 0 native plugins for Editor in 0.00 ms.
Unloading 5850 Unused Serialized files (Serialized files now loaded: 0)
Unloading 38 unused Assets / (1.5 MB). Loaded Objects now: 6297.
Memory consumption went from 229.6 MB to 228.1 MB.
Total: 5.963400 ms (FindLiveObjects: 0.657500 ms CreateObjectMapping: 0.520500 ms MarkObjects: 4.349900 ms  DeleteObjects: 0.434600 ms)

AssetImportParameters requested are different than current active one (requested -> active):
  custom:video-decoder-ogg-theora: a1e56fd34408186e4bbccfd4996cb3dc -> 
  custom:container-muxer-webm: aa71ff27fc2769a1b78a27578f13a17b -> 
  custom:container-demuxer-webm: 4f35f7cbe854078d1ac9338744f61a02 -> 
  custom:video-encoder-webm-vp8: eb34c28f22e8b96e1ab97ce403110664 -> 
  custom:video-codec-MediaFoundation-h265: 746d11721c4dcdbdad8f713fa42b33f4 -> 
  custom:audio-encoder-webm-vorbis: bf7c407c2cedff20999df2af8eb42d56 -> 
  custom:framework-win-MediaFoundation: 216162199b28c13a410421893ffa2e32 -> 
  custom:container-demuxer-ogg: 62fdf1f143b41e24485cea50d1cbac27 -> 
  custom:video-decoder-webm-vp8: 9c59270c3fd7afecdb556c50c9e8de78 -> 
  custom:audio-decoder-ogg-vorbis: bf7c407c2cedff20999df2af8eb42d56 -> 
========================================================================
Received Import Request.
  Time since last request: 255348.707000 seconds.
  path: Assets/VFX/FireTourch.vfx
  artifactKey: Guid(acfd7f48841a73348a388a6aab7696ff) Importer(815301076,1909f56bfc062723c751e8b465ee728b)
Start importing Assets/VFX/FireTourch.vfx using Guid(acfd7f48841a73348a388a6aab7696ff) Importer(815301076,1909f56bfc062723c751e8b465ee728b)  -> (artifact id: '8159b1afad20dd26e33628a297060e7b') in 0.469581 seconds 
========================================================================
Received Import Request.
  Time since last request: 1.964901 seconds.
  path: Assets/VFX/FireTourch.vfx
  artifactKey: Guid(acfd7f48841a73348a388a6aab7696ff) Importer(815301076,1909f56bfc062723c751e8b465ee728b)
Start importing Assets/VFX/FireTourch.vfx using Guid(acfd7f48841a73348a388a6aab7696ff) Importer(815301076,1909f56bfc062723c751e8b465ee728b)  -> (artifact id: 'ce5e3bff3abc215d588a8ec646947690') in 0.022913 seconds 
========================================================================
Received Import Request.
  Time since last request: 164.387601 seconds.
  path: Assets/VFX/FireTourch.vfx
  artifactKey: Guid(acfd7f48841a73348a388a6aab7696ff) Importer(815301076,1909f56bfc062723c751e8b465ee728b)
Start importing Assets/VFX/FireTourch.vfx using Guid(acfd7f48841a73348a388a6aab7696ff) Importer(815301076,1909f56bfc062723c751e8b465ee728b)  -> (artifact id: '939986c2e4de02050ff264b6a12c9eba') in 0.520068 seconds 
========================================================================
Received Import Request.
  Time since last request: 193.363142 seconds.
  path: Assets/VFX/FireTourch.vfx
  artifactKey: Guid(acfd7f48841a73348a388a6aab7696ff) Importer(815301076,1909f56bfc062723c751e8b465ee728b)
Start importing Assets/VFX/FireTourch.vfx using Guid(acfd7f48841a73348a388a6aab7696ff) Importer(815301076,1909f56bfc062723c751e8b465ee728b)  -> (artifact id: '6bb7f71408ccc84b2cd09cdb69c99f1b') in 0.022422 seconds 
========================================================================
Received Import Request.
  Time since last request: 230.758642 seconds.
  path: Assets/VFX/IceCold.vfx
  artifactKey: Guid(ce76a4c41cddb81498f7c6a0743365df) Importer(815301076,1909f56bfc062723c751e8b465ee728b)
Start importing Assets/VFX/IceCold.vfx using Guid(ce76a4c41cddb81498f7c6a0743365df) Importer(815301076,1909f56bfc062723c751e8b465ee728b)  -> (artifact id: '8ae4a0e8e79f032a6e43b775b58ebc60') in 0.168737 seconds 
========================================================================
Received Import Request.
  Time since last request: 10.672528 seconds.
  path: Assets/VFX/FireTourch 1.vfx
  artifactKey: Guid(620b3d0e96301834cb18b953777f4ff2) Importer(815301076,1909f56bfc062723c751e8b465ee728b)
Start importing Assets/VFX/FireTourch 1.vfx using Guid(620b3d0e96301834cb18b953777f4ff2) Importer(815301076,1909f56bfc062723c751e8b465ee728b)  -> (artifact id: '79c5804796ddacad89c9057356014e6d') in 0.204362 seconds 
========================================================================
Received Import Request.
  Time since last request: 6.910027 seconds.
  path: Assets/VFX/Ice Cold.vfx
  artifactKey: Guid(620b3d0e96301834cb18b953777f4ff2) Importer(815301076,1909f56bfc062723c751e8b465ee728b)
Start importing Assets/VFX/Ice Cold.vfx using Guid(620b3d0e96301834cb18b953777f4ff2) Importer(815301076,1909f56bfc062723c751e8b465ee728b)  -> (artifact id: '2e77fc31a52cf59f78b1f3bfada463cd') in 0.165680 seconds 
========================================================================
Received Import Request.
  Time since last request: 7.267345 seconds.
  path: Assets/VFX/Ice Cold.vfx
  artifactKey: Guid(620b3d0e96301834cb18b953777f4ff2) Importer(815301076,1909f56bfc062723c751e8b465ee728b)
Start importing Assets/VFX/Ice Cold.vfx using Guid(620b3d0e96301834cb18b953777f4ff2) Importer(815301076,1909f56bfc062723c751e8b465ee728b)  -> (artifact id: '1178360237dfefaa003c556a5f9e16cb') in 1.398243 seconds 
========================================================================
Received Import Request.
  Time since last request: 3.176414 seconds.
  path: Assets/ExternalAssest/Samples/Visual Effect Graph/12.1.2/VisualEffectGraph Additions/Textures/Generic/CellularNormals01.png
  artifactKey: Guid(d4041a0d87bcddd43b9caf926962dcbb) Importer(815301076,1909f56bfc062723c751e8b465ee728b)
Start importing Assets/ExternalAssest/Samples/Visual Effect Graph/12.1.2/VisualEffectGraph Additions/Textures/Generic/CellularNormals01.png using Guid(d4041a0d87bcddd43b9caf926962dcbb) Importer(815301076,1909f56bfc062723c751e8b465ee728b)  -> (artifact id: 'ffe86480d7eeb55f0008951b4a334110') in 0.724220 seconds 
========================================================================
Received Import Request.
  Time since last request: 0.000052 seconds.
  path: Assets/TextMesh Pro/Fonts/LiberationSans.ttf
  artifactKey: Guid(e3265ab4bf004d28a9537516768c1c75) Importer(815301076,1909f56bfc062723c751e8b465ee728b)
Start importing Assets/TextMesh Pro/Fonts/LiberationSans.ttf using Guid(e3265ab4bf004d28a9537516768c1c75) Importer(815301076,1909f56bfc062723c751e8b465ee728b)  -> (artifact id: '5321bd1381f992295f06d9a106535809') in 0.298516 seconds 
