Base path: 'D:/Program Files/2021.2.7f1/Editor/Data', plugins path 'D:/Program Files/2021.2.7f1/Editor/Data/PlaybackEngines'
Cmd: initializeCompiler

Cmd: compileComputeKernel
  insize=2049 file=E:/George Brown College/Sumester-EX2/GAME3004/Lab/Game3004-W2022-Lab/Lab6/Assets/VFX/FireTourch.vfx kernel=CSMain cachingPP=1 ppOnly=0 stripLineD=0 buildPlatform=13 km=<UNITY_VERSION=202127> pKW=UNITY_NO_RGBM UNITY_ENABLE_REFLECTION_BUFFERS UNITY_NO_CUBEMAP_ARRAY UNITY_NO_SCREENSPACE_SHADOWS UNITY_PBS_USE_BRDF3 UNITY_NO_FULL_STANDARD_SHADER SHADER_API_MOBILE UNITY_LIGHTMAP_RGBM_ENCODING UNITY_PRETRANSFORM_TO_DISPLAY_ORIENTATION UNITY_ASTC_NORMALMAP_ENCODING uKW=SHADER_STAGE_COMPUTE platform=vulkan flags=268439552 reqs=16385 forceDXC=0 forceFXC=0 ok=1 outsize=6526

Cmd: compileComputeKernel
  insize=7531 file=E:/George Brown College/Sumester-EX2/GAME3004/Lab/Game3004-W2022-Lab/Lab6/Assets/VFX/FireTourch.vfx kernel=CSMain cachingPP=1 ppOnly=0 stripLineD=0 buildPlatform=13 km=<UNITY_VERSION=202127> pKW=UNITY_NO_RGBM UNITY_ENABLE_REFLECTION_BUFFERS UNITY_NO_CUBEMAP_ARRAY UNITY_NO_SCREENSPACE_SHADOWS UNITY_PBS_USE_BRDF3 UNITY_NO_FULL_STANDARD_SHADER SHADER_API_MOBILE UNITY_LIGHTMAP_RGBM_ENCODING uKW=SHADER_STAGE_COMPUTE platform=d3d11 flags=268435456 reqs=16385 forceDXC=0 forceFXC=0 ok=1 outsize=2141

Cmd: compileComputeKernel
  insize=7030 file=E:/George Brown College/Sumester-EX2/GAME3004/Lab/Game3004-W2022-Lab/Lab6/Assets/VFX/FireTourch.vfx kernel=CSMain cachingPP=1 ppOnly=0 stripLineD=0 buildPlatform=13 km=<UNITY_VERSION=202127> pKW=UNITY_NO_RGBM UNITY_ENABLE_REFLECTION_BUFFERS UNITY_NO_CUBEMAP_ARRAY UNITY_NO_SCREENSPACE_SHADOWS UNITY_PBS_USE_BRDF3 UNITY_NO_FULL_STANDARD_SHADER SHADER_API_MOBILE UNITY_LIGHTMAP_RGBM_ENCODING uKW=SHADER_STAGE_COMPUTE platform=d3d11 flags=268435456 reqs=16385 forceDXC=0 forceFXC=0 ok=1 outsize=1635

Cmd: compileComputeKernel
  insize=6338 file=E:/George Brown College/Sumester-EX2/GAME3004/Lab/Game3004-W2022-Lab/Lab6/Assets/VFX/IceCold.vfx kernel=CSMain cachingPP=1 ppOnly=0 stripLineD=0 buildPlatform=13 km=<UNITY_VERSION=202127> pKW=UNITY_NO_RGBM UNITY_ENABLE_REFLECTION_BUFFERS UNITY_NO_CUBEMAP_ARRAY UNITY_NO_SCREENSPACE_SHADOWS UNITY_PBS_USE_BRDF3 UNITY_NO_FULL_STANDARD_SHADER SHADER_API_MOBILE UNITY_LIGHTMAP_RGBM_ENCODING uKW=SHADER_STAGE_COMPUTE platform=d3d11 flags=268435456 reqs=16385 forceDXC=0 forceFXC=0 ok=1 outsize=1508

Cmd: compileComputeKernel
  insize=2049 file=E:/George Brown College/Sumester-EX2/GAME3004/Lab/Game3004-W2022-Lab/Lab6/Assets/VFX/FireTourch 1.vfx kernel=CSMain cachingPP=1 ppOnly=0 stripLineD=0 buildPlatform=13 km=<UNITY_VERSION=202127> pKW=UNITY_NO_RGBM UNITY_ENABLE_REFLECTION_BUFFERS UNITY_NO_CUBEMAP_ARRAY UNITY_NO_SCREENSPACE_SHADOWS UNITY_PBS_USE_BRDF3 UNITY_NO_FULL_STANDARD_SHADER SHADER_API_MOBILE UNITY_LIGHTMAP_RGBM_ENCODING UNITY_PRETRANSFORM_TO_DISPLAY_ORIENTATION UNITY_ASTC_NORMALMAP_ENCODING uKW=SHADER_STAGE_COMPUTE platform=vulkan flags=268439552 reqs=16385 forceDXC=0 forceFXC=0 ok=1 outsize=6526

Cmd: compileComputeKernel
  insize=7033 file=E:/George Brown College/Sumester-EX2/GAME3004/Lab/Game3004-W2022-Lab/Lab6/Assets/VFX/Ice Cold.vfx kernel=CSMain cachingPP=1 ppOnly=0 stripLineD=0 buildPlatform=13 km=<UNITY_VERSION=202127> pKW=UNITY_NO_RGBM UNITY_ENABLE_REFLECTION_BUFFERS UNITY_NO_CUBEMAP_ARRAY UNITY_NO_SCREENSPACE_SHADOWS UNITY_PBS_USE_BRDF3 UNITY_NO_FULL_STANDARD_SHADER SHADER_API_MOBILE UNITY_LIGHTMAP_RGBM_ENCODING UNITY_PRETRANSFORM_TO_DISPLAY_ORIENTATION UNITY_ASTC_NORMALMAP_ENCODING uKW=SHADER_STAGE_COMPUTE platform=vulkan flags=268439552 reqs=16385 forceDXC=0 forceFXC=0 ok=1 outsize=8455

Cmd: compileComputeKernel
  insize=7030 file=E:/George Brown College/Sumester-EX2/GAME3004/Lab/Game3004-W2022-Lab/Lab6/Assets/VFX/Ice Cold.vfx kernel=CSMain cachingPP=1 ppOnly=0 stripLineD=0 buildPlatform=13 km=<UNITY_VERSION=202127> pKW=UNITY_NO_RGBM UNITY_ENABLE_REFLECTION_BUFFERS UNITY_NO_CUBEMAP_ARRAY UNITY_NO_SCREENSPACE_SHADOWS UNITY_PBS_USE_BRDF3 UNITY_NO_FULL_STANDARD_SHADER SHADER_API_MOBILE UNITY_LIGHTMAP_RGBM_ENCODING uKW=SHADER_STAGE_COMPUTE platform=d3d11 flags=268435456 reqs=16385 forceDXC=0 forceFXC=0 ok=1 outsize=1635

Cmd: compileComputeKernel
  insize=7618 file=E:/George Brown College/Sumester-EX2/GAME3004/Lab/Game3004-W2022-Lab/Lab6/Assets/VFX/Ice Cold.vfx kernel=CSMain cachingPP=1 ppOnly=0 stripLineD=0 buildPlatform=13 km=<UNITY_VERSION=202127> pKW=UNITY_NO_RGBM UNITY_ENABLE_REFLECTION_BUFFERS UNITY_NO_CUBEMAP_ARRAY UNITY_NO_SCREENSPACE_SHADOWS UNITY_PBS_USE_BRDF3 UNITY_NO_FULL_STANDARD_SHADER SHADER_API_MOBILE UNITY_LIGHTMAP_RGBM_ENCODING UNITY_PRETRANSFORM_TO_DISPLAY_ORIENTATION UNITY_ASTC_NORMALMAP_ENCODING uKW=SHADER_STAGE_COMPUTE platform=vulkan flags=268439552 reqs=16385 forceDXC=0 forceFXC=0 ok=1 outsize=8670

Cmd: compileComputeKernel
  insize=7941 file=E:/George Brown College/Sumester-EX2/GAME3004/Lab/Game3004-W2022-Lab/Lab6/Assets/VFX/Ice Cold.vfx kernel=CSMain cachingPP=1 ppOnly=0 stripLineD=0 buildPlatform=13 km=<UNITY_VERSION=202127> pKW=UNITY_NO_RGBM UNITY_ENABLE_REFLECTION_BUFFERS UNITY_NO_CUBEMAP_ARRAY UNITY_NO_SCREENSPACE_SHADOWS UNITY_PBS_USE_BRDF3 UNITY_NO_FULL_STANDARD_SHADER SHADER_API_MOBILE UNITY_LIGHTMAP_RGBM_ENCODING uKW=SHADER_STAGE_COMPUTE platform=d3d11 flags=268435456 reqs=16385 forceDXC=0 forceFXC=0 ok=1 outsize=2141

Cmd: compileComputeKernel
  insize=7033 file=E:/George Brown College/Sumester-EX2/GAME3004/Lab/Game3004-W2022-Lab/Lab6/Assets/VFX/Ice Cold.vfx kernel=CSMain cachingPP=1 ppOnly=0 stripLineD=0 buildPlatform=13 km=<UNITY_VERSION=202127> pKW=UNITY_NO_RGBM UNITY_ENABLE_REFLECTION_BUFFERS UNITY_NO_CUBEMAP_ARRAY UNITY_NO_SCREENSPACE_SHADOWS UNITY_PBS_USE_BRDF3 UNITY_NO_FULL_STANDARD_SHADER SHADER_API_MOBILE UNITY_LIGHTMAP_RGBM_ENCODING uKW=SHADER_STAGE_COMPUTE platform=d3d11 flags=268435456 reqs=16385 forceDXC=0 forceFXC=0 ok=1 outsize=1596

