Using pre-set license
Built from '2021.2/staging' branch; Version is '2021.2.7f1 (6bd9e232123f) revision 7068130'; Using compiler version '192829333'; Build Type 'Release'
OS: 'Windows 11  (10.0.22000) 64bit Core' Language: 'en' Physical Memory: 16238 MB
BatchMode: 1, IsHumanControllingUs: 0, StartBugReporterOnCrash: 0, Is64bit: 1, IsPro: 0

COMMAND LINE ARGUMENTS:
D:\Program Files\2021.2.7f1\Editor\Unity.exe
-adb2
-batchMode
-noUpm
-name
AssetImportWorker2
-projectPath
E:/George Brown College/Sumester-EX2/GAME3004/Lab/Game3004-W2022-Lab/Lab2/Lab2
-logFile
Logs/AssetImportWorker2.log
-srvPort
65529
Successfully changed project path to: E:/George Brown College/Sumester-EX2/GAME3004/Lab/Game3004-W2022-Lab/Lab2/Lab2
E:/George Brown College/Sumester-EX2/GAME3004/Lab/Game3004-W2022-Lab/Lab2/Lab2
[UnityMemory] Configuration Parameters - Can be set up in boot.config
    "memorysetup-bucket-allocator-granularity=16"
    "memorysetup-bucket-allocator-bucket-count=8"
    "memorysetup-bucket-allocator-block-size=33554432"
    "memorysetup-bucket-allocator-block-count=8"
    "memorysetup-main-allocator-block-size=16777216"
    "memorysetup-thread-allocator-block-size=16777216"
    "memorysetup-gfx-main-allocator-block-size=16777216"
    "memorysetup-gfx-thread-allocator-block-size=16777216"
    "memorysetup-cache-allocator-block-size=4194304"
    "memorysetup-typetree-allocator-block-size=2097152"
    "memorysetup-profiler-bucket-allocator-granularity=16"
    "memorysetup-profiler-bucket-allocator-bucket-count=8"
    "memorysetup-profiler-bucket-allocator-block-size=33554432"
    "memorysetup-profiler-bucket-allocator-block-count=8"
    "memorysetup-profiler-allocator-block-size=16777216"
    "memorysetup-profiler-editor-allocator-block-size=1048576"
    "memorysetup-temp-allocator-size-main=16777216"
    "memorysetup-job-temp-allocator-block-size=2097152"
    "memorysetup-job-temp-allocator-block-size-background=1048576"
    "memorysetup-job-temp-allocator-reduction-small-platforms=262144"
    "memorysetup-temp-allocator-size-background-worker=32768"
    "memorysetup-temp-allocator-size-job-worker=262144"
    "memorysetup-temp-allocator-size-preload-manager=33554432"
    "memorysetup-temp-allocator-size-nav-mesh-worker=65536"
    "memorysetup-temp-allocator-size-audio-worker=65536"
    "memorysetup-temp-allocator-size-cloud-worker=32768"
    "memorysetup-temp-allocator-size-gi-baking-worker=262144"
    "memorysetup-temp-allocator-size-gfx=262144"
Refreshing native plugins compatible for Editor in 84.99 ms, found 4 plugins.
Preloading 0 native plugins for Editor in 0.00 ms.
Initialize engine version: 2021.2.7f1 (6bd9e232123f)
[Subsystems] Discovering subsystems at path D:/Program Files/2021.2.7f1/Editor/Data/Resources/UnitySubsystems
[Subsystems] Discovering subsystems at path E:/George Brown College/Sumester-EX2/GAME3004/Lab/Game3004-W2022-Lab/Lab2/Lab2/Assets
GfxDevice: creating device client; threaded=0; jobified=0
Direct3D:
    Version:  Direct3D 11.0 [level 11.1]
    Renderer: NVIDIA GeForce GTX 1060 (ID=0x1c20)
    Vendor:   NVIDIA
    VRAM:     6052 MB
    Driver:   30.0.14.9729
Initialize mono
Mono path[0] = 'D:/Program Files/2021.2.7f1/Editor/Data/Managed'
Mono path[1] = 'D:/Program Files/2021.2.7f1/Editor/Data/MonoBleedingEdge/lib/mono/unityjit-win32'
Mono config path = 'D:/Program Files/2021.2.7f1/Editor/Data/MonoBleedingEdge/etc'
Using monoOptions --debugger-agent=transport=dt_socket,embedding=1,server=y,suspend=n,address=127.0.0.1:56500
Begin MonoManager ReloadAssembly
Registering precompiled unity dll's ...
Register platform support module: D:/Program Files/2021.2.7f1/Editor/Data/PlaybackEngines/WindowsStandaloneSupport/UnityEditor.WindowsStandalone.Extensions.dll
Registered in 0.002169 seconds.
Native extension for WindowsStandalone target not found
Refreshing native plugins compatible for Editor in 83.26 ms, found 4 plugins.
Preloading 0 native plugins for Editor in 0.00 ms.
Mono: successfully reloaded assembly
- Completed reload, in  0.727 seconds
Domain Reload Profiling:
	ReloadAssembly (728ms)
		BeginReloadAssembly (104ms)
			ExecutionOrderSort (0ms)
			DisableScriptedObjects (0ms)
			BackupInstance (0ms)
			ReleaseScriptingObjects (0ms)
			CreateAndSetChildDomain (1ms)
		EndReloadAssembly (537ms)
			LoadAssemblies (104ms)
			RebuildTransferFunctionScriptingTraits (0ms)
			SetupTypeCache (125ms)
			ReleaseScriptCaches (0ms)
			RebuildScriptCaches (34ms)
			SetupLoadedEditorAssemblies (324ms)
				LogAssemblyErrors (0ms)
				InitializePlatformSupportModulesInManaged (16ms)
				SetLoadedEditorAssemblies (0ms)
				RefreshPlugins (83ms)
				BeforeProcessingInitializeOnLoad (1ms)
				ProcessInitializeOnLoadAttributes (162ms)
				ProcessInitializeOnLoadMethodAttributes (61ms)
				AfterProcessingInitializeOnLoad (0ms)
				EditorAssembliesLoaded (0ms)
			ExecutionOrderSort2 (0ms)
			AwakeInstancesAfterBackupRestoration (0ms)
Platform modules already initialized, skipping
Registering precompiled user dll's ...
Registered in 0.010367 seconds.
Begin MonoManager ReloadAssembly
Symbol file LoadedFromMemory doesn't match image E:\George Brown College\Sumester-EX2\GAME3004\Lab\Game3004-W2022-Lab\Lab2\Lab2\Library\PackageCache\com.unity.visualscripting@1.7.6\Editor\VisualScripting.Core\Dependencies\YamlDotNet\Unity.VisualScripting.YamlDotNet.dll
Symbol file LoadedFromMemory doesn't match image E:\George Brown College\Sumester-EX2\GAME3004\Lab\Game3004-W2022-Lab\Lab2\Lab2\Library\PackageCache\com.unity.visualscripting@1.7.6\Editor\VisualScripting.Core\Dependencies\DotNetZip\Unity.VisualScripting.IonicZip.dll
Native extension for WindowsStandalone target not found
Refreshing native plugins compatible for Editor in 0.54 ms, found 4 plugins.
Preloading 0 native plugins for Editor in 0.00 ms.
Mono: successfully reloaded assembly
- Completed reload, in  1.139 seconds
Domain Reload Profiling:
	ReloadAssembly (1140ms)
		BeginReloadAssembly (145ms)
			ExecutionOrderSort (0ms)
			DisableScriptedObjects (7ms)
			BackupInstance (0ms)
			ReleaseScriptingObjects (0ms)
			CreateAndSetChildDomain (23ms)
		EndReloadAssembly (896ms)
			LoadAssemblies (110ms)
			RebuildTransferFunctionScriptingTraits (0ms)
			SetupTypeCache (330ms)
			ReleaseScriptCaches (1ms)
			RebuildScriptCaches (59ms)
			SetupLoadedEditorAssemblies (381ms)
				LogAssemblyErrors (0ms)
				InitializePlatformSupportModulesInManaged (11ms)
				SetLoadedEditorAssemblies (0ms)
				RefreshPlugins (1ms)
				BeforeProcessingInitializeOnLoad (84ms)
				ProcessInitializeOnLoadAttributes (252ms)
				ProcessInitializeOnLoadMethodAttributes (29ms)
				AfterProcessingInitializeOnLoad (4ms)
				EditorAssembliesLoaded (0ms)
			ExecutionOrderSort2 (0ms)
			AwakeInstancesAfterBackupRestoration (9ms)
Platform modules already initialized, skipping
========================================================================
Worker process is ready to serve import requests
Launched and connected shader compiler UnityShaderCompiler.exe after 0.08 seconds
Refreshing native plugins compatible for Editor in 0.58 ms, found 4 plugins.
Preloading 0 native plugins for Editor in 0.00 ms.
Unloading 3444 Unused Serialized files (Serialized files now loaded: 0)
Unloading 27 unused Assets / (56.1 KB). Loaded Objects now: 3899.
Memory consumption went from 120.1 MB to 120.0 MB.
Total: 3.575600 ms (FindLiveObjects: 0.589200 ms CreateObjectMapping: 0.261300 ms MarkObjects: 2.641400 ms  DeleteObjects: 0.081800 ms)

AssetImportParameters requested are different than current active one (requested -> active):
  custom:video-decoder-ogg-theora: a1e56fd34408186e4bbccfd4996cb3dc -> 
  custom:container-muxer-webm: aa71ff27fc2769a1b78a27578f13a17b -> 
  custom:container-demuxer-webm: 4f35f7cbe854078d1ac9338744f61a02 -> 
  custom:video-encoder-webm-vp8: eb34c28f22e8b96e1ab97ce403110664 -> 
  custom:video-codec-MediaFoundation-h265: 746d11721c4dcdbdad8f713fa42b33f4 -> 
  custom:audio-encoder-webm-vorbis: bf7c407c2cedff20999df2af8eb42d56 -> 
  custom:framework-win-MediaFoundation: 216162199b28c13a410421893ffa2e32 -> 
  custom:container-demuxer-ogg: 62fdf1f143b41e24485cea50d1cbac27 -> 
  custom:video-decoder-webm-vp8: 9c59270c3fd7afecdb556c50c9e8de78 -> 
  custom:audio-decoder-ogg-vorbis: bf7c407c2cedff20999df2af8eb42d56 -> 
========================================================================
Received Import Request.
  Time since last request: 74898.225486 seconds.
  path: Assets/Materieal
  artifactKey: Guid(9134f05436f2bf54e899a554516c4fbb) Importer(815301076,1909f56bfc062723c751e8b465ee728b)
Start importing Assets/Materieal using Guid(9134f05436f2bf54e899a554516c4fbb) Importer(815301076,1909f56bfc062723c751e8b465ee728b)  -> (artifact id: '2d28eb353d18216020bc60b834142619') in 0.017457 seconds 
========================================================================
Received Import Request.
  Time since last request: 0.000035 seconds.
  path: Assets/Prefect/Tile1.prefab
  artifactKey: Guid(5dc5fde6d9cbdd542a4414f8f4c3d7ec) Importer(815301076,1909f56bfc062723c751e8b465ee728b)
Start importing Assets/Prefect/Tile1.prefab using Guid(5dc5fde6d9cbdd542a4414f8f4c3d7ec) Importer(815301076,1909f56bfc062723c751e8b465ee728b)  -> (artifact id: 'e8aef3f269c52454df2a468c69cee1e5') in 0.332993 seconds 
========================================================================
Received Import Request.
  Time since last request: 21.720990 seconds.
  path: Assets/Tile/Tile1.fbx
  artifactKey: Guid(9bf5243db3616b04a81d0210919695dd) Importer(815301076,1909f56bfc062723c751e8b465ee728b)
Start importing Assets/Tile/Tile1.fbx using Guid(9bf5243db3616b04a81d0210919695dd) Importer(815301076,1909f56bfc062723c751e8b465ee728b)  -> (artifact id: 'ea246b85ca9036554435646a3a71cadc') in 0.145413 seconds 
========================================================================
Received Import Request.
  Time since last request: 5.419228 seconds.
  path: Assets
  artifactKey: Guid(00000000000000001000000000000000) Importer(815301076,1909f56bfc062723c751e8b465ee728b)
Start importing Assets using Guid(00000000000000001000000000000000) Importer(815301076,1909f56bfc062723c751e8b465ee728b)  -> (artifact id: '79842766b460edbeab6a34051e857a80') in 0.013701 seconds 
========================================================================
Received Import Request.
  Time since last request: 7.758314 seconds.
  path: Assets/Mofrld
  artifactKey: Guid(24488a44100b87c40a59bb8ad80c1aff) Importer(815301076,1909f56bfc062723c751e8b465ee728b)
Start importing Assets/Mofrld using Guid(24488a44100b87c40a59bb8ad80c1aff) Importer(815301076,1909f56bfc062723c751e8b465ee728b)  -> (artifact id: 'd9cc706ca1f9d4424aa85f384ebea577') in 0.012929 seconds 
========================================================================
Received Import Request.
  Time since last request: 15.208261 seconds.
  path: Assets/Models
  artifactKey: Guid(24488a44100b87c40a59bb8ad80c1aff) Importer(815301076,1909f56bfc062723c751e8b465ee728b)
Start importing Assets/Models using Guid(24488a44100b87c40a59bb8ad80c1aff) Importer(815301076,1909f56bfc062723c751e8b465ee728b)  -> (artifact id: '99b6afd41a7df9a11eecb20245be97c2') in 0.104733 seconds 
========================================================================
Received Import Request.
  Time since last request: 7.173356 seconds.
  path: Assets/Texture/Gravel Cobble Ground Texture.jpg
  artifactKey: Guid(3e72f0affa333d744918376ece57a0a7) Importer(815301076,1909f56bfc062723c751e8b465ee728b)
Start importing Assets/Texture/Gravel Cobble Ground Texture.jpg using Guid(3e72f0affa333d744918376ece57a0a7) Importer(815301076,1909f56bfc062723c751e8b465ee728b)  -> (artifact id: 'c7083848e1f17d58f1a2f4ed9fbc644a') in 0.108829 seconds 
========================================================================
Received Import Request.
  Time since last request: 26.008234 seconds.
  path: Assets/Models/Robot.fbx
  artifactKey: Guid(88a1ac1c2ca8891419f1059ee9ca453e) Importer(815301076,1909f56bfc062723c751e8b465ee728b)
Start importing Assets/Models/Robot.fbx using Guid(88a1ac1c2ca8891419f1059ee9ca453e) Importer(815301076,1909f56bfc062723c751e8b465ee728b)  -> (artifact id: '1153c97bde01a92a0bd457b11397a0a3') in 0.032430 seconds 
========================================================================
Received Import Request.
  Time since last request: 430.616603 seconds.
  path: Assets/Models/Robot.fbx
  artifactKey: Guid(88a1ac1c2ca8891419f1059ee9ca453e) Importer(815301076,1909f56bfc062723c751e8b465ee728b)
Start importing Assets/Models/Robot.fbx using Guid(88a1ac1c2ca8891419f1059ee9ca453e) Importer(815301076,1909f56bfc062723c751e8b465ee728b)  -> (artifact id: 'e64054ec0df92424ee7123f13cf785b5') in 0.020540 seconds 
========================================================================
Received Import Request.
  Time since last request: 119.832407 seconds.
  path: Assets/Models/Tile
  artifactKey: Guid(0599e01e90835ef45b8bd992ff53de8f) Importer(815301076,1909f56bfc062723c751e8b465ee728b)
Start importing Assets/Models/Tile using Guid(0599e01e90835ef45b8bd992ff53de8f) Importer(815301076,1909f56bfc062723c751e8b465ee728b)  -> (artifact id: 'e855bc95a32abfb2b669d591b392021a') in 0.011505 seconds 
========================================================================
Received Import Request.
  Time since last request: 298.206185 seconds.
  path: Assets/Models/Robot.fbx
  artifactKey: Guid(88a1ac1c2ca8891419f1059ee9ca453e) Importer(815301076,1909f56bfc062723c751e8b465ee728b)
Start importing Assets/Models/Robot.fbx using Guid(88a1ac1c2ca8891419f1059ee9ca453e) Importer(815301076,1909f56bfc062723c751e8b465ee728b)  -> (artifact id: 'de1cdd0eaa9c77527ec76ef77b33f6b7') in 0.061959 seconds 
========================================================================
Received Import Request.
  Time since last request: 526.502442 seconds.
  path: Assets/Models/Robot.fbx
  artifactKey: Guid(88a1ac1c2ca8891419f1059ee9ca453e) Importer(815301076,1909f56bfc062723c751e8b465ee728b)
Start importing Assets/Models/Robot.fbx using Guid(88a1ac1c2ca8891419f1059ee9ca453e) Importer(815301076,1909f56bfc062723c751e8b465ee728b)  -> (artifact id: '78eb1bfad787fc26e19ca00cb38318dd') in 0.233873 seconds 
========================================================================
Received Import Request.
  Time since last request: 22.392208 seconds.
  path: Assets/Models/Robot.fbx
  artifactKey: Guid(88a1ac1c2ca8891419f1059ee9ca453e) Importer(815301076,1909f56bfc062723c751e8b465ee728b)
Start importing Assets/Models/Robot.fbx using Guid(88a1ac1c2ca8891419f1059ee9ca453e) Importer(815301076,1909f56bfc062723c751e8b465ee728b)  -> (artifact id: '69641908ac10ebd57939ed7b356db9f7') in 0.024649 seconds 
========================================================================
Received Import Request.
  Time since last request: 18.866979 seconds.
  path: Assets/Materieal/Bace Material.mat
  artifactKey: Guid(afc372626f32f7b4492dd0d50aa143ae) Importer(815301076,1909f56bfc062723c751e8b465ee728b)
Start importing Assets/Materieal/Bace Material.mat using Guid(afc372626f32f7b4492dd0d50aa143ae) Importer(815301076,1909f56bfc062723c751e8b465ee728b)  -> (artifact id: '50ee4659c5375a403d9c4bf5c0903969') in 0.234169 seconds 
========================================================================
Received Import Request.
  Time since last request: 0.000027 seconds.
  path: Assets/Materieal/Yellow Material.mat
  artifactKey: Guid(b32be044c56eb6d44a0ef31ea62abb6a) Importer(815301076,1909f56bfc062723c751e8b465ee728b)
Start importing Assets/Materieal/Yellow Material.mat using Guid(b32be044c56eb6d44a0ef31ea62abb6a) Importer(815301076,1909f56bfc062723c751e8b465ee728b)  -> (artifact id: 'b9195deec05da018c4cbec028c599a09') in 0.031134 seconds 
========================================================================
Received Import Request.
  Time since last request: 270.610227 seconds.
  path: Assets/[Prefect]/Robot.prefab
  artifactKey: Guid(25cee3083ec828641a1c4b97922c4c2b) Importer(815301076,1909f56bfc062723c751e8b465ee728b)
Start importing Assets/[Prefect]/Robot.prefab using Guid(25cee3083ec828641a1c4b97922c4c2b) Importer(815301076,1909f56bfc062723c751e8b465ee728b)  -> (artifact id: '6c55932dd284961b83f2787d5e756f12') in 0.030065 seconds 
========================================================================
Received Import Request.
  Time since last request: 1039.714139 seconds.
  path: Assets/[Script]
  artifactKey: Guid(25d0b3f73b3ccb44981de53e6ce242b6) Importer(815301076,1909f56bfc062723c751e8b465ee728b)
Start importing Assets/[Script] using Guid(25d0b3f73b3ccb44981de53e6ce242b6) Importer(815301076,1909f56bfc062723c751e8b465ee728b)  -> (artifact id: 'e22788c571b45aa83c07f581d5b0e3b3') in 0.017322 seconds 
========================================================================
Received Import Request.
  Time since last request: 11.938075 seconds.
  path: Assets/[Script]/AI Controller.cs
  artifactKey: Guid(a04ac9ecc379f8742a3aa0a44524ce08) Importer(815301076,1909f56bfc062723c751e8b465ee728b)
Start importing Assets/[Script]/AI Controller.cs using Guid(a04ac9ecc379f8742a3aa0a44524ce08) Importer(815301076,1909f56bfc062723c751e8b465ee728b)  -> (artifact id: '12a304445f44fc0a29192ff920b545e5') in 0.033344 seconds 
========================================================================
Received Prepare
Registering precompiled user dll's ...
Registered in 0.009176 seconds.
Begin MonoManager ReloadAssembly
Symbol file LoadedFromMemory doesn't match image E:\George Brown College\Sumester-EX2\GAME3004\Lab\Game3004-W2022-Lab\Lab2\Lab2\Library\PackageCache\com.unity.visualscripting@1.7.6\Editor\VisualScripting.Core\Dependencies\YamlDotNet\Unity.VisualScripting.YamlDotNet.dll
Symbol file LoadedFromMemory doesn't match image E:\George Brown College\Sumester-EX2\GAME3004\Lab\Game3004-W2022-Lab\Lab2\Lab2\Library\PackageCache\com.unity.visualscripting@1.7.6\Editor\VisualScripting.Core\Dependencies\DotNetZip\Unity.VisualScripting.IonicZip.dll
Native extension for WindowsStandalone target not found
Refreshing native plugins compatible for Editor in 1.14 ms, found 4 plugins.
Preloading 0 native plugins for Editor in 0.00 ms.
Mono: successfully reloaded assembly
- Completed reload, in  1.498 seconds
Domain Reload Profiling:
	ReloadAssembly (1499ms)
		BeginReloadAssembly (378ms)
			ExecutionOrderSort (0ms)
			DisableScriptedObjects (12ms)
			BackupInstance (0ms)
			ReleaseScriptingObjects (1ms)
			CreateAndSetChildDomain (135ms)
		EndReloadAssembly (1004ms)
			LoadAssemblies (171ms)
			RebuildTransferFunctionScriptingTraits (0ms)
			SetupTypeCache (405ms)
			ReleaseScriptCaches (1ms)
			RebuildScriptCaches (49ms)
			SetupLoadedEditorAssemblies (392ms)
				LogAssemblyErrors (0ms)
				InitializePlatformSupportModulesInManaged (14ms)
				SetLoadedEditorAssemblies (1ms)
				RefreshPlugins (1ms)
				BeforeProcessingInitializeOnLoad (74ms)
				ProcessInitializeOnLoadAttributes (272ms)
				ProcessInitializeOnLoadMethodAttributes (26ms)
				AfterProcessingInitializeOnLoad (3ms)
				EditorAssembliesLoaded (0ms)
			ExecutionOrderSort2 (0ms)
			AwakeInstancesAfterBackupRestoration (17ms)
Platform modules already initialized, skipping
Refreshing native plugins compatible for Editor in 0.91 ms, found 4 plugins.
Preloading 0 native plugins for Editor in 0.00 ms.
Unloading 3439 Unused Serialized files (Serialized files now loaded: 0)
Unloading 22 unused Assets / (24.6 KB). Loaded Objects now: 3960.
Memory consumption went from 125.9 MB to 125.9 MB.
Total: 3.961200 ms (FindLiveObjects: 0.296000 ms CreateObjectMapping: 0.232300 ms MarkObjects: 3.407700 ms  DeleteObjects: 0.023400 ms)

AssetImportParameters requested are different than current active one (requested -> active):
  custom:video-decoder-ogg-theora: a1e56fd34408186e4bbccfd4996cb3dc -> 
  custom:container-muxer-webm: aa71ff27fc2769a1b78a27578f13a17b -> 
  custom:container-demuxer-webm: 4f35f7cbe854078d1ac9338744f61a02 -> 
  custom:video-encoder-webm-vp8: eb34c28f22e8b96e1ab97ce403110664 -> 
  custom:video-codec-MediaFoundation-h265: 746d11721c4dcdbdad8f713fa42b33f4 -> 
  custom:audio-encoder-webm-vorbis: bf7c407c2cedff20999df2af8eb42d56 -> 
  custom:framework-win-MediaFoundation: 216162199b28c13a410421893ffa2e32 -> 
  custom:container-demuxer-ogg: 62fdf1f143b41e24485cea50d1cbac27 -> 
  custom:video-decoder-webm-vp8: 9c59270c3fd7afecdb556c50c9e8de78 -> 
  custom:audio-decoder-ogg-vorbis: bf7c407c2cedff20999df2af8eb42d56 -> 
========================================================================
Received Import Request.
  Time since last request: 179.096823 seconds.
  path: Assets/[Script]/CameraController.cs
  artifactKey: Guid(51dbf8812e33fa1458a8f3182718f883) Importer(815301076,1909f56bfc062723c751e8b465ee728b)
Start importing Assets/[Script]/CameraController.cs using Guid(51dbf8812e33fa1458a8f3182718f883) Importer(815301076,1909f56bfc062723c751e8b465ee728b)  -> (artifact id: '5c1104bbc2f2e7cf15671ab8f9943248') in 0.025053 seconds 
========================================================================
Received Import Request.
  Time since last request: 14.455674 seconds.
  path: Assets/[Script]/AIController.cs
  artifactKey: Guid(a04ac9ecc379f8742a3aa0a44524ce08) Importer(815301076,1909f56bfc062723c751e8b465ee728b)
Start importing Assets/[Script]/AIController.cs using Guid(a04ac9ecc379f8742a3aa0a44524ce08) Importer(815301076,1909f56bfc062723c751e8b465ee728b)  -> (artifact id: 'dd2e02c064b654df94422da5ada4a006') in 0.013608 seconds 
========================================================================
Received Prepare
Registering precompiled user dll's ...
Registered in 0.010407 seconds.
Begin MonoManager ReloadAssembly
Symbol file LoadedFromMemory doesn't match image E:\George Brown College\Sumester-EX2\GAME3004\Lab\Game3004-W2022-Lab\Lab2\Lab2\Library\PackageCache\com.unity.visualscripting@1.7.6\Editor\VisualScripting.Core\Dependencies\YamlDotNet\Unity.VisualScripting.YamlDotNet.dll
Symbol file LoadedFromMemory doesn't match image E:\George Brown College\Sumester-EX2\GAME3004\Lab\Game3004-W2022-Lab\Lab2\Lab2\Library\PackageCache\com.unity.visualscripting@1.7.6\Editor\VisualScripting.Core\Dependencies\DotNetZip\Unity.VisualScripting.IonicZip.dll
Native extension for WindowsStandalone target not found
Refreshing native plugins compatible for Editor in 0.57 ms, found 4 plugins.
Preloading 0 native plugins for Editor in 0.00 ms.
Mono: successfully reloaded assembly
- Completed reload, in  1.279 seconds
Domain Reload Profiling:
	ReloadAssembly (1280ms)
		BeginReloadAssembly (218ms)
			ExecutionOrderSort (0ms)
			DisableScriptedObjects (7ms)
			BackupInstance (0ms)
			ReleaseScriptingObjects (0ms)
			CreateAndSetChildDomain (48ms)
		EndReloadAssembly (917ms)
			LoadAssemblies (151ms)
			RebuildTransferFunctionScriptingTraits (0ms)
			SetupTypeCache (341ms)
			ReleaseScriptCaches (1ms)
			RebuildScriptCaches (50ms)
			SetupLoadedEditorAssemblies (383ms)
				LogAssemblyErrors (0ms)
				InitializePlatformSupportModulesInManaged (13ms)
				SetLoadedEditorAssemblies (0ms)
				RefreshPlugins (1ms)
				BeforeProcessingInitializeOnLoad (83ms)
				ProcessInitializeOnLoadAttributes (258ms)
				ProcessInitializeOnLoadMethodAttributes (25ms)
				AfterProcessingInitializeOnLoad (3ms)
				EditorAssembliesLoaded (0ms)
			ExecutionOrderSort2 (0ms)
			AwakeInstancesAfterBackupRestoration (16ms)
Platform modules already initialized, skipping
Refreshing native plugins compatible for Editor in 0.94 ms, found 4 plugins.
Preloading 0 native plugins for Editor in 0.00 ms.
Unloading 3438 Unused Serialized files (Serialized files now loaded: 0)
Unloading 22 unused Assets / (24.6 KB). Loaded Objects now: 3962.
Memory consumption went from 125.9 MB to 125.9 MB.
Total: 3.077700 ms (FindLiveObjects: 0.336100 ms CreateObjectMapping: 0.222600 ms MarkObjects: 2.496800 ms  DeleteObjects: 0.021000 ms)

AssetImportParameters requested are different than current active one (requested -> active):
  custom:video-decoder-ogg-theora: a1e56fd34408186e4bbccfd4996cb3dc -> 
  custom:container-muxer-webm: aa71ff27fc2769a1b78a27578f13a17b -> 
  custom:container-demuxer-webm: 4f35f7cbe854078d1ac9338744f61a02 -> 
  custom:video-encoder-webm-vp8: eb34c28f22e8b96e1ab97ce403110664 -> 
  custom:video-codec-MediaFoundation-h265: 746d11721c4dcdbdad8f713fa42b33f4 -> 
  custom:audio-encoder-webm-vorbis: bf7c407c2cedff20999df2af8eb42d56 -> 
  custom:framework-win-MediaFoundation: 216162199b28c13a410421893ffa2e32 -> 
  custom:container-demuxer-ogg: 62fdf1f143b41e24485cea50d1cbac27 -> 
  custom:video-decoder-webm-vp8: 9c59270c3fd7afecdb556c50c9e8de78 -> 
  custom:audio-decoder-ogg-vorbis: bf7c407c2cedff20999df2af8eb42d56 -> 
========================================================================
Received Import Request.
  Time since last request: 124.499845 seconds.
  path: Assets/[Script]/AIController.cs
  artifactKey: Guid(a04ac9ecc379f8742a3aa0a44524ce08) Importer(815301076,1909f56bfc062723c751e8b465ee728b)
Start importing Assets/[Script]/AIController.cs using Guid(a04ac9ecc379f8742a3aa0a44524ce08) Importer(815301076,1909f56bfc062723c751e8b465ee728b)  -> (artifact id: 'd4578b83b19ffb0c4630c19a55f1d772') in 0.015954 seconds 
========================================================================
Received Prepare
Registering precompiled user dll's ...
Registered in 0.010939 seconds.
Begin MonoManager ReloadAssembly
Symbol file LoadedFromMemory doesn't match image E:\George Brown College\Sumester-EX2\GAME3004\Lab\Game3004-W2022-Lab\Lab2\Lab2\Library\PackageCache\com.unity.visualscripting@1.7.6\Editor\VisualScripting.Core\Dependencies\YamlDotNet\Unity.VisualScripting.YamlDotNet.dll
Symbol file LoadedFromMemory doesn't match image E:\George Brown College\Sumester-EX2\GAME3004\Lab\Game3004-W2022-Lab\Lab2\Lab2\Library\PackageCache\com.unity.visualscripting@1.7.6\Editor\VisualScripting.Core\Dependencies\DotNetZip\Unity.VisualScripting.IonicZip.dll
Native extension for WindowsStandalone target not found
Refreshing native plugins compatible for Editor in 0.68 ms, found 4 plugins.
Preloading 0 native plugins for Editor in 0.00 ms.
Mono: successfully reloaded assembly
- Completed reload, in  1.381 seconds
Domain Reload Profiling:
	ReloadAssembly (1382ms)
		BeginReloadAssembly (286ms)
			ExecutionOrderSort (0ms)
			DisableScriptedObjects (17ms)
			BackupInstance (0ms)
			ReleaseScriptingObjects (0ms)
			CreateAndSetChildDomain (82ms)
		EndReloadAssembly (956ms)
			LoadAssemblies (175ms)
			RebuildTransferFunctionScriptingTraits (0ms)
			SetupTypeCache (357ms)
			ReleaseScriptCaches (1ms)
			RebuildScriptCaches (45ms)
			SetupLoadedEditorAssemblies (382ms)
				LogAssemblyErrors (0ms)
				InitializePlatformSupportModulesInManaged (16ms)
				SetLoadedEditorAssemblies (1ms)
				RefreshPlugins (1ms)
				BeforeProcessingInitializeOnLoad (79ms)
				ProcessInitializeOnLoadAttributes (254ms)
				ProcessInitializeOnLoadMethodAttributes (28ms)
				AfterProcessingInitializeOnLoad (3ms)
				EditorAssembliesLoaded (0ms)
			ExecutionOrderSort2 (0ms)
			AwakeInstancesAfterBackupRestoration (16ms)
Platform modules already initialized, skipping
Refreshing native plugins compatible for Editor in 0.97 ms, found 4 plugins.
Preloading 0 native plugins for Editor in 0.00 ms.
Unloading 3438 Unused Serialized files (Serialized files now loaded: 0)
Unloading 22 unused Assets / (24.6 KB). Loaded Objects now: 3964.
Memory consumption went from 125.8 MB to 125.8 MB.
Total: 4.243800 ms (FindLiveObjects: 0.474300 ms CreateObjectMapping: 0.352900 ms MarkObjects: 3.387900 ms  DeleteObjects: 0.027000 ms)

AssetImportParameters requested are different than current active one (requested -> active):
  custom:video-decoder-ogg-theora: a1e56fd34408186e4bbccfd4996cb3dc -> 
  custom:container-muxer-webm: aa71ff27fc2769a1b78a27578f13a17b -> 
  custom:container-demuxer-webm: 4f35f7cbe854078d1ac9338744f61a02 -> 
  custom:video-encoder-webm-vp8: eb34c28f22e8b96e1ab97ce403110664 -> 
  custom:video-codec-MediaFoundation-h265: 746d11721c4dcdbdad8f713fa42b33f4 -> 
  custom:audio-encoder-webm-vorbis: bf7c407c2cedff20999df2af8eb42d56 -> 
  custom:framework-win-MediaFoundation: 216162199b28c13a410421893ffa2e32 -> 
  custom:container-demuxer-ogg: 62fdf1f143b41e24485cea50d1cbac27 -> 
  custom:video-decoder-webm-vp8: 9c59270c3fd7afecdb556c50c9e8de78 -> 
  custom:audio-decoder-ogg-vorbis: bf7c407c2cedff20999df2af8eb42d56 -> 
========================================================================
Received Import Request.
  Time since last request: 35.637305 seconds.
  path: Assets/[Prefect]/Player.prefab
  artifactKey: Guid(776f6a62bf966a144ad50f47a104d35d) Importer(815301076,1909f56bfc062723c751e8b465ee728b)
Start importing Assets/[Prefect]/Player.prefab using Guid(776f6a62bf966a144ad50f47a104d35d) Importer(815301076,1909f56bfc062723c751e8b465ee728b) Tried select unknown importer for id '-2' '00000000000000000000000000000000'
 -> (artifact id: '9d0518dbcac855931e789f6f9607a625') in 0.089038 seconds 
========================================================================
Received Prepare
Registering precompiled user dll's ...
Registered in 0.012709 seconds.
Begin MonoManager ReloadAssembly
Symbol file LoadedFromMemory doesn't match image E:\George Brown College\Sumester-EX2\GAME3004\Lab\Game3004-W2022-Lab\Lab2\Lab2\Library\PackageCache\com.unity.visualscripting@1.7.6\Editor\VisualScripting.Core\Dependencies\YamlDotNet\Unity.VisualScripting.YamlDotNet.dll
Symbol file LoadedFromMemory doesn't match image E:\George Brown College\Sumester-EX2\GAME3004\Lab\Game3004-W2022-Lab\Lab2\Lab2\Library\PackageCache\com.unity.visualscripting@1.7.6\Editor\VisualScripting.Core\Dependencies\DotNetZip\Unity.VisualScripting.IonicZip.dll
Native extension for WindowsStandalone target not found
Refreshing native plugins compatible for Editor in 0.70 ms, found 4 plugins.
Preloading 0 native plugins for Editor in 0.00 ms.
Mono: successfully reloaded assembly
- Completed reload, in  1.297 seconds
Domain Reload Profiling:
	ReloadAssembly (1298ms)
		BeginReloadAssembly (172ms)
			ExecutionOrderSort (0ms)
			DisableScriptedObjects (7ms)
			BackupInstance (0ms)
			ReleaseScriptingObjects (0ms)
			CreateAndSetChildDomain (40ms)
		EndReloadAssembly (1017ms)
			LoadAssemblies (117ms)
			RebuildTransferFunctionScriptingTraits (0ms)
			SetupTypeCache (295ms)
			ReleaseScriptCaches (1ms)
			RebuildScriptCaches (72ms)
			SetupLoadedEditorAssemblies (461ms)
				LogAssemblyErrors (0ms)
				InitializePlatformSupportModulesInManaged (17ms)
				SetLoadedEditorAssemblies (1ms)
				RefreshPlugins (1ms)
				BeforeProcessingInitializeOnLoad (89ms)
				ProcessInitializeOnLoadAttributes (304ms)
				ProcessInitializeOnLoadMethodAttributes (45ms)
				AfterProcessingInitializeOnLoad (4ms)
				EditorAssembliesLoaded (0ms)
			ExecutionOrderSort2 (0ms)
			AwakeInstancesAfterBackupRestoration (24ms)
Platform modules already initialized, skipping
Refreshing native plugins compatible for Editor in 0.81 ms, found 4 plugins.
Preloading 0 native plugins for Editor in 0.00 ms.
Unloading 3438 Unused Serialized files (Serialized files now loaded: 0)
Unloading 22 unused Assets / (24.5 KB). Loaded Objects now: 3968.
Memory consumption went from 126.0 MB to 126.0 MB.
Total: 4.130600 ms (FindLiveObjects: 0.576000 ms CreateObjectMapping: 0.589900 ms MarkObjects: 2.938700 ms  DeleteObjects: 0.024700 ms)

AssetImportParameters requested are different than current active one (requested -> active):
  custom:video-decoder-ogg-theora: a1e56fd34408186e4bbccfd4996cb3dc -> 
  custom:container-muxer-webm: aa71ff27fc2769a1b78a27578f13a17b -> 
  custom:container-demuxer-webm: 4f35f7cbe854078d1ac9338744f61a02 -> 
  custom:video-encoder-webm-vp8: eb34c28f22e8b96e1ab97ce403110664 -> 
  custom:video-codec-MediaFoundation-h265: 746d11721c4dcdbdad8f713fa42b33f4 -> 
  custom:audio-encoder-webm-vorbis: bf7c407c2cedff20999df2af8eb42d56 -> 
  custom:framework-win-MediaFoundation: 216162199b28c13a410421893ffa2e32 -> 
  custom:container-demuxer-ogg: 62fdf1f143b41e24485cea50d1cbac27 -> 
  custom:video-decoder-webm-vp8: 9c59270c3fd7afecdb556c50c9e8de78 -> 
  custom:audio-decoder-ogg-vorbis: bf7c407c2cedff20999df2af8eb42d56 -> 
========================================================================
Received Prepare
Registering precompiled user dll's ...
Registered in 0.007527 seconds.
Begin MonoManager ReloadAssembly
Symbol file LoadedFromMemory doesn't match image E:\George Brown College\Sumester-EX2\GAME3004\Lab\Game3004-W2022-Lab\Lab2\Lab2\Library\PackageCache\com.unity.visualscripting@1.7.6\Editor\VisualScripting.Core\Dependencies\YamlDotNet\Unity.VisualScripting.YamlDotNet.dll
Symbol file LoadedFromMemory doesn't match image E:\George Brown College\Sumester-EX2\GAME3004\Lab\Game3004-W2022-Lab\Lab2\Lab2\Library\PackageCache\com.unity.visualscripting@1.7.6\Editor\VisualScripting.Core\Dependencies\DotNetZip\Unity.VisualScripting.IonicZip.dll
Native extension for WindowsStandalone target not found
Refreshing native plugins compatible for Editor in 0.62 ms, found 4 plugins.
Preloading 0 native plugins for Editor in 0.00 ms.
Mono: successfully reloaded assembly
- Completed reload, in  1.391 seconds
Domain Reload Profiling:
	ReloadAssembly (1392ms)
		BeginReloadAssembly (192ms)
			ExecutionOrderSort (0ms)
			DisableScriptedObjects (7ms)
			BackupInstance (0ms)
			ReleaseScriptingObjects (0ms)
			CreateAndSetChildDomain (45ms)
		EndReloadAssembly (1066ms)
			LoadAssemblies (135ms)
			RebuildTransferFunctionScriptingTraits (0ms)
			SetupTypeCache (375ms)
			ReleaseScriptCaches (2ms)
			RebuildScriptCaches (67ms)
			SetupLoadedEditorAssemblies (441ms)
				LogAssemblyErrors (0ms)
				InitializePlatformSupportModulesInManaged (17ms)
				SetLoadedEditorAssemblies (1ms)
				RefreshPlugins (1ms)
				BeforeProcessingInitializeOnLoad (83ms)
				ProcessInitializeOnLoadAttributes (303ms)
				ProcessInitializeOnLoadMethodAttributes (32ms)
				AfterProcessingInitializeOnLoad (3ms)
				EditorAssembliesLoaded (0ms)
			ExecutionOrderSort2 (0ms)
			AwakeInstancesAfterBackupRestoration (20ms)
Platform modules already initialized, skipping
Refreshing native plugins compatible for Editor in 1.42 ms, found 4 plugins.
Preloading 0 native plugins for Editor in 0.00 ms.
Unloading 3438 Unused Serialized files (Serialized files now loaded: 0)
Unloading 22 unused Assets / (24.6 KB). Loaded Objects now: 3970.
Memory consumption went from 126.1 MB to 126.1 MB.
Total: 4.083000 ms (FindLiveObjects: 0.771200 ms CreateObjectMapping: 0.688700 ms MarkObjects: 2.597500 ms  DeleteObjects: 0.023400 ms)

AssetImportParameters requested are different than current active one (requested -> active):
  custom:video-decoder-ogg-theora: a1e56fd34408186e4bbccfd4996cb3dc -> 
  custom:container-muxer-webm: aa71ff27fc2769a1b78a27578f13a17b -> 
  custom:container-demuxer-webm: 4f35f7cbe854078d1ac9338744f61a02 -> 
  custom:video-encoder-webm-vp8: eb34c28f22e8b96e1ab97ce403110664 -> 
  custom:video-codec-MediaFoundation-h265: 746d11721c4dcdbdad8f713fa42b33f4 -> 
  custom:audio-encoder-webm-vorbis: bf7c407c2cedff20999df2af8eb42d56 -> 
  custom:framework-win-MediaFoundation: 216162199b28c13a410421893ffa2e32 -> 
  custom:container-demuxer-ogg: 62fdf1f143b41e24485cea50d1cbac27 -> 
  custom:video-decoder-webm-vp8: 9c59270c3fd7afecdb556c50c9e8de78 -> 
  custom:audio-decoder-ogg-vorbis: bf7c407c2cedff20999df2af8eb42d56 -> 
========================================================================
Received Prepare
Registering precompiled user dll's ...
Registered in 0.011458 seconds.
Begin MonoManager ReloadAssembly
Symbol file LoadedFromMemory doesn't match image E:\George Brown College\Sumester-EX2\GAME3004\Lab\Game3004-W2022-Lab\Lab2\Lab2\Library\PackageCache\com.unity.visualscripting@1.7.6\Editor\VisualScripting.Core\Dependencies\YamlDotNet\Unity.VisualScripting.YamlDotNet.dll
Symbol file LoadedFromMemory doesn't match image E:\George Brown College\Sumester-EX2\GAME3004\Lab\Game3004-W2022-Lab\Lab2\Lab2\Library\PackageCache\com.unity.visualscripting@1.7.6\Editor\VisualScripting.Core\Dependencies\DotNetZip\Unity.VisualScripting.IonicZip.dll
Native extension for WindowsStandalone target not found
Refreshing native plugins compatible for Editor in 0.56 ms, found 4 plugins.
Preloading 0 native plugins for Editor in 0.00 ms.
Mono: successfully reloaded assembly
- Completed reload, in  1.123 seconds
Domain Reload Profiling:
	ReloadAssembly (1124ms)
		BeginReloadAssembly (181ms)
			ExecutionOrderSort (0ms)
			DisableScriptedObjects (7ms)
			BackupInstance (0ms)
			ReleaseScriptingObjects (0ms)
			CreateAndSetChildDomain (43ms)
		EndReloadAssembly (834ms)
			LoadAssemblies (118ms)
			RebuildTransferFunctionScriptingTraits (0ms)
			SetupTypeCache (290ms)
			ReleaseScriptCaches (1ms)
			RebuildScriptCaches (44ms)
			SetupLoadedEditorAssemblies (363ms)
				LogAssemblyErrors (0ms)
				InitializePlatformSupportModulesInManaged (12ms)
				SetLoadedEditorAssemblies (0ms)
				RefreshPlugins (1ms)
				BeforeProcessingInitializeOnLoad (62ms)
				ProcessInitializeOnLoadAttributes (245ms)
				ProcessInitializeOnLoadMethodAttributes (38ms)
				AfterProcessingInitializeOnLoad (4ms)
				EditorAssembliesLoaded (0ms)
			ExecutionOrderSort2 (0ms)
			AwakeInstancesAfterBackupRestoration (18ms)
Platform modules already initialized, skipping
Refreshing native plugins compatible for Editor in 0.60 ms, found 4 plugins.
Preloading 0 native plugins for Editor in 0.00 ms.
Unloading 3438 Unused Serialized files (Serialized files now loaded: 0)
Unloading 22 unused Assets / (24.6 KB). Loaded Objects now: 3972.
Memory consumption went from 126.2 MB to 126.1 MB.
Total: 3.052000 ms (FindLiveObjects: 0.286200 ms CreateObjectMapping: 0.213800 ms MarkObjects: 2.531500 ms  DeleteObjects: 0.019400 ms)

AssetImportParameters requested are different than current active one (requested -> active):
  custom:video-decoder-ogg-theora: a1e56fd34408186e4bbccfd4996cb3dc -> 
  custom:container-muxer-webm: aa71ff27fc2769a1b78a27578f13a17b -> 
  custom:container-demuxer-webm: 4f35f7cbe854078d1ac9338744f61a02 -> 
  custom:video-encoder-webm-vp8: eb34c28f22e8b96e1ab97ce403110664 -> 
  custom:video-codec-MediaFoundation-h265: 746d11721c4dcdbdad8f713fa42b33f4 -> 
  custom:audio-encoder-webm-vorbis: bf7c407c2cedff20999df2af8eb42d56 -> 
  custom:framework-win-MediaFoundation: 216162199b28c13a410421893ffa2e32 -> 
  custom:container-demuxer-ogg: 62fdf1f143b41e24485cea50d1cbac27 -> 
  custom:video-decoder-webm-vp8: 9c59270c3fd7afecdb556c50c9e8de78 -> 
  custom:audio-decoder-ogg-vorbis: bf7c407c2cedff20999df2af8eb42d56 -> 
========================================================================
Received Prepare
Registering precompiled user dll's ...
Registered in 0.008950 seconds.
Begin MonoManager ReloadAssembly
Symbol file LoadedFromMemory doesn't match image E:\George Brown College\Sumester-EX2\GAME3004\Lab\Game3004-W2022-Lab\Lab2\Lab2\Library\PackageCache\com.unity.visualscripting@1.7.6\Editor\VisualScripting.Core\Dependencies\YamlDotNet\Unity.VisualScripting.YamlDotNet.dll
Symbol file LoadedFromMemory doesn't match image E:\George Brown College\Sumester-EX2\GAME3004\Lab\Game3004-W2022-Lab\Lab2\Lab2\Library\PackageCache\com.unity.visualscripting@1.7.6\Editor\VisualScripting.Core\Dependencies\DotNetZip\Unity.VisualScripting.IonicZip.dll
Native extension for WindowsStandalone target not found
Refreshing native plugins compatible for Editor in 2.40 ms, found 4 plugins.
Preloading 0 native plugins for Editor in 0.00 ms.
Mono: successfully reloaded assembly
- Completed reload, in  1.356 seconds
Domain Reload Profiling:
	ReloadAssembly (1357ms)
		BeginReloadAssembly (174ms)
			ExecutionOrderSort (0ms)
			DisableScriptedObjects (6ms)
			BackupInstance (0ms)
			ReleaseScriptingObjects (0ms)
			CreateAndSetChildDomain (40ms)
		EndReloadAssembly (1068ms)
			LoadAssemblies (121ms)
			RebuildTransferFunctionScriptingTraits (0ms)
			SetupTypeCache (362ms)
			ReleaseScriptCaches (2ms)
			RebuildScriptCaches (63ms)
			SetupLoadedEditorAssemblies (467ms)
				LogAssemblyErrors (0ms)
				InitializePlatformSupportModulesInManaged (17ms)
				SetLoadedEditorAssemblies (1ms)
				RefreshPlugins (3ms)
				BeforeProcessingInitializeOnLoad (85ms)
				ProcessInitializeOnLoadAttributes (323ms)
				ProcessInitializeOnLoadMethodAttributes (34ms)
				AfterProcessingInitializeOnLoad (4ms)
				EditorAssembliesLoaded (0ms)
			ExecutionOrderSort2 (0ms)
			AwakeInstancesAfterBackupRestoration (23ms)
Platform modules already initialized, skipping
Refreshing native plugins compatible for Editor in 0.78 ms, found 4 plugins.
Preloading 0 native plugins for Editor in 0.00 ms.
Unloading 3438 Unused Serialized files (Serialized files now loaded: 0)
Unloading 22 unused Assets / (24.6 KB). Loaded Objects now: 3974.
Memory consumption went from 126.1 MB to 126.0 MB.
Total: 4.152700 ms (FindLiveObjects: 0.321600 ms CreateObjectMapping: 0.349200 ms MarkObjects: 3.455000 ms  DeleteObjects: 0.025600 ms)

AssetImportParameters requested are different than current active one (requested -> active):
  custom:video-decoder-ogg-theora: a1e56fd34408186e4bbccfd4996cb3dc -> 
  custom:container-muxer-webm: aa71ff27fc2769a1b78a27578f13a17b -> 
  custom:container-demuxer-webm: 4f35f7cbe854078d1ac9338744f61a02 -> 
  custom:video-encoder-webm-vp8: eb34c28f22e8b96e1ab97ce403110664 -> 
  custom:video-codec-MediaFoundation-h265: 746d11721c4dcdbdad8f713fa42b33f4 -> 
  custom:audio-encoder-webm-vorbis: bf7c407c2cedff20999df2af8eb42d56 -> 
  custom:framework-win-MediaFoundation: 216162199b28c13a410421893ffa2e32 -> 
  custom:container-demuxer-ogg: 62fdf1f143b41e24485cea50d1cbac27 -> 
  custom:video-decoder-webm-vp8: 9c59270c3fd7afecdb556c50c9e8de78 -> 
  custom:audio-decoder-ogg-vorbis: bf7c407c2cedff20999df2af8eb42d56 -> 
========================================================================
Received Prepare
Registering precompiled user dll's ...
Registered in 0.009392 seconds.
Begin MonoManager ReloadAssembly
Symbol file LoadedFromMemory doesn't match image E:\George Brown College\Sumester-EX2\GAME3004\Lab\Game3004-W2022-Lab\Lab2\Lab2\Library\PackageCache\com.unity.visualscripting@1.7.6\Editor\VisualScripting.Core\Dependencies\YamlDotNet\Unity.VisualScripting.YamlDotNet.dll
Symbol file LoadedFromMemory doesn't match image E:\George Brown College\Sumester-EX2\GAME3004\Lab\Game3004-W2022-Lab\Lab2\Lab2\Library\PackageCache\com.unity.visualscripting@1.7.6\Editor\VisualScripting.Core\Dependencies\DotNetZip\Unity.VisualScripting.IonicZip.dll
Native extension for WindowsStandalone target not found
Refreshing native plugins compatible for Editor in 0.86 ms, found 4 plugins.
Preloading 0 native plugins for Editor in 0.00 ms.
Mono: successfully reloaded assembly
- Completed reload, in  1.588 seconds
Domain Reload Profiling:
	ReloadAssembly (1589ms)
		BeginReloadAssembly (194ms)
			ExecutionOrderSort (0ms)
			DisableScriptedObjects (7ms)
			BackupInstance (0ms)
			ReleaseScriptingObjects (0ms)
			CreateAndSetChildDomain (45ms)
		EndReloadAssembly (1255ms)
			LoadAssemblies (130ms)
			RebuildTransferFunctionScriptingTraits (0ms)
			SetupTypeCache (407ms)
			ReleaseScriptCaches (1ms)
			RebuildScriptCaches (112ms)
			SetupLoadedEditorAssemblies (500ms)
				LogAssemblyErrors (0ms)
				InitializePlatformSupportModulesInManaged (18ms)
				SetLoadedEditorAssemblies (1ms)
				RefreshPlugins (1ms)
				BeforeProcessingInitializeOnLoad (91ms)
				ProcessInitializeOnLoadAttributes (346ms)
				ProcessInitializeOnLoadMethodAttributes (40ms)
				AfterProcessingInitializeOnLoad (3ms)
				EditorAssembliesLoaded (0ms)
			ExecutionOrderSort2 (0ms)
			AwakeInstancesAfterBackupRestoration (23ms)
Platform modules already initialized, skipping
Refreshing native plugins compatible for Editor in 0.76 ms, found 4 plugins.
Preloading 0 native plugins for Editor in 0.00 ms.
Unloading 3438 Unused Serialized files (Serialized files now loaded: 0)
Unloading 22 unused Assets / (24.7 KB). Loaded Objects now: 3976.
Memory consumption went from 126.1 MB to 126.1 MB.
Total: 4.269400 ms (FindLiveObjects: 0.345900 ms CreateObjectMapping: 0.344200 ms MarkObjects: 3.551200 ms  DeleteObjects: 0.026100 ms)

AssetImportParameters requested are different than current active one (requested -> active):
  custom:video-decoder-ogg-theora: a1e56fd34408186e4bbccfd4996cb3dc -> 
  custom:container-muxer-webm: aa71ff27fc2769a1b78a27578f13a17b -> 
  custom:container-demuxer-webm: 4f35f7cbe854078d1ac9338744f61a02 -> 
  custom:video-encoder-webm-vp8: eb34c28f22e8b96e1ab97ce403110664 -> 
  custom:video-codec-MediaFoundation-h265: 746d11721c4dcdbdad8f713fa42b33f4 -> 
  custom:audio-encoder-webm-vorbis: bf7c407c2cedff20999df2af8eb42d56 -> 
  custom:framework-win-MediaFoundation: 216162199b28c13a410421893ffa2e32 -> 
  custom:container-demuxer-ogg: 62fdf1f143b41e24485cea50d1cbac27 -> 
  custom:video-decoder-webm-vp8: 9c59270c3fd7afecdb556c50c9e8de78 -> 
  custom:audio-decoder-ogg-vorbis: bf7c407c2cedff20999df2af8eb42d56 -> 
========================================================================
Received Prepare
Registering precompiled user dll's ...
Registered in 0.009716 seconds.
Begin MonoManager ReloadAssembly
Symbol file LoadedFromMemory doesn't match image E:\George Brown College\Sumester-EX2\GAME3004\Lab\Game3004-W2022-Lab\Lab2\Lab2\Library\PackageCache\com.unity.visualscripting@1.7.6\Editor\VisualScripting.Core\Dependencies\YamlDotNet\Unity.VisualScripting.YamlDotNet.dll
Symbol file LoadedFromMemory doesn't match image E:\George Brown College\Sumester-EX2\GAME3004\Lab\Game3004-W2022-Lab\Lab2\Lab2\Library\PackageCache\com.unity.visualscripting@1.7.6\Editor\VisualScripting.Core\Dependencies\DotNetZip\Unity.VisualScripting.IonicZip.dll
Native extension for WindowsStandalone target not found
Refreshing native plugins compatible for Editor in 1.48 ms, found 4 plugins.
Preloading 0 native plugins for Editor in 0.00 ms.
Mono: successfully reloaded assembly
- Completed reload, in  1.295 seconds
Domain Reload Profiling:
	ReloadAssembly (1296ms)
		BeginReloadAssembly (182ms)
			ExecutionOrderSort (0ms)
			DisableScriptedObjects (9ms)
			BackupInstance (0ms)
			ReleaseScriptingObjects (0ms)
			CreateAndSetChildDomain (41ms)
		EndReloadAssembly (1018ms)
			LoadAssemblies (115ms)
			RebuildTransferFunctionScriptingTraits (0ms)
			SetupTypeCache (329ms)
			ReleaseScriptCaches (2ms)
			RebuildScriptCaches (66ms)
			SetupLoadedEditorAssemblies (446ms)
				LogAssemblyErrors (0ms)
				InitializePlatformSupportModulesInManaged (17ms)
				SetLoadedEditorAssemblies (1ms)
				RefreshPlugins (2ms)
				BeforeProcessingInitializeOnLoad (78ms)
				ProcessInitializeOnLoadAttributes (309ms)
				ProcessInitializeOnLoadMethodAttributes (35ms)
				AfterProcessingInitializeOnLoad (3ms)
				EditorAssembliesLoaded (0ms)
			ExecutionOrderSort2 (0ms)
			AwakeInstancesAfterBackupRestoration (22ms)
Platform modules already initialized, skipping
Refreshing native plugins compatible for Editor in 0.88 ms, found 4 plugins.
Preloading 0 native plugins for Editor in 0.00 ms.
Unloading 3438 Unused Serialized files (Serialized files now loaded: 0)
Unloading 22 unused Assets / (24.5 KB). Loaded Objects now: 3978.
Memory consumption went from 126.2 MB to 126.2 MB.
Total: 4.714800 ms (FindLiveObjects: 0.560600 ms CreateObjectMapping: 0.503700 ms MarkObjects: 3.616400 ms  DeleteObjects: 0.030700 ms)

AssetImportParameters requested are different than current active one (requested -> active):
  custom:video-decoder-ogg-theora: a1e56fd34408186e4bbccfd4996cb3dc -> 
  custom:container-muxer-webm: aa71ff27fc2769a1b78a27578f13a17b -> 
  custom:container-demuxer-webm: 4f35f7cbe854078d1ac9338744f61a02 -> 
  custom:video-encoder-webm-vp8: eb34c28f22e8b96e1ab97ce403110664 -> 
  custom:video-codec-MediaFoundation-h265: 746d11721c4dcdbdad8f713fa42b33f4 -> 
  custom:audio-encoder-webm-vorbis: bf7c407c2cedff20999df2af8eb42d56 -> 
  custom:framework-win-MediaFoundation: 216162199b28c13a410421893ffa2e32 -> 
  custom:container-demuxer-ogg: 62fdf1f143b41e24485cea50d1cbac27 -> 
  custom:video-decoder-webm-vp8: 9c59270c3fd7afecdb556c50c9e8de78 -> 
  custom:audio-decoder-ogg-vorbis: bf7c407c2cedff20999df2af8eb42d56 -> 
========================================================================
Received Prepare
Registering precompiled user dll's ...
Registered in 0.011896 seconds.
Begin MonoManager ReloadAssembly
Symbol file LoadedFromMemory doesn't match image E:\George Brown College\Sumester-EX2\GAME3004\Lab\Game3004-W2022-Lab\Lab2\Lab2\Library\PackageCache\com.unity.visualscripting@1.7.6\Editor\VisualScripting.Core\Dependencies\YamlDotNet\Unity.VisualScripting.YamlDotNet.dll
Symbol file LoadedFromMemory doesn't match image E:\George Brown College\Sumester-EX2\GAME3004\Lab\Game3004-W2022-Lab\Lab2\Lab2\Library\PackageCache\com.unity.visualscripting@1.7.6\Editor\VisualScripting.Core\Dependencies\DotNetZip\Unity.VisualScripting.IonicZip.dll
Native extension for WindowsStandalone target not found
Refreshing native plugins compatible for Editor in 0.97 ms, found 4 plugins.
Preloading 0 native plugins for Editor in 0.00 ms.
Mono: successfully reloaded assembly
- Completed reload, in  1.981 seconds
Domain Reload Profiling:
	ReloadAssembly (1982ms)
		BeginReloadAssembly (219ms)
			ExecutionOrderSort (0ms)
			DisableScriptedObjects (10ms)
			BackupInstance (0ms)
			ReleaseScriptingObjects (0ms)
			CreateAndSetChildDomain (47ms)
		EndReloadAssembly (1610ms)
			LoadAssemblies (161ms)
			RebuildTransferFunctionScriptingTraits (0ms)
			SetupTypeCache (507ms)
			ReleaseScriptCaches (2ms)
			RebuildScriptCaches (133ms)
			SetupLoadedEditorAssemblies (668ms)
				LogAssemblyErrors (0ms)
				InitializePlatformSupportModulesInManaged (27ms)
				SetLoadedEditorAssemblies (1ms)
				RefreshPlugins (1ms)
				BeforeProcessingInitializeOnLoad (127ms)
				ProcessInitializeOnLoadAttributes (458ms)
				ProcessInitializeOnLoadMethodAttributes (48ms)
				AfterProcessingInitializeOnLoad (6ms)
				EditorAssembliesLoaded (0ms)
			ExecutionOrderSort2 (0ms)
			AwakeInstancesAfterBackupRestoration (25ms)
Platform modules already initialized, skipping
Refreshing native plugins compatible for Editor in 1.38 ms, found 4 plugins.
Preloading 0 native plugins for Editor in 0.00 ms.
Unloading 3438 Unused Serialized files (Serialized files now loaded: 0)
Unloading 22 unused Assets / (24.6 KB). Loaded Objects now: 3980.
Memory consumption went from 126.2 MB to 126.2 MB.
Total: 6.075700 ms (FindLiveObjects: 0.673100 ms CreateObjectMapping: 0.350600 ms MarkObjects: 5.015700 ms  DeleteObjects: 0.034800 ms)

AssetImportParameters requested are different than current active one (requested -> active):
  custom:video-decoder-ogg-theora: a1e56fd34408186e4bbccfd4996cb3dc -> 
  custom:container-muxer-webm: aa71ff27fc2769a1b78a27578f13a17b -> 
  custom:container-demuxer-webm: 4f35f7cbe854078d1ac9338744f61a02 -> 
  custom:video-encoder-webm-vp8: eb34c28f22e8b96e1ab97ce403110664 -> 
  custom:video-codec-MediaFoundation-h265: 746d11721c4dcdbdad8f713fa42b33f4 -> 
  custom:audio-encoder-webm-vorbis: bf7c407c2cedff20999df2af8eb42d56 -> 
  custom:framework-win-MediaFoundation: 216162199b28c13a410421893ffa2e32 -> 
  custom:container-demuxer-ogg: 62fdf1f143b41e24485cea50d1cbac27 -> 
  custom:video-decoder-webm-vp8: 9c59270c3fd7afecdb556c50c9e8de78 -> 
  custom:audio-decoder-ogg-vorbis: bf7c407c2cedff20999df2af8eb42d56 -> 
========================================================================
Received Import Request.
  Time since last request: 1186.663006 seconds.
  path: Assets/[Prefect]/Robot.prefab
  artifactKey: Guid(25cee3083ec828641a1c4b97922c4c2b) Importer(815301076,1909f56bfc062723c751e8b465ee728b)
Start importing Assets/[Prefect]/Robot.prefab using Guid(25cee3083ec828641a1c4b97922c4c2b) Importer(815301076,1909f56bfc062723c751e8b465ee728b)  -> (artifact id: '45b0e4574a576da1d42c42c75930f191') in 0.183089 seconds 
========================================================================
Received Import Request.
  Time since last request: 70.998609 seconds.
  path: Assets/[Prefect]/Tile1.prefab
  artifactKey: Guid(5dc5fde6d9cbdd542a4414f8f4c3d7ec) Importer(815301076,1909f56bfc062723c751e8b465ee728b)
Start importing Assets/[Prefect]/Tile1.prefab using Guid(5dc5fde6d9cbdd542a4414f8f4c3d7ec) Importer(815301076,1909f56bfc062723c751e8b465ee728b)  -> (artifact id: '24bb48937ace33127ff058d4703010b8') in 0.091353 seconds 
========================================================================
Received Import Request.
  Time since last request: 38.755102 seconds.
  path: Assets/[Prefect]/Tile1.prefab
  artifactKey: Guid(5dc5fde6d9cbdd542a4414f8f4c3d7ec) Importer(815301076,1909f56bfc062723c751e8b465ee728b)
Start importing Assets/[Prefect]/Tile1.prefab using Guid(5dc5fde6d9cbdd542a4414f8f4c3d7ec) Importer(815301076,1909f56bfc062723c751e8b465ee728b)  -> (artifact id: '5f8d3abce4d9664f9766e01690ca763d') in 0.029843 seconds 
========================================================================
Received Import Request.
  Time since last request: 6.164644 seconds.
  path: Assets/[Prefect]/Tile1.prefab
  artifactKey: Guid(5dc5fde6d9cbdd542a4414f8f4c3d7ec) Importer(815301076,1909f56bfc062723c751e8b465ee728b)
Start importing Assets/[Prefect]/Tile1.prefab using Guid(5dc5fde6d9cbdd542a4414f8f4c3d7ec) Importer(815301076,1909f56bfc062723c751e8b465ee728b)  -> (artifact id: '85f7dd818859acb843324cf28670132e') in 0.725730 seconds 
========================================================================
Received Import Request.
  Time since last request: 1.346248 seconds.
  path: Assets/[Prefect]/Tile1.prefab
  artifactKey: Guid(5dc5fde6d9cbdd542a4414f8f4c3d7ec) Importer(815301076,1909f56bfc062723c751e8b465ee728b)
Start importing Assets/[Prefect]/Tile1.prefab using Guid(5dc5fde6d9cbdd542a4414f8f4c3d7ec) Importer(815301076,1909f56bfc062723c751e8b465ee728b)  -> (artifact id: 'a7dc352341e80e8990e3ec1daf09930d') in 0.205646 seconds 
========================================================================
Received Import Request.
  Time since last request: 1.116153 seconds.
  path: Assets/[Prefect]/Tile1.prefab
  artifactKey: Guid(5dc5fde6d9cbdd542a4414f8f4c3d7ec) Importer(815301076,1909f56bfc062723c751e8b465ee728b)
Start importing Assets/[Prefect]/Tile1.prefab using Guid(5dc5fde6d9cbdd542a4414f8f4c3d7ec) Importer(815301076,1909f56bfc062723c751e8b465ee728b)  -> (artifact id: '49f73be5c42208dd7a584f65b636e8d8') in 0.175305 seconds 
========================================================================
Received Import Request.
  Time since last request: 7.341706 seconds.
  path: Assets/[Prefect]/Tile1.prefab
  artifactKey: Guid(5dc5fde6d9cbdd542a4414f8f4c3d7ec) Importer(815301076,1909f56bfc062723c751e8b465ee728b)
Start importing Assets/[Prefect]/Tile1.prefab using Guid(5dc5fde6d9cbdd542a4414f8f4c3d7ec) Importer(815301076,1909f56bfc062723c751e8b465ee728b) Tried select unknown importer for id '-2' '00000000000000000000000000000000'
 -> (artifact id: '6aa591a5d66787eacca4aaffb2476cf6') in 0.133033 seconds 
========================================================================
Received Import Request.
  Time since last request: 7.349243 seconds.
  path: Assets/[Prefect]/Tile1.prefab
  artifactKey: Guid(5dc5fde6d9cbdd542a4414f8f4c3d7ec) Importer(815301076,1909f56bfc062723c751e8b465ee728b)
Start importing Assets/[Prefect]/Tile1.prefab using Guid(5dc5fde6d9cbdd542a4414f8f4c3d7ec) Importer(815301076,1909f56bfc062723c751e8b465ee728b) Tried select unknown importer for id '-2' '00000000000000000000000000000000'
 -> (artifact id: 'fed84f90ea4d92a8818bd6d08e142a30') in 0.974328 seconds 
========================================================================
Received Import Request.
  Time since last request: 0.335805 seconds.
  path: Assets/[Prefect]/Tile1.prefab
  artifactKey: Guid(5dc5fde6d9cbdd542a4414f8f4c3d7ec) Importer(815301076,1909f56bfc062723c751e8b465ee728b)
Start importing Assets/[Prefect]/Tile1.prefab using Guid(5dc5fde6d9cbdd542a4414f8f4c3d7ec) Importer(815301076,1909f56bfc062723c751e8b465ee728b) Tried select unknown importer for id '-2' '00000000000000000000000000000000'
 -> (artifact id: '357b1f76654f209d1246448968fbc287') in 0.026550 seconds 
========================================================================
Received Import Request.
  Time since last request: 1.804508 seconds.
  path: Assets/[Prefect]/Tile1.prefab
  artifactKey: Guid(5dc5fde6d9cbdd542a4414f8f4c3d7ec) Importer(815301076,1909f56bfc062723c751e8b465ee728b)
Start importing Assets/[Prefect]/Tile1.prefab using Guid(5dc5fde6d9cbdd542a4414f8f4c3d7ec) Importer(815301076,1909f56bfc062723c751e8b465ee728b) Tried select unknown importer for id '-2' '00000000000000000000000000000000'
 -> (artifact id: '1b584da4dbfd929b4b4a32093c3d3d6f') in 0.531080 seconds 
========================================================================
Received Import Request.
  Time since last request: 0.957741 seconds.
  path: Assets/[Prefect]/Tile1.prefab
  artifactKey: Guid(5dc5fde6d9cbdd542a4414f8f4c3d7ec) Importer(815301076,1909f56bfc062723c751e8b465ee728b)
Start importing Assets/[Prefect]/Tile1.prefab using Guid(5dc5fde6d9cbdd542a4414f8f4c3d7ec) Importer(815301076,1909f56bfc062723c751e8b465ee728b) Tried select unknown importer for id '-2' '00000000000000000000000000000000'
 -> (artifact id: '9315512e57c2391ffd52ceb4a7012da8') in 0.225138 seconds 
========================================================================
Received Import Request.
  Time since last request: 1.186682 seconds.
  path: Assets/[Prefect]/Tile1.prefab
  artifactKey: Guid(5dc5fde6d9cbdd542a4414f8f4c3d7ec) Importer(815301076,1909f56bfc062723c751e8b465ee728b)
Start importing Assets/[Prefect]/Tile1.prefab using Guid(5dc5fde6d9cbdd542a4414f8f4c3d7ec) Importer(815301076,1909f56bfc062723c751e8b465ee728b) Tried select unknown importer for id '-2' '00000000000000000000000000000000'
 -> (artifact id: 'fabc028b2f2f41a1615ba46d65d44b0b') in 0.376772 seconds 
========================================================================
Received Import Request.
  Time since last request: 5.692798 seconds.
  path: Assets/[Prefect]/Tile1.prefab
  artifactKey: Guid(5dc5fde6d9cbdd542a4414f8f4c3d7ec) Importer(815301076,1909f56bfc062723c751e8b465ee728b)
Start importing Assets/[Prefect]/Tile1.prefab using Guid(5dc5fde6d9cbdd542a4414f8f4c3d7ec) Importer(815301076,1909f56bfc062723c751e8b465ee728b) Tried select unknown importer for id '-2' '00000000000000000000000000000000'
 -> (artifact id: '35cb970090a36f1da3b06292fbb24d22') in 0.327341 seconds 
========================================================================
Received Import Request.
  Time since last request: 4.831728 seconds.
  path: Assets/[Prefect]/Tile1.prefab
  artifactKey: Guid(5dc5fde6d9cbdd542a4414f8f4c3d7ec) Importer(815301076,1909f56bfc062723c751e8b465ee728b)
Start importing Assets/[Prefect]/Tile1.prefab using Guid(5dc5fde6d9cbdd542a4414f8f4c3d7ec) Importer(815301076,1909f56bfc062723c751e8b465ee728b) Tried select unknown importer for id '-2' '00000000000000000000000000000000'
 -> (artifact id: '1f33a4acf40db7ecd8515682cabafded') in 0.828487 seconds 
========================================================================
Received Import Request.
  Time since last request: 0.657927 seconds.
  path: Assets/[Prefect]/Tile1.prefab
  artifactKey: Guid(5dc5fde6d9cbdd542a4414f8f4c3d7ec) Importer(815301076,1909f56bfc062723c751e8b465ee728b)
Start importing Assets/[Prefect]/Tile1.prefab using Guid(5dc5fde6d9cbdd542a4414f8f4c3d7ec) Importer(815301076,1909f56bfc062723c751e8b465ee728b) Tried select unknown importer for id '-2' '00000000000000000000000000000000'
 -> (artifact id: '3e87ac753de556b7869fa4d5aa626d93') in 0.242283 seconds 
========================================================================
Received Import Request.
  Time since last request: 1.380182 seconds.
  path: Assets/[Prefect]/Tile1.prefab
  artifactKey: Guid(5dc5fde6d9cbdd542a4414f8f4c3d7ec) Importer(815301076,1909f56bfc062723c751e8b465ee728b)
Start importing Assets/[Prefect]/Tile1.prefab using Guid(5dc5fde6d9cbdd542a4414f8f4c3d7ec) Importer(815301076,1909f56bfc062723c751e8b465ee728b) Tried select unknown importer for id '-2' '00000000000000000000000000000000'
 -> (artifact id: 'fb2b22a40cff3a787a39d348642bd5b8') in 0.216621 seconds 
========================================================================
Received Import Request.
  Time since last request: 2.786294 seconds.
  path: Assets/[Prefect]/Tile1.prefab
  artifactKey: Guid(5dc5fde6d9cbdd542a4414f8f4c3d7ec) Importer(815301076,1909f56bfc062723c751e8b465ee728b)
Start importing Assets/[Prefect]/Tile1.prefab using Guid(5dc5fde6d9cbdd542a4414f8f4c3d7ec) Importer(815301076,1909f56bfc062723c751e8b465ee728b) Tried select unknown importer for id '-2' '00000000000000000000000000000000'
 -> (artifact id: 'f1f4b633edbbec9399f5b4ca2b418137') in 0.868131 seconds 
========================================================================
Received Import Request.
  Time since last request: 0.362522 seconds.
  path: Assets/[Prefect]/Tile1.prefab
  artifactKey: Guid(5dc5fde6d9cbdd542a4414f8f4c3d7ec) Importer(815301076,1909f56bfc062723c751e8b465ee728b)
Start importing Assets/[Prefect]/Tile1.prefab using Guid(5dc5fde6d9cbdd542a4414f8f4c3d7ec) Importer(815301076,1909f56bfc062723c751e8b465ee728b) Tried select unknown importer for id '-2' '00000000000000000000000000000000'
 -> (artifact id: '7c60baef47cbdd7f5a2b46d9fa3cc2bc') in 0.066874 seconds 
========================================================================
Received Import Request.
  Time since last request: 1.841055 seconds.
  path: Assets/[Prefect]/Tile1.prefab
  artifactKey: Guid(5dc5fde6d9cbdd542a4414f8f4c3d7ec) Importer(815301076,1909f56bfc062723c751e8b465ee728b)
Start importing Assets/[Prefect]/Tile1.prefab using Guid(5dc5fde6d9cbdd542a4414f8f4c3d7ec) Importer(815301076,1909f56bfc062723c751e8b465ee728b) Tried select unknown importer for id '-2' '00000000000000000000000000000000'
 -> (artifact id: '3ff1935354a546e7fc0199a8b7048f99') in 1.022506 seconds 
========================================================================
Received Import Request.
  Time since last request: 1.670016 seconds.
  path: Assets/[Prefect]/Tile1.prefab
  artifactKey: Guid(5dc5fde6d9cbdd542a4414f8f4c3d7ec) Importer(815301076,1909f56bfc062723c751e8b465ee728b)
Start importing Assets/[Prefect]/Tile1.prefab using Guid(5dc5fde6d9cbdd542a4414f8f4c3d7ec) Importer(815301076,1909f56bfc062723c751e8b465ee728b) Tried select unknown importer for id '-2' '00000000000000000000000000000000'
 -> (artifact id: '3836e68b989d59ed53ada6ad72c5e19f') in 0.102753 seconds 
========================================================================
Received Import Request.
  Time since last request: 3.293352 seconds.
  path: Assets/[Prefect]/Tile1.prefab
  artifactKey: Guid(5dc5fde6d9cbdd542a4414f8f4c3d7ec) Importer(815301076,1909f56bfc062723c751e8b465ee728b)
Start importing Assets/[Prefect]/Tile1.prefab using Guid(5dc5fde6d9cbdd542a4414f8f4c3d7ec) Importer(815301076,1909f56bfc062723c751e8b465ee728b) Tried select unknown importer for id '-2' '00000000000000000000000000000000'
 -> (artifact id: '085174b96a30b062fc07e87c7cbed38a') in 0.035451 seconds 
========================================================================
Received Import Request.
  Time since last request: 6.597065 seconds.
  path: Assets/[Prefect]/Tile1.prefab
  artifactKey: Guid(5dc5fde6d9cbdd542a4414f8f4c3d7ec) Importer(815301076,1909f56bfc062723c751e8b465ee728b)
Start importing Assets/[Prefect]/Tile1.prefab using Guid(5dc5fde6d9cbdd542a4414f8f4c3d7ec) Importer(815301076,1909f56bfc062723c751e8b465ee728b) Tried select unknown importer for id '-2' '00000000000000000000000000000000'
 -> (artifact id: 'd766f9d1023bc780094d3a6b51f2d10c') in 1.749688 seconds 
========================================================================
Received Import Request.
  Time since last request: 2.161566 seconds.
  path: Assets/[Prefect]/Tile1.prefab
  artifactKey: Guid(5dc5fde6d9cbdd542a4414f8f4c3d7ec) Importer(815301076,1909f56bfc062723c751e8b465ee728b)
Start importing Assets/[Prefect]/Tile1.prefab using Guid(5dc5fde6d9cbdd542a4414f8f4c3d7ec) Importer(815301076,1909f56bfc062723c751e8b465ee728b) Tried select unknown importer for id '-2' '00000000000000000000000000000000'
 -> (artifact id: '1970e997380394c2f44555c2b54939b4') in 1.074168 seconds 
========================================================================
Received Import Request.
  Time since last request: 5.615561 seconds.
  path: Assets/[Prefect]/Tile1.prefab
  artifactKey: Guid(5dc5fde6d9cbdd542a4414f8f4c3d7ec) Importer(815301076,1909f56bfc062723c751e8b465ee728b)
Start importing Assets/[Prefect]/Tile1.prefab using Guid(5dc5fde6d9cbdd542a4414f8f4c3d7ec) Importer(815301076,1909f56bfc062723c751e8b465ee728b) Tried select unknown importer for id '-2' '00000000000000000000000000000000'
 -> (artifact id: 'e314d17aafb93a8410439e27c3d99918') in 0.705353 seconds 
========================================================================
Received Import Request.
  Time since last request: 2.562409 seconds.
  path: Assets/[Prefect]/Tile1.prefab
  artifactKey: Guid(5dc5fde6d9cbdd542a4414f8f4c3d7ec) Importer(815301076,1909f56bfc062723c751e8b465ee728b)
Start importing Assets/[Prefect]/Tile1.prefab using Guid(5dc5fde6d9cbdd542a4414f8f4c3d7ec) Importer(815301076,1909f56bfc062723c751e8b465ee728b) Tried select unknown importer for id '-2' '00000000000000000000000000000000'
 -> (artifact id: '935f52379be1eeb584bbe25d0f0d6583') in 0.471665 seconds 
========================================================================
Received Import Request.
  Time since last request: 44.998839 seconds.
  path: Assets/[Prefect]/Tile1.prefab
  artifactKey: Guid(5dc5fde6d9cbdd542a4414f8f4c3d7ec) Importer(815301076,1909f56bfc062723c751e8b465ee728b)
Start importing Assets/[Prefect]/Tile1.prefab using Guid(5dc5fde6d9cbdd542a4414f8f4c3d7ec) Importer(815301076,1909f56bfc062723c751e8b465ee728b) Tried select unknown importer for id '-2' '00000000000000000000000000000000'
 -> (artifact id: '5db2bad3680974461b8cde7a1962aa72') in 0.031655 seconds 
========================================================================
Received Import Request.
  Time since last request: 2.481495 seconds.
  path: Assets/[Prefect]/Tile1.prefab
  artifactKey: Guid(5dc5fde6d9cbdd542a4414f8f4c3d7ec) Importer(815301076,1909f56bfc062723c751e8b465ee728b)
Start importing Assets/[Prefect]/Tile1.prefab using Guid(5dc5fde6d9cbdd542a4414f8f4c3d7ec) Importer(815301076,1909f56bfc062723c751e8b465ee728b) Tried select unknown importer for id '-2' '00000000000000000000000000000000'
 -> (artifact id: 'f760537104e6092305b6cddb0ffd7237') in 0.333110 seconds 
========================================================================
Received Prepare
Registering precompiled user dll's ...
Registered in 0.012518 seconds.
Begin MonoManager ReloadAssembly
Symbol file LoadedFromMemory doesn't match image E:\George Brown College\Sumester-EX2\GAME3004\Lab\Game3004-W2022-Lab\Lab2\Lab2\Library\PackageCache\com.unity.visualscripting@1.7.6\Editor\VisualScripting.Core\Dependencies\YamlDotNet\Unity.VisualScripting.YamlDotNet.dll
Symbol file LoadedFromMemory doesn't match image E:\George Brown College\Sumester-EX2\GAME3004\Lab\Game3004-W2022-Lab\Lab2\Lab2\Library\PackageCache\com.unity.visualscripting@1.7.6\Editor\VisualScripting.Core\Dependencies\DotNetZip\Unity.VisualScripting.IonicZip.dll
Native extension for WindowsStandalone target not found
Refreshing native plugins compatible for Editor in 2.10 ms, found 4 plugins.
Preloading 0 native plugins for Editor in 0.00 ms.
Mono: successfully reloaded assembly
- Completed reload, in  2.774 seconds
Domain Reload Profiling:
	ReloadAssembly (2777ms)
		BeginReloadAssembly (306ms)
			ExecutionOrderSort (0ms)
			DisableScriptedObjects (9ms)
			BackupInstance (0ms)
			ReleaseScriptingObjects (0ms)
			CreateAndSetChildDomain (63ms)
		EndReloadAssembly (2289ms)
			LoadAssemblies (234ms)
			RebuildTransferFunctionScriptingTraits (0ms)
			SetupTypeCache (770ms)
			ReleaseScriptCaches (5ms)
			RebuildScriptCaches (176ms)
			SetupLoadedEditorAssemblies (918ms)
				LogAssemblyErrors (0ms)
				InitializePlatformSupportModulesInManaged (32ms)
				SetLoadedEditorAssemblies (2ms)
				RefreshPlugins (2ms)
				BeforeProcessingInitializeOnLoad (152ms)
				ProcessInitializeOnLoadAttributes (645ms)
				ProcessInitializeOnLoadMethodAttributes (75ms)
				AfterProcessingInitializeOnLoad (9ms)
				EditorAssembliesLoaded (1ms)
			ExecutionOrderSort2 (0ms)
			AwakeInstancesAfterBackupRestoration (45ms)
Platform modules already initialized, skipping
Refreshing native plugins compatible for Editor in 1.47 ms, found 4 plugins.
Preloading 0 native plugins for Editor in 0.00 ms.
Unloading 3438 Unused Serialized files (Serialized files now loaded: 0)
Unloading 22 unused Assets / (24.7 KB). Loaded Objects now: 3983.
Memory consumption went from 126.2 MB to 126.2 MB.
Total: 5.147400 ms (FindLiveObjects: 0.418700 ms CreateObjectMapping: 0.284900 ms MarkObjects: 4.413000 ms  DeleteObjects: 0.029400 ms)

AssetImportParameters requested are different than current active one (requested -> active):
  custom:video-decoder-ogg-theora: a1e56fd34408186e4bbccfd4996cb3dc -> 
  custom:container-muxer-webm: aa71ff27fc2769a1b78a27578f13a17b -> 
  custom:container-demuxer-webm: 4f35f7cbe854078d1ac9338744f61a02 -> 
  custom:video-encoder-webm-vp8: eb34c28f22e8b96e1ab97ce403110664 -> 
  custom:video-codec-MediaFoundation-h265: 746d11721c4dcdbdad8f713fa42b33f4 -> 
  custom:audio-encoder-webm-vorbis: bf7c407c2cedff20999df2af8eb42d56 -> 
  custom:framework-win-MediaFoundation: 216162199b28c13a410421893ffa2e32 -> 
  custom:container-demuxer-ogg: 62fdf1f143b41e24485cea50d1cbac27 -> 
  custom:video-decoder-webm-vp8: 9c59270c3fd7afecdb556c50c9e8de78 -> 
  custom:audio-decoder-ogg-vorbis: bf7c407c2cedff20999df2af8eb42d56 -> 
========================================================================
Received Import Request.
  Time since last request: 422.291085 seconds.
  path: Assets/[Prefect]/Tile1.prefab
  artifactKey: Guid(5dc5fde6d9cbdd542a4414f8f4c3d7ec) Importer(815301076,1909f56bfc062723c751e8b465ee728b)
Start importing Assets/[Prefect]/Tile1.prefab using Guid(5dc5fde6d9cbdd542a4414f8f4c3d7ec) Importer(815301076,1909f56bfc062723c751e8b465ee728b) Tried select unknown importer for id '-2' '00000000000000000000000000000000'
 -> (artifact id: 'f1836e0ce381e8382a2d962d4d9a4b7a') in 0.279739 seconds 
========================================================================
Received Import Request.
  Time since last request: 15.931863 seconds.
  path: Assets/[Prefect]/Tile1.prefab
  artifactKey: Guid(5dc5fde6d9cbdd542a4414f8f4c3d7ec) Importer(815301076,1909f56bfc062723c751e8b465ee728b)
Start importing Assets/[Prefect]/Tile1.prefab using Guid(5dc5fde6d9cbdd542a4414f8f4c3d7ec) Importer(815301076,1909f56bfc062723c751e8b465ee728b) Tried select unknown importer for id '-2' '00000000000000000000000000000000'
 -> (artifact id: '914ab8b291141c34fdf20c99ffa4b002') in 0.073635 seconds 
========================================================================
Received Import Request.
  Time since last request: 3.907022 seconds.
  path: Assets/[Prefect]/Tile1.prefab
  artifactKey: Guid(5dc5fde6d9cbdd542a4414f8f4c3d7ec) Importer(815301076,1909f56bfc062723c751e8b465ee728b)
Start importing Assets/[Prefect]/Tile1.prefab using Guid(5dc5fde6d9cbdd542a4414f8f4c3d7ec) Importer(815301076,1909f56bfc062723c751e8b465ee728b) Tried select unknown importer for id '-2' '00000000000000000000000000000000'
 -> (artifact id: 'daf1880368e3a4d3ec24c98b8a0110bc') in 1.170737 seconds 
========================================================================
Received Import Request.
  Time since last request: 2.128063 seconds.
  path: Assets/[Prefect]/Tile1.prefab
  artifactKey: Guid(5dc5fde6d9cbdd542a4414f8f4c3d7ec) Importer(815301076,1909f56bfc062723c751e8b465ee728b)
Start importing Assets/[Prefect]/Tile1.prefab using Guid(5dc5fde6d9cbdd542a4414f8f4c3d7ec) Importer(815301076,1909f56bfc062723c751e8b465ee728b) Tried select unknown importer for id '-2' '00000000000000000000000000000000'
 -> (artifact id: 'b42032d1d8cb4b5faef4754036ed2ca5') in 0.030812 seconds 
========================================================================
Received Import Request.
  Time since last request: 11.451759 seconds.
  path: Assets/[Prefect]/Tile1.prefab
  artifactKey: Guid(5dc5fde6d9cbdd542a4414f8f4c3d7ec) Importer(815301076,1909f56bfc062723c751e8b465ee728b)
Start importing Assets/[Prefect]/Tile1.prefab using Guid(5dc5fde6d9cbdd542a4414f8f4c3d7ec) Importer(815301076,1909f56bfc062723c751e8b465ee728b) Tried select unknown importer for id '-2' '00000000000000000000000000000000'
 -> (artifact id: '31484619ec4cbea8d0267a893f09275d') in 0.025511 seconds 
========================================================================
Received Import Request.
  Time since last request: 2.556450 seconds.
  path: Assets/[Prefect]/Tile1.prefab
  artifactKey: Guid(5dc5fde6d9cbdd542a4414f8f4c3d7ec) Importer(815301076,1909f56bfc062723c751e8b465ee728b)
Start importing Assets/[Prefect]/Tile1.prefab using Guid(5dc5fde6d9cbdd542a4414f8f4c3d7ec) Importer(815301076,1909f56bfc062723c751e8b465ee728b) Tried select unknown importer for id '-2' '00000000000000000000000000000000'
 -> (artifact id: '8f70a3a11e77e919d05ea7d6470d9046') in 0.213063 seconds 
========================================================================
Received Import Request.
  Time since last request: 3.969506 seconds.
  path: Assets/[Prefect]/Tile1.prefab
  artifactKey: Guid(5dc5fde6d9cbdd542a4414f8f4c3d7ec) Importer(815301076,1909f56bfc062723c751e8b465ee728b)
Start importing Assets/[Prefect]/Tile1.prefab using Guid(5dc5fde6d9cbdd542a4414f8f4c3d7ec) Importer(815301076,1909f56bfc062723c751e8b465ee728b) Tried select unknown importer for id '-2' '00000000000000000000000000000000'
 -> (artifact id: 'f0e31a71dc39ea890540cec5651a7927') in 0.134368 seconds 
========================================================================
Received Import Request.
  Time since last request: 2.635108 seconds.
  path: Assets/[Prefect]/Tile1.prefab
  artifactKey: Guid(5dc5fde6d9cbdd542a4414f8f4c3d7ec) Importer(815301076,1909f56bfc062723c751e8b465ee728b)
Start importing Assets/[Prefect]/Tile1.prefab using Guid(5dc5fde6d9cbdd542a4414f8f4c3d7ec) Importer(815301076,1909f56bfc062723c751e8b465ee728b) Tried select unknown importer for id '-2' '00000000000000000000000000000000'
 -> (artifact id: '0cb7a93d19aca36600b72f515a9e6bb1') in 0.824577 seconds 
========================================================================
Received Import Request.
  Time since last request: 2.499951 seconds.
  path: Assets/[Prefect]/Tile1.prefab
  artifactKey: Guid(5dc5fde6d9cbdd542a4414f8f4c3d7ec) Importer(815301076,1909f56bfc062723c751e8b465ee728b)
Start importing Assets/[Prefect]/Tile1.prefab using Guid(5dc5fde6d9cbdd542a4414f8f4c3d7ec) Importer(815301076,1909f56bfc062723c751e8b465ee728b) Tried select unknown importer for id '-2' '00000000000000000000000000000000'
 -> (artifact id: 'bc53c8cf2cdc26d436c59b8c0482f7f9') in 0.031602 seconds 
========================================================================
Received Import Request.
  Time since last request: 9.329373 seconds.
  path: Assets/[Prefect]/Tile1.prefab
  artifactKey: Guid(5dc5fde6d9cbdd542a4414f8f4c3d7ec) Importer(815301076,1909f56bfc062723c751e8b465ee728b)
Start importing Assets/[Prefect]/Tile1.prefab using Guid(5dc5fde6d9cbdd542a4414f8f4c3d7ec) Importer(815301076,1909f56bfc062723c751e8b465ee728b) Tried select unknown importer for id '-2' '00000000000000000000000000000000'
 -> (artifact id: '63e05433b605fd444aaff5edc341c84f') in 0.457382 seconds 
========================================================================
Received Import Request.
  Time since last request: 2.920274 seconds.
  path: Assets/[Prefect]/Tile1.prefab
  artifactKey: Guid(5dc5fde6d9cbdd542a4414f8f4c3d7ec) Importer(815301076,1909f56bfc062723c751e8b465ee728b)
Start importing Assets/[Prefect]/Tile1.prefab using Guid(5dc5fde6d9cbdd542a4414f8f4c3d7ec) Importer(815301076,1909f56bfc062723c751e8b465ee728b) Tried select unknown importer for id '-2' '00000000000000000000000000000000'
 -> (artifact id: '391d0a6c40ab8bbca4176494c7fd9e66') in 0.864291 seconds 
========================================================================
Received Import Request.
  Time since last request: 1.109357 seconds.
  path: Assets/[Prefect]/Tile1.prefab
  artifactKey: Guid(5dc5fde6d9cbdd542a4414f8f4c3d7ec) Importer(815301076,1909f56bfc062723c751e8b465ee728b)
Start importing Assets/[Prefect]/Tile1.prefab using Guid(5dc5fde6d9cbdd542a4414f8f4c3d7ec) Importer(815301076,1909f56bfc062723c751e8b465ee728b) Tried select unknown importer for id '-2' '00000000000000000000000000000000'
 -> (artifact id: '094ae589ed0b20c0ed67a4e2c7a6e289') in 0.189785 seconds 
========================================================================
Received Import Request.
  Time since last request: 5.035085 seconds.
  path: Assets/[Prefect]/Tile1.prefab
  artifactKey: Guid(5dc5fde6d9cbdd542a4414f8f4c3d7ec) Importer(815301076,1909f56bfc062723c751e8b465ee728b)
Start importing Assets/[Prefect]/Tile1.prefab using Guid(5dc5fde6d9cbdd542a4414f8f4c3d7ec) Importer(815301076,1909f56bfc062723c751e8b465ee728b) Tried select unknown importer for id '-2' '00000000000000000000000000000000'
 -> (artifact id: 'c2970b3a46e55e7d810148e6aa7f8c33') in 0.816182 seconds 
========================================================================
Received Import Request.
  Time since last request: 453.049835 seconds.
  path: Assets/[Prefect]/Tile1.prefab
  artifactKey: Guid(5dc5fde6d9cbdd542a4414f8f4c3d7ec) Importer(815301076,1909f56bfc062723c751e8b465ee728b)
Start importing Assets/[Prefect]/Tile1.prefab using Guid(5dc5fde6d9cbdd542a4414f8f4c3d7ec) Importer(815301076,1909f56bfc062723c751e8b465ee728b) Tried select unknown importer for id '-2' '00000000000000000000000000000000'
 -> (artifact id: '66058cb984f6aa78ddde2a3daa05e231') in 0.082282 seconds 
========================================================================
Received Import Request.
  Time since last request: 8.622862 seconds.
  path: Assets/[Prefect]/Tile1.prefab
  artifactKey: Guid(5dc5fde6d9cbdd542a4414f8f4c3d7ec) Importer(815301076,1909f56bfc062723c751e8b465ee728b)
Start importing Assets/[Prefect]/Tile1.prefab using Guid(5dc5fde6d9cbdd542a4414f8f4c3d7ec) Importer(815301076,1909f56bfc062723c751e8b465ee728b) Tried select unknown importer for id '-2' '00000000000000000000000000000000'
 -> (artifact id: '6c0dc56e237791389cfe60c2dd12b8ae') in 0.095777 seconds 
========================================================================
Received Import Request.
  Time since last request: 7.032518 seconds.
  path: Assets/[Prefect]/Tile1.prefab
  artifactKey: Guid(5dc5fde6d9cbdd542a4414f8f4c3d7ec) Importer(815301076,1909f56bfc062723c751e8b465ee728b)
Start importing Assets/[Prefect]/Tile1.prefab using Guid(5dc5fde6d9cbdd542a4414f8f4c3d7ec) Importer(815301076,1909f56bfc062723c751e8b465ee728b) Tried select unknown importer for id '-2' '00000000000000000000000000000000'
 -> (artifact id: '638f211714b28115618887c598e6b500') in 0.023706 seconds 
========================================================================
Received Import Request.
  Time since last request: 3.953650 seconds.
  path: Assets/[Prefect]/Tile1.prefab
  artifactKey: Guid(5dc5fde6d9cbdd542a4414f8f4c3d7ec) Importer(815301076,1909f56bfc062723c751e8b465ee728b)
Start importing Assets/[Prefect]/Tile1.prefab using Guid(5dc5fde6d9cbdd542a4414f8f4c3d7ec) Importer(815301076,1909f56bfc062723c751e8b465ee728b) Tried select unknown importer for id '-2' '00000000000000000000000000000000'
 -> (artifact id: '9c43d55f20db513063722f8fce2f6900') in 0.032484 seconds 
========================================================================
Received Import Request.
  Time since last request: 1.791449 seconds.
  path: Assets/[Prefect]/Tile1.prefab
  artifactKey: Guid(5dc5fde6d9cbdd542a4414f8f4c3d7ec) Importer(815301076,1909f56bfc062723c751e8b465ee728b)
Start importing Assets/[Prefect]/Tile1.prefab using Guid(5dc5fde6d9cbdd542a4414f8f4c3d7ec) Importer(815301076,1909f56bfc062723c751e8b465ee728b) Tried select unknown importer for id '-2' '00000000000000000000000000000000'
 -> (artifact id: '0af832382a8367efc35d544ed20ae0b7') in 0.987676 seconds 
========================================================================
Received Import Request.
  Time since last request: 1.456086 seconds.
  path: Assets/[Prefect]/Tile1.prefab
  artifactKey: Guid(5dc5fde6d9cbdd542a4414f8f4c3d7ec) Importer(815301076,1909f56bfc062723c751e8b465ee728b)
Start importing Assets/[Prefect]/Tile1.prefab using Guid(5dc5fde6d9cbdd542a4414f8f4c3d7ec) Importer(815301076,1909f56bfc062723c751e8b465ee728b) Tried select unknown importer for id '-2' '00000000000000000000000000000000'
 -> (artifact id: '3d1f504f228bfbf00af6d3b6c2e6cc8a') in 0.039148 seconds 
========================================================================
Received Import Request.
  Time since last request: 3.304165 seconds.
  path: Assets/[Prefect]/Tile1.prefab
  artifactKey: Guid(5dc5fde6d9cbdd542a4414f8f4c3d7ec) Importer(815301076,1909f56bfc062723c751e8b465ee728b)
Start importing Assets/[Prefect]/Tile1.prefab using Guid(5dc5fde6d9cbdd542a4414f8f4c3d7ec) Importer(815301076,1909f56bfc062723c751e8b465ee728b) Tried select unknown importer for id '-2' '00000000000000000000000000000000'
 -> (artifact id: '10c3209a03acb337a222673e782e175b') in 1.014043 seconds 
========================================================================
Received Import Request.
  Time since last request: 3.138956 seconds.
  path: Assets/[Prefect]/Tile1.prefab
  artifactKey: Guid(5dc5fde6d9cbdd542a4414f8f4c3d7ec) Importer(815301076,1909f56bfc062723c751e8b465ee728b)
Start importing Assets/[Prefect]/Tile1.prefab using Guid(5dc5fde6d9cbdd542a4414f8f4c3d7ec) Importer(815301076,1909f56bfc062723c751e8b465ee728b) Tried select unknown importer for id '-2' '00000000000000000000000000000000'
 -> (artifact id: 'c09a5ba2896dbe44dfc897629f264f8b') in 1.490446 seconds 
========================================================================
Received Import Request.
  Time since last request: 2.951921 seconds.
  path: Assets/[Prefect]/Tile1.prefab
  artifactKey: Guid(5dc5fde6d9cbdd542a4414f8f4c3d7ec) Importer(815301076,1909f56bfc062723c751e8b465ee728b)
Start importing Assets/[Prefect]/Tile1.prefab using Guid(5dc5fde6d9cbdd542a4414f8f4c3d7ec) Importer(815301076,1909f56bfc062723c751e8b465ee728b) Tried select unknown importer for id '-2' '00000000000000000000000000000000'
 -> (artifact id: 'f1760315c15c775e36f3557a77f7efb8') in 0.033745 seconds 
========================================================================
Received Import Request.
  Time since last request: 1.601193 seconds.
  path: Assets/[Prefect]/Tile1.prefab
  artifactKey: Guid(5dc5fde6d9cbdd542a4414f8f4c3d7ec) Importer(815301076,1909f56bfc062723c751e8b465ee728b)
Start importing Assets/[Prefect]/Tile1.prefab using Guid(5dc5fde6d9cbdd542a4414f8f4c3d7ec) Importer(815301076,1909f56bfc062723c751e8b465ee728b) Tried select unknown importer for id '-2' '00000000000000000000000000000000'
 -> (artifact id: 'eaecb11f0dd8f1bfa4989694f0f79a6a') in 0.926459 seconds 
========================================================================
Received Import Request.
  Time since last request: 8.824734 seconds.
  path: Assets/[Prefect]/Tile1.prefab
  artifactKey: Guid(5dc5fde6d9cbdd542a4414f8f4c3d7ec) Importer(815301076,1909f56bfc062723c751e8b465ee728b)
Start importing Assets/[Prefect]/Tile1.prefab using Guid(5dc5fde6d9cbdd542a4414f8f4c3d7ec) Importer(815301076,1909f56bfc062723c751e8b465ee728b) Tried select unknown importer for id '-2' '00000000000000000000000000000000'
 -> (artifact id: '7b630613753e9642a783f2a826bfc6d3') in 0.024913 seconds 
========================================================================
Received Import Request.
  Time since last request: 11.240894 seconds.
  path: Assets/[Prefect]/Tile1.prefab
  artifactKey: Guid(5dc5fde6d9cbdd542a4414f8f4c3d7ec) Importer(815301076,1909f56bfc062723c751e8b465ee728b)
Start importing Assets/[Prefect]/Tile1.prefab using Guid(5dc5fde6d9cbdd542a4414f8f4c3d7ec) Importer(815301076,1909f56bfc062723c751e8b465ee728b) Tried select unknown importer for id '-2' '00000000000000000000000000000000'
 -> (artifact id: '4e275118688802fde55a08d069d7301d') in 0.099228 seconds 
========================================================================
Received Import Request.
  Time since last request: 2.629897 seconds.
  path: Assets/[Prefect]/Tile1.prefab
  artifactKey: Guid(5dc5fde6d9cbdd542a4414f8f4c3d7ec) Importer(815301076,1909f56bfc062723c751e8b465ee728b)
Start importing Assets/[Prefect]/Tile1.prefab using Guid(5dc5fde6d9cbdd542a4414f8f4c3d7ec) Importer(815301076,1909f56bfc062723c751e8b465ee728b) Tried select unknown importer for id '-2' '00000000000000000000000000000000'
 -> (artifact id: '41ecb00ee3ef4555c7998e4ed23c3cf2') in 1.106383 seconds 
========================================================================
Received Import Request.
  Time since last request: 1.170706 seconds.
  path: Assets/[Prefect]/Tile1.prefab
  artifactKey: Guid(5dc5fde6d9cbdd542a4414f8f4c3d7ec) Importer(815301076,1909f56bfc062723c751e8b465ee728b)
Start importing Assets/[Prefect]/Tile1.prefab using Guid(5dc5fde6d9cbdd542a4414f8f4c3d7ec) Importer(815301076,1909f56bfc062723c751e8b465ee728b) Tried select unknown importer for id '-2' '00000000000000000000000000000000'
 -> (artifact id: '939fc04d592093e4dbcca210b6f81c88') in 0.408506 seconds 
========================================================================
Received Import Request.
  Time since last request: 4.091992 seconds.
  path: Assets/[Prefect]/Tile1.prefab
  artifactKey: Guid(5dc5fde6d9cbdd542a4414f8f4c3d7ec) Importer(815301076,1909f56bfc062723c751e8b465ee728b)
Start importing Assets/[Prefect]/Tile1.prefab using Guid(5dc5fde6d9cbdd542a4414f8f4c3d7ec) Importer(815301076,1909f56bfc062723c751e8b465ee728b) Tried select unknown importer for id '-2' '00000000000000000000000000000000'
 -> (artifact id: '1a4f2c399bf8cc47317341a0d7202ac0') in 0.380753 seconds 
========================================================================
Received Import Request.
  Time since last request: 2.440766 seconds.
  path: Assets/[Prefect]/Tile1.prefab
  artifactKey: Guid(5dc5fde6d9cbdd542a4414f8f4c3d7ec) Importer(815301076,1909f56bfc062723c751e8b465ee728b)
Start importing Assets/[Prefect]/Tile1.prefab using Guid(5dc5fde6d9cbdd542a4414f8f4c3d7ec) Importer(815301076,1909f56bfc062723c751e8b465ee728b) Tried select unknown importer for id '-2' '00000000000000000000000000000000'
 -> (artifact id: 'b8e8582c32c6a1b6d1a87d16965f8214') in 0.620180 seconds 
========================================================================
Received Prepare
Registering precompiled user dll's ...
Registered in 0.013001 seconds.
Begin MonoManager ReloadAssembly
Symbol file LoadedFromMemory doesn't match image E:\George Brown College\Sumester-EX2\GAME3004\Lab\Game3004-W2022-Lab\Lab2\Lab2\Library\PackageCache\com.unity.visualscripting@1.7.6\Editor\VisualScripting.Core\Dependencies\YamlDotNet\Unity.VisualScripting.YamlDotNet.dll
Symbol file LoadedFromMemory doesn't match image E:\George Brown College\Sumester-EX2\GAME3004\Lab\Game3004-W2022-Lab\Lab2\Lab2\Library\PackageCache\com.unity.visualscripting@1.7.6\Editor\VisualScripting.Core\Dependencies\DotNetZip\Unity.VisualScripting.IonicZip.dll
Native extension for WindowsStandalone target not found
Refreshing native plugins compatible for Editor in 0.94 ms, found 4 plugins.
Preloading 0 native plugins for Editor in 0.00 ms.
Mono: successfully reloaded assembly
- Completed reload, in  2.130 seconds
Domain Reload Profiling:
	ReloadAssembly (2132ms)
		BeginReloadAssembly (279ms)
			ExecutionOrderSort (0ms)
			DisableScriptedObjects (7ms)
			BackupInstance (0ms)
			ReleaseScriptingObjects (0ms)
			CreateAndSetChildDomain (52ms)
		EndReloadAssembly (1652ms)
			LoadAssemblies (213ms)
			RebuildTransferFunctionScriptingTraits (0ms)
			SetupTypeCache (611ms)
			ReleaseScriptCaches (3ms)
			RebuildScriptCaches (94ms)
			SetupLoadedEditorAssemblies (664ms)
				LogAssemblyErrors (0ms)
				InitializePlatformSupportModulesInManaged (24ms)
				SetLoadedEditorAssemblies (1ms)
				RefreshPlugins (1ms)
				BeforeProcessingInitializeOnLoad (125ms)
				ProcessInitializeOnLoadAttributes (456ms)
				ProcessInitializeOnLoadMethodAttributes (51ms)
				AfterProcessingInitializeOnLoad (5ms)
				EditorAssembliesLoaded (0ms)
			ExecutionOrderSort2 (0ms)
			AwakeInstancesAfterBackupRestoration (29ms)
Platform modules already initialized, skipping
Refreshing native plugins compatible for Editor in 1.84 ms, found 4 plugins.
Preloading 0 native plugins for Editor in 0.00 ms.
Unloading 3438 Unused Serialized files (Serialized files now loaded: 0)
Unloading 22 unused Assets / (24.7 KB). Loaded Objects now: 3985.
Memory consumption went from 126.4 MB to 126.4 MB.
Total: 5.245900 ms (FindLiveObjects: 0.347800 ms CreateObjectMapping: 0.285900 ms MarkObjects: 4.579300 ms  DeleteObjects: 0.031200 ms)

AssetImportParameters requested are different than current active one (requested -> active):
  custom:video-decoder-ogg-theora: a1e56fd34408186e4bbccfd4996cb3dc -> 
  custom:container-muxer-webm: aa71ff27fc2769a1b78a27578f13a17b -> 
  custom:container-demuxer-webm: 4f35f7cbe854078d1ac9338744f61a02 -> 
  custom:video-encoder-webm-vp8: eb34c28f22e8b96e1ab97ce403110664 -> 
  custom:video-codec-MediaFoundation-h265: 746d11721c4dcdbdad8f713fa42b33f4 -> 
  custom:audio-encoder-webm-vorbis: bf7c407c2cedff20999df2af8eb42d56 -> 
  custom:framework-win-MediaFoundation: 216162199b28c13a410421893ffa2e32 -> 
  custom:container-demuxer-ogg: 62fdf1f143b41e24485cea50d1cbac27 -> 
  custom:video-decoder-webm-vp8: 9c59270c3fd7afecdb556c50c9e8de78 -> 
  custom:audio-decoder-ogg-vorbis: bf7c407c2cedff20999df2af8eb42d56 -> 
========================================================================
Received Prepare
Registering precompiled user dll's ...
Registered in 0.015207 seconds.
Begin MonoManager ReloadAssembly
Symbol file LoadedFromMemory doesn't match image E:\George Brown College\Sumester-EX2\GAME3004\Lab\Game3004-W2022-Lab\Lab2\Lab2\Library\PackageCache\com.unity.visualscripting@1.7.6\Editor\VisualScripting.Core\Dependencies\YamlDotNet\Unity.VisualScripting.YamlDotNet.dll
Symbol file LoadedFromMemory doesn't match image E:\George Brown College\Sumester-EX2\GAME3004\Lab\Game3004-W2022-Lab\Lab2\Lab2\Library\PackageCache\com.unity.visualscripting@1.7.6\Editor\VisualScripting.Core\Dependencies\DotNetZip\Unity.VisualScripting.IonicZip.dll
Native extension for WindowsStandalone target not found
Refreshing native plugins compatible for Editor in 2.64 ms, found 4 plugins.
Preloading 0 native plugins for Editor in 0.00 ms.
Mono: successfully reloaded assembly
- Completed reload, in  6.591 seconds
Domain Reload Profiling:
	ReloadAssembly (6604ms)
		BeginReloadAssembly (1566ms)
			ExecutionOrderSort (0ms)
			DisableScriptedObjects (75ms)
			BackupInstance (0ms)
			ReleaseScriptingObjects (0ms)
			CreateAndSetChildDomain (555ms)
		EndReloadAssembly (4467ms)
			LoadAssemblies (745ms)
			RebuildTransferFunctionScriptingTraits (2ms)
			SetupTypeCache (1597ms)
			ReleaseScriptCaches (9ms)
			RebuildScriptCaches (317ms)
			SetupLoadedEditorAssemblies (1793ms)
				LogAssemblyErrors (0ms)
				InitializePlatformSupportModulesInManaged (72ms)
				SetLoadedEditorAssemblies (2ms)
				RefreshPlugins (4ms)
				BeforeProcessingInitializeOnLoad (288ms)
				ProcessInitializeOnLoadAttributes (1289ms)
				ProcessInitializeOnLoadMethodAttributes (131ms)
				AfterProcessingInitializeOnLoad (8ms)
				EditorAssembliesLoaded (0ms)
			ExecutionOrderSort2 (0ms)
			AwakeInstancesAfterBackupRestoration (77ms)
Platform modules already initialized, skipping
Refreshing native plugins compatible for Editor in 1.40 ms, found 4 plugins.
Preloading 0 native plugins for Editor in 0.00 ms.
Unloading 3438 Unused Serialized files (Serialized files now loaded: 0)
Unloading 22 unused Assets / (24.7 KB). Loaded Objects now: 3987.
Memory consumption went from 126.4 MB to 126.4 MB.
Total: 12.202200 ms (FindLiveObjects: 0.660000 ms CreateObjectMapping: 1.493600 ms MarkObjects: 9.939700 ms  DeleteObjects: 0.104600 ms)

AssetImportParameters requested are different than current active one (requested -> active):
  custom:video-decoder-ogg-theora: a1e56fd34408186e4bbccfd4996cb3dc -> 
  custom:container-muxer-webm: aa71ff27fc2769a1b78a27578f13a17b -> 
  custom:container-demuxer-webm: 4f35f7cbe854078d1ac9338744f61a02 -> 
  custom:video-encoder-webm-vp8: eb34c28f22e8b96e1ab97ce403110664 -> 
  custom:video-codec-MediaFoundation-h265: 746d11721c4dcdbdad8f713fa42b33f4 -> 
  custom:audio-encoder-webm-vorbis: bf7c407c2cedff20999df2af8eb42d56 -> 
  custom:framework-win-MediaFoundation: 216162199b28c13a410421893ffa2e32 -> 
  custom:container-demuxer-ogg: 62fdf1f143b41e24485cea50d1cbac27 -> 
  custom:video-decoder-webm-vp8: 9c59270c3fd7afecdb556c50c9e8de78 -> 
  custom:audio-decoder-ogg-vorbis: bf7c407c2cedff20999df2af8eb42d56 -> 
========================================================================
Received Prepare
Registering precompiled user dll's ...
Registered in 0.019130 seconds.
Begin MonoManager ReloadAssembly
Symbol file LoadedFromMemory doesn't match image E:\George Brown College\Sumester-EX2\GAME3004\Lab\Game3004-W2022-Lab\Lab2\Lab2\Library\PackageCache\com.unity.visualscripting@1.7.6\Editor\VisualScripting.Core\Dependencies\YamlDotNet\Unity.VisualScripting.YamlDotNet.dll
Symbol file LoadedFromMemory doesn't match image E:\George Brown College\Sumester-EX2\GAME3004\Lab\Game3004-W2022-Lab\Lab2\Lab2\Library\PackageCache\com.unity.visualscripting@1.7.6\Editor\VisualScripting.Core\Dependencies\DotNetZip\Unity.VisualScripting.IonicZip.dll
Native extension for WindowsStandalone target not found
Refreshing native plugins compatible for Editor in 0.93 ms, found 4 plugins.
Preloading 0 native plugins for Editor in 0.00 ms.
Mono: successfully reloaded assembly
- Completed reload, in  2.607 seconds
Domain Reload Profiling:
	ReloadAssembly (2608ms)
		BeginReloadAssembly (444ms)
			ExecutionOrderSort (0ms)
			DisableScriptedObjects (14ms)
			BackupInstance (0ms)
			ReleaseScriptingObjects (0ms)
			CreateAndSetChildDomain (110ms)
		EndReloadAssembly (1927ms)
			LoadAssemblies (343ms)
			RebuildTransferFunctionScriptingTraits (0ms)
			SetupTypeCache (770ms)
			ReleaseScriptCaches (3ms)
			RebuildScriptCaches (98ms)
			SetupLoadedEditorAssemblies (713ms)
				LogAssemblyErrors (0ms)
				InitializePlatformSupportModulesInManaged (20ms)
				SetLoadedEditorAssemblies (1ms)
				RefreshPlugins (1ms)
				BeforeProcessingInitializeOnLoad (122ms)
				ProcessInitializeOnLoadAttributes (521ms)
				ProcessInitializeOnLoadMethodAttributes (43ms)
				AfterProcessingInitializeOnLoad (6ms)
				EditorAssembliesLoaded (0ms)
			ExecutionOrderSort2 (0ms)
			AwakeInstancesAfterBackupRestoration (24ms)
Platform modules already initialized, skipping
Refreshing native plugins compatible for Editor in 1.42 ms, found 4 plugins.
Preloading 0 native plugins for Editor in 0.00 ms.
Unloading 3438 Unused Serialized files (Serialized files now loaded: 0)
Unloading 22 unused Assets / (24.6 KB). Loaded Objects now: 3989.
Memory consumption went from 126.3 MB to 126.3 MB.
Total: 6.921400 ms (FindLiveObjects: 0.382800 ms CreateObjectMapping: 0.363300 ms MarkObjects: 6.142100 ms  DeleteObjects: 0.030900 ms)

AssetImportParameters requested are different than current active one (requested -> active):
  custom:video-decoder-ogg-theora: a1e56fd34408186e4bbccfd4996cb3dc -> 
  custom:container-muxer-webm: aa71ff27fc2769a1b78a27578f13a17b -> 
  custom:container-demuxer-webm: 4f35f7cbe854078d1ac9338744f61a02 -> 
  custom:video-encoder-webm-vp8: eb34c28f22e8b96e1ab97ce403110664 -> 
  custom:video-codec-MediaFoundation-h265: 746d11721c4dcdbdad8f713fa42b33f4 -> 
  custom:audio-encoder-webm-vorbis: bf7c407c2cedff20999df2af8eb42d56 -> 
  custom:framework-win-MediaFoundation: 216162199b28c13a410421893ffa2e32 -> 
  custom:container-demuxer-ogg: 62fdf1f143b41e24485cea50d1cbac27 -> 
  custom:video-decoder-webm-vp8: 9c59270c3fd7afecdb556c50c9e8de78 -> 
  custom:audio-decoder-ogg-vorbis: bf7c407c2cedff20999df2af8eb42d56 -> 
