Using pre-set license
Built from '2021.2/staging' branch; Version is '2021.2.7f1 (6bd9e232123f) revision 7068130'; Using compiler version '192829333'; Build Type 'Release'
OS: 'Windows 11  (10.0.22000) 64bit Core' Language: 'en' Physical Memory: 16238 MB
BatchMode: 1, IsHumanControllingUs: 0, StartBugReporterOnCrash: 0, Is64bit: 1, IsPro: 0

COMMAND LINE ARGUMENTS:
D:\Program Files\2021.2.7f1\Editor\Unity.exe
-adb2
-batchMode
-noUpm
-name
AssetImportWorker2
-projectPath
E:/George Brown College/Sumester-EX2/GAME3004/Lab/Game3004-W2022-Lab/Lab8/Lab8
-logFile
Logs/AssetImportWorker2.log
-srvPort
57022
Successfully changed project path to: E:/George Brown College/Sumester-EX2/GAME3004/Lab/Game3004-W2022-Lab/Lab8/Lab8
E:/George Brown College/Sumester-EX2/GAME3004/Lab/Game3004-W2022-Lab/Lab8/Lab8
[UnityMemory] Configuration Parameters - Can be set up in boot.config
    "memorysetup-bucket-allocator-granularity=16"
    "memorysetup-bucket-allocator-bucket-count=8"
    "memorysetup-bucket-allocator-block-size=33554432"
    "memorysetup-bucket-allocator-block-count=8"
    "memorysetup-main-allocator-block-size=16777216"
    "memorysetup-thread-allocator-block-size=16777216"
    "memorysetup-gfx-main-allocator-block-size=16777216"
    "memorysetup-gfx-thread-allocator-block-size=16777216"
    "memorysetup-cache-allocator-block-size=4194304"
    "memorysetup-typetree-allocator-block-size=2097152"
    "memorysetup-profiler-bucket-allocator-granularity=16"
    "memorysetup-profiler-bucket-allocator-bucket-count=8"
    "memorysetup-profiler-bucket-allocator-block-size=33554432"
    "memorysetup-profiler-bucket-allocator-block-count=8"
    "memorysetup-profiler-allocator-block-size=16777216"
    "memorysetup-profiler-editor-allocator-block-size=1048576"
    "memorysetup-temp-allocator-size-main=16777216"
    "memorysetup-job-temp-allocator-block-size=2097152"
    "memorysetup-job-temp-allocator-block-size-background=1048576"
    "memorysetup-job-temp-allocator-reduction-small-platforms=262144"
    "memorysetup-temp-allocator-size-background-worker=32768"
    "memorysetup-temp-allocator-size-job-worker=262144"
    "memorysetup-temp-allocator-size-preload-manager=33554432"
    "memorysetup-temp-allocator-size-nav-mesh-worker=65536"
    "memorysetup-temp-allocator-size-audio-worker=65536"
    "memorysetup-temp-allocator-size-cloud-worker=32768"
    "memorysetup-temp-allocator-size-gi-baking-worker=262144"
    "memorysetup-temp-allocator-size-gfx=262144"
Refreshing native plugins compatible for Editor in 232.94 ms, found 3 plugins.
Preloading 0 native plugins for Editor in 0.00 ms.
Initialize engine version: 2021.2.7f1 (6bd9e232123f)
[Subsystems] Discovering subsystems at path D:/Program Files/2021.2.7f1/Editor/Data/Resources/UnitySubsystems
[Subsystems] Discovering subsystems at path E:/George Brown College/Sumester-EX2/GAME3004/Lab/Game3004-W2022-Lab/Lab8/Lab8/Assets
GfxDevice: creating device client; threaded=0; jobified=0
Direct3D:
    Version:  Direct3D 11.0 [level 11.1]
    Renderer: NVIDIA GeForce GTX 1060 (ID=0x1c20)
    Vendor:   NVIDIA
    VRAM:     6052 MB
    Driver:   30.0.15.1179
Initialize mono
Mono path[0] = 'D:/Program Files/2021.2.7f1/Editor/Data/Managed'
Mono path[1] = 'D:/Program Files/2021.2.7f1/Editor/Data/MonoBleedingEdge/lib/mono/unityjit-win32'
Mono config path = 'D:/Program Files/2021.2.7f1/Editor/Data/MonoBleedingEdge/etc'
Using monoOptions --debugger-agent=transport=dt_socket,embedding=1,server=y,suspend=n,address=127.0.0.1:56692
Begin MonoManager ReloadAssembly
Registering precompiled unity dll's ...
Register platform support module: D:/Program Files/2021.2.7f1/Editor/Data/PlaybackEngines/WebGLSupport/UnityEditor.WebGL.Extensions.dll
Register platform support module: D:/Program Files/2021.2.7f1/Editor/Data/PlaybackEngines/WindowsStandaloneSupport/UnityEditor.WindowsStandalone.Extensions.dll
Registered in 0.002925 seconds.
Native extension for WindowsStandalone target not found
Native extension for WebGL target not found
Refreshing native plugins compatible for Editor in 119.11 ms, found 3 plugins.
Preloading 0 native plugins for Editor in 0.00 ms.
Mono: successfully reloaded assembly
- Completed reload, in  0.823 seconds
Domain Reload Profiling:
	ReloadAssembly (823ms)
		BeginReloadAssembly (119ms)
			ExecutionOrderSort (0ms)
			DisableScriptedObjects (0ms)
			BackupInstance (0ms)
			ReleaseScriptingObjects (0ms)
			CreateAndSetChildDomain (1ms)
		EndReloadAssembly (614ms)
			LoadAssemblies (117ms)
			RebuildTransferFunctionScriptingTraits (0ms)
			SetupTypeCache (125ms)
			ReleaseScriptCaches (0ms)
			RebuildScriptCaches (35ms)
			SetupLoadedEditorAssemblies (394ms)
				LogAssemblyErrors (0ms)
				InitializePlatformSupportModulesInManaged (19ms)
				SetLoadedEditorAssemblies (0ms)
				RefreshPlugins (119ms)
				BeforeProcessingInitializeOnLoad (1ms)
				ProcessInitializeOnLoadAttributes (189ms)
				ProcessInitializeOnLoadMethodAttributes (65ms)
				AfterProcessingInitializeOnLoad (0ms)
				EditorAssembliesLoaded (0ms)
			ExecutionOrderSort2 (0ms)
			AwakeInstancesAfterBackupRestoration (0ms)
Platform modules already initialized, skipping
Registering precompiled user dll's ...
Registered in 0.012670 seconds.
Begin MonoManager ReloadAssembly
Symbol file LoadedFromMemory doesn't match image E:\George Brown College\Sumester-EX2\GAME3004\Lab\Game3004-W2022-Lab\Lab8\Lab8\Library\PackageCache\com.unity.visualscripting@1.7.6\Editor\VisualScripting.Core\Dependencies\YamlDotNet\Unity.VisualScripting.YamlDotNet.dll
Symbol file LoadedFromMemory doesn't match image E:\George Brown College\Sumester-EX2\GAME3004\Lab\Game3004-W2022-Lab\Lab8\Lab8\Library\PackageCache\com.unity.visualscripting@1.7.6\Editor\VisualScripting.Core\Dependencies\DotNetZip\Unity.VisualScripting.IonicZip.dll
Native extension for WindowsStandalone target not found
Native extension for WebGL target not found
Refreshing native plugins compatible for Editor in 129.97 ms, found 3 plugins.
Preloading 0 native plugins for Editor in 0.00 ms.
Mono: successfully reloaded assembly
- Completed reload, in  2.187 seconds
Domain Reload Profiling:
	ReloadAssembly (2188ms)
		BeginReloadAssembly (164ms)
			ExecutionOrderSort (0ms)
			DisableScriptedObjects (7ms)
			BackupInstance (0ms)
			ReleaseScriptingObjects (0ms)
			CreateAndSetChildDomain (25ms)
		EndReloadAssembly (1898ms)
			LoadAssemblies (143ms)
			RebuildTransferFunctionScriptingTraits (0ms)
			SetupTypeCache (330ms)
			ReleaseScriptCaches (1ms)
			RebuildScriptCaches (72ms)
			SetupLoadedEditorAssemblies (1333ms)
				LogAssemblyErrors (0ms)
				InitializePlatformSupportModulesInManaged (14ms)
				SetLoadedEditorAssemblies (0ms)
				RefreshPlugins (130ms)
				BeforeProcessingInitializeOnLoad (118ms)
				ProcessInitializeOnLoadAttributes (975ms)
				ProcessInitializeOnLoadMethodAttributes (92ms)
				AfterProcessingInitializeOnLoad (3ms)
				EditorAssembliesLoaded (0ms)
			ExecutionOrderSort2 (0ms)
			AwakeInstancesAfterBackupRestoration (9ms)
Platform modules already initialized, skipping
========================================================================
Worker process is ready to serve import requests
Launched and connected shader compiler UnityShaderCompiler.exe after 0.22 seconds
Refreshing native plugins compatible for Editor in 1.33 ms, found 3 plugins.
Preloading 0 native plugins for Editor in 0.00 ms.
Unloading 4914 Unused Serialized files (Serialized files now loaded: 0)
Unloading 33 unused Assets / (0.7 MB). Loaded Objects now: 5363.
Memory consumption went from 197.3 MB to 196.6 MB.
Total: 5.751300 ms (FindLiveObjects: 0.498500 ms CreateObjectMapping: 0.493800 ms MarkObjects: 4.373600 ms  DeleteObjects: 0.384500 ms)

AssetImportParameters requested are different than current active one (requested -> active):
  custom:video-decoder-ogg-theora: a1e56fd34408186e4bbccfd4996cb3dc -> 
  custom:container-muxer-webm: aa71ff27fc2769a1b78a27578f13a17b -> 
  custom:container-demuxer-webm: 4f35f7cbe854078d1ac9338744f61a02 -> 
  custom:video-encoder-webm-vp8: eb34c28f22e8b96e1ab97ce403110664 -> 
  custom:video-codec-MediaFoundation-h265: 746d11721c4dcdbdad8f713fa42b33f4 -> 
  custom:audio-encoder-webm-vorbis: bf7c407c2cedff20999df2af8eb42d56 -> 
  custom:framework-win-MediaFoundation: 216162199b28c13a410421893ffa2e32 -> 
  custom:container-demuxer-ogg: 62fdf1f143b41e24485cea50d1cbac27 -> 
  custom:video-decoder-webm-vp8: 9c59270c3fd7afecdb556c50c9e8de78 -> 
  custom:audio-decoder-ogg-vorbis: bf7c407c2cedff20999df2af8eb42d56 -> 
========================================================================
Received Import Request.
  Time since last request: 747600.670746 seconds.
  path: Assets/[Prefect]/3DTile.prefab
  artifactKey: Guid(0093c260d7187894384dc2d427935771) Importer(815301076,1909f56bfc062723c751e8b465ee728b)
Start importing Assets/[Prefect]/3DTile.prefab using Guid(0093c260d7187894384dc2d427935771) Importer(815301076,1909f56bfc062723c751e8b465ee728b)  -> (artifact id: '833dddec9dbd8d054576e721c5c35e5a') in 0.454627 seconds 
========================================================================
Received Prepare
Registering precompiled user dll's ...
Registered in 0.017019 seconds.
Begin MonoManager ReloadAssembly
Symbol file LoadedFromMemory doesn't match image E:\George Brown College\Sumester-EX2\GAME3004\Lab\Game3004-W2022-Lab\Lab8\Lab8\Library\PackageCache\com.unity.visualscripting@1.7.6\Editor\VisualScripting.Core\Dependencies\YamlDotNet\Unity.VisualScripting.YamlDotNet.dll
Symbol file LoadedFromMemory doesn't match image E:\George Brown College\Sumester-EX2\GAME3004\Lab\Game3004-W2022-Lab\Lab8\Lab8\Library\PackageCache\com.unity.visualscripting@1.7.6\Editor\VisualScripting.Core\Dependencies\DotNetZip\Unity.VisualScripting.IonicZip.dll
Native extension for WindowsStandalone target not found
Native extension for WebGL target not found
Refreshing native plugins compatible for Editor in 1.13 ms, found 3 plugins.
Preloading 0 native plugins for Editor in 0.00 ms.
Mono: successfully reloaded assembly
- Completed reload, in  2.065 seconds
Domain Reload Profiling:
	ReloadAssembly (2066ms)
		BeginReloadAssembly (273ms)
			ExecutionOrderSort (0ms)
			DisableScriptedObjects (13ms)
			BackupInstance (0ms)
			ReleaseScriptingObjects (0ms)
			CreateAndSetChildDomain (72ms)
		EndReloadAssembly (1637ms)
			LoadAssemblies (184ms)
			RebuildTransferFunctionScriptingTraits (0ms)
			SetupTypeCache (454ms)
			ReleaseScriptCaches (2ms)
			RebuildScriptCaches (72ms)
			SetupLoadedEditorAssemblies (851ms)
				LogAssemblyErrors (0ms)
				InitializePlatformSupportModulesInManaged (21ms)
				SetLoadedEditorAssemblies (1ms)
				RefreshPlugins (1ms)
				BeforeProcessingInitializeOnLoad (129ms)
				ProcessInitializeOnLoadAttributes (566ms)
				ProcessInitializeOnLoadMethodAttributes (129ms)
				AfterProcessingInitializeOnLoad (4ms)
				EditorAssembliesLoaded (0ms)
			ExecutionOrderSort2 (0ms)
			AwakeInstancesAfterBackupRestoration (22ms)
Platform modules already initialized, skipping
Refreshing native plugins compatible for Editor in 1.19 ms, found 3 plugins.
Preloading 0 native plugins for Editor in 0.00 ms.
Unloading 4762 Unused Serialized files (Serialized files now loaded: 0)
Unloading 25 unused Assets / (309.8 KB). Loaded Objects now: 5427.
Memory consumption went from 196.0 MB to 195.7 MB.
Total: 8.375400 ms (FindLiveObjects: 0.634300 ms CreateObjectMapping: 0.600400 ms MarkObjects: 7.040100 ms  DeleteObjects: 0.098800 ms)

AssetImportParameters requested are different than current active one (requested -> active):
  custom:video-decoder-ogg-theora: a1e56fd34408186e4bbccfd4996cb3dc -> 
  custom:container-muxer-webm: aa71ff27fc2769a1b78a27578f13a17b -> 
  custom:container-demuxer-webm: 4f35f7cbe854078d1ac9338744f61a02 -> 
  custom:video-encoder-webm-vp8: eb34c28f22e8b96e1ab97ce403110664 -> 
  custom:video-codec-MediaFoundation-h265: 746d11721c4dcdbdad8f713fa42b33f4 -> 
  custom:audio-encoder-webm-vorbis: bf7c407c2cedff20999df2af8eb42d56 -> 
  custom:framework-win-MediaFoundation: 216162199b28c13a410421893ffa2e32 -> 
  custom:container-demuxer-ogg: 62fdf1f143b41e24485cea50d1cbac27 -> 
  custom:video-decoder-webm-vp8: 9c59270c3fd7afecdb556c50c9e8de78 -> 
  custom:audio-decoder-ogg-vorbis: bf7c407c2cedff20999df2af8eb42d56 -> 
========================================================================
Received Prepare
Registering precompiled user dll's ...
Registered in 0.018503 seconds.
Begin MonoManager ReloadAssembly
Could not allocate memory: System out of memory!
Trying to allocate: 65350067712B with 16 alignment. MemoryLabel: TempOverflow
Allocation happened at: Line:94 in C:\buildslave\unity\build\Runtime\Allocator\STLAllocator.h
Memory overview

[ ALLOC_TEMP_TLS ] used: 66080B | peak: 0B | reserved: 23396352B 
[ ALLOC_MEMORYPROFILER ] used: 964672B | peak: 1108664B | reserved: 2097152B 
[ ALLOC_DEFAULT ] used: 51030392B | peak: 0B | reserved: 100667392B 
[ ALLOC_TEMP_JOB_1_FRAME ] used: 0B | peak: 0B | reserved: 2097152B 
[ ALLOC_TEMP_JOB_2_FRAMES ] used: 0B | peak: 0B | reserved: 2097152B 
[ ALLOC_TEMP_JOB_4_FRAMES (JobTemp) ] used: 2096976B | peak: 0B | reserved: 4194304B 
[ ALLOC_TEMP_JOB_ASYNC (Background) ] used: 0B | peak: 0B | reserved: 2097152B 
[ ALLOC_GFX ] used: 3069288B | peak: 0B | reserved: 33554432B 
[ ALLOC_CACHEOBJECTS ] used: 60100672B | peak: 0B | reserved: 96468992B 
[ ALLOC_TYPETREE ] used: 13130672B | peak: 0B | reserved: 14680064B 
[ ALLOC_PROFILER ] used: 56928B | peak: 139856B | reserved: 16777216B 
[ ALLOC_PROFILER_EDITOR ] used: 0B | peak: 0B | reserved: 0B 
Could not allocate memory: System out of memory!
Trying to allocate: 65350067712B with 16 alignment. MemoryLabel: TempOverflow
Allocation happened at: Line:94 in C:\buildslave\unity\build\Runtime\Allocator\STLAllocator.h
Memory overview

[ ALLOC_TEMP_TLS ] used: 66080B | peak: 0B | reserved: 23396352B 
[ ALLOC_MEMORYPROFILER ] used: 964672B | peak: 1108664B | reserved: 2097152B 
[ ALLOC_DEFAULT ] used: 51030392B | peak: 0B | reserved: 100667392B 
[ ALLOC_TEMP_JOB_1_FRAME ] used: 0B | peak: 0B | reserved: 2097152B 
[ ALLOC_TEMP_JOB_2_FRAMES ] used: 0B | peak: 0B | reserved: 2097152B 
[ ALLOC_TEMP_JOB_4_FRAMES (JobTemp) ] used: 2096976B | peak: 0B | reserved: 4194304B 
[ ALLOC_TEMP_JOB_ASYNC (Background) ] used: 0B | peak: 0B | reserved: 2097152B 
[ ALLOC_GFX ] used: 3069288B | peak: 0B | reserved: 33554432B 
[ ALLOC_CACHEOBJECTS ] used: 60100672B | peak: 0B | reserved: 96468992B 
[ ALLOC_TYPETREE ] used: 13130672B | peak: 0B | reserved: 14680064B 
[ ALLOC_PROFILER ] used: 56928B | peak: 139856B | reserved: 16777216B 
[ ALLOC_PROFILER_EDITOR ] used: 0B | peak: 0B | reserved: 0B 
Fatal Error! Could not allocate memory: System out of memory!
Trying to allocate: 65350067712B with 16 alignment. MemoryLabel: TempOverflow
Allocation happened at: Line:94 in C:\buildslave\unity\build\Runtime\Allocator\STLAllocator.h
Memory overview

[ ALLOC_TEMP_TLS ] used: 66080B | peak: 0B | reserved: 23396352B 
[ ALLOC_MEMORYPROFILER ] used: 964672B | peak: 1108664B | reserved: 2097152B 
[ ALLOC_DEFAULT ] used: 51030392B | peak: 0B | reserved: 100667392B 
[ ALLOC_TEMP_JOB_1_FRAME ] used: 0B | peak: 0B | reserved: 2097152B 
[ ALLOC_TEMP_JOB_2_FRAMES ] used: 0B | peak: 0B | reserved: 2097152B 
[ ALLOC_TEMP_JOB_4_FRAMES (JobTemp) ] used: 2096976B | peak: 0B | reserved: 4194304B 
[ ALLOC_TEMP_JOB_ASYNC (Background) ] used: 0B | peak: 0B | reserved: 2097152B 
[ ALLOC_GFX ] used: 3069288B | peak: 0B | reserved: 33554432B 
[ ALLOC_CACHEOBJECTS ] used: 60100672B | peak: 0B | reserved: 96468992B 
[ ALLOC_TYPETREE ] used: 13130672B | peak: 0B | reserved: 14680064B 
[ ALLOC_PROFILER ] used: 56928B | peak: 139856B | reserved: 16777216B 
[ ALLOC_PROFILER_EDITOR ] used: 0B | peak: 0B | reserved: 0B 

Crash!!!
SymInit: Symbol-SearchPath: 'D:/Program Files/2021.2.7f1/Editor/Data/Mono;.;E:\George Brown College\Sumester-EX2\GAME3004\Lab\Game3004-W2022-Lab\Lab8\Lab8;E:\George Brown College\Sumester-EX2\GAME3004\Lab\Game3004-W2022-Lab\Lab8\Lab8\Library\BurstCache\JIT;D:\Program Files\2021.2.7f1\Editor;C:\WINDOWS;C:\WINDOWS\system32;SRV*C:\websymbols*http://msdl.microsoft.com/download/symbols;', symOptions: 534, UserName: 'jack6'
OS-Version: 10.0.0
D:\Program Files\2021.2.7f1\Editor\Unity.exe:Unity.exe (00007FF62B610000), size: 72974336 (result: 0), SymType: '-deferred-', PDB: '', fileVersion: 2021.2.7.55778
C:\WINDOWS\SYSTEM32\ntdll.dll:ntdll.dll (00007FFECD040000), size: 2134016 (result: 0), SymType: '-deferred-', PDB: '', fileVersion: 10.0.22000.527
C:\WINDOWS\System32\KERNEL32.DLL:KERNEL32.DLL (00007FFECC940000), size: 774144 (result: 0), SymType: '-deferred-', PDB: '', fileVersion: 10.0.22000.434
C:\WINDOWS\System32\KERNELBASE.dll:KERNELBASE.dll (00007FFECA530000), size: 3620864 (result: 0), SymType: '-deferred-', PDB: '', fileVersion: 10.0.22000.527
C:\WINDOWS\System32\CRYPT32.dll:CRYPT32.dll (00007FFECAAC0000), size: 1449984 (result: 0), SymType: '-deferred-', PDB: '', fileVersion: 10.0.22000.348
C:\WINDOWS\System32\ucrtbase.dll:ucrtbase.dll (00007FFECACB0000), size: 1118208 (result: 0), SymType: '-deferred-', PDB: '', fileVersion: 10.0.22000.1
C:\WINDOWS\System32\USER32.dll:USER32.dll (00007FFECB3F0000), size: 1753088 (result: 0), SymType: '-deferred-', PDB: '', fileVersion: 10.0.22000.282
C:\WINDOWS\System32\win32u.dll:win32u.dll (00007FFECAA90000), size: 155648 (result: 0), SymType: '-deferred-', PDB: '', fileVersion: 10.0.22000.556
C:\WINDOWS\System32\GDI32.dll:GDI32.dll (00007FFECAEF0000), size: 167936 (result: 0), SymType: '-deferred-', PDB: '', fileVersion: 10.0.22000.1
C:\WINDOWS\System32\gdi32full.dll:gdi32full.dll (00007FFECA8B0000), size: 1122304 (result: 0), SymType: '-deferred-', PDB: '', fileVersion: 10.0.22000.527
D:\Program Files\2021.2.7f1\Editor\libfbxsdk.dll:libfbxsdk.dll (00007FFE70560000), size: 10215424 (result: 0), SymType: '-deferred-', PDB: '', fileVersion: 2020.2.0.0
D:\Program Files\2021.2.7f1\Editor\optix.6.0.0.dll:optix.6.0.0.dll (00007FFEC3070000), size: 208896 (result: 0), SymType: '-deferred-', PDB: '', fileVersion: 6.0.0.0
D:\Program Files\2021.2.7f1\Editor\s3tcompress.dll:s3tcompress.dll (00007FFEC4A40000), size: 180224 (result: 0), SymType: '-deferred-', PDB: ''
C:\WINDOWS\System32\msvcp_win.dll:msvcp_win.dll (00007FFECADD0000), size: 643072 (result: 0), SymType: '-deferred-', PDB: '', fileVersion: 10.0.22000.1
C:\WINDOWS\System32\ADVAPI32.dll:ADVAPI32.dll (00007FFECC6D0000), size: 712704 (result: 0), SymType: '-deferred-', PDB: '', fileVersion: 10.0.22000.434
C:\WINDOWS\System32\msvcrt.dll:msvcrt.dll (00007FFECCAB0000), size: 667648 (result: 0), SymType: '-deferred-', PDB: '', fileVersion: 7.0.22000.1
D:\Program Files\2021.2.7f1\Editor\etccompress.dll:etccompress.dll (00007FFE6F6D0000), size: 5066752 (result: 0), SymType: '-deferred-', PDB: ''
C:\WINDOWS\System32\sechost.dll:sechost.dll (00007FFECC3B0000), size: 647168 (result: 0), SymType: '-deferred-', PDB: '', fileVersion: 10.0.22000.556
C:\WINDOWS\System32\RPCRT4.dll:RPCRT4.dll (00007FFECC5A0000), size: 1179648 (result: 0), SymType: '-deferred-', PDB: '', fileVersion: 10.0.22000.434
C:\WINDOWS\System32\SHELL32.dll:SHELL32.dll (00007FFECB5A0000), size: 8052736 (result: 0), SymType: '-deferred-', PDB: '', fileVersion: 10.0.22000.527
D:\Program Files\2021.2.7f1\Editor\ispc_texcomp.dll:ispc_texcomp.dll (00007FFE726E0000), size: 1740800 (result: 0), SymType: '-deferred-', PDB: ''
C:\WINDOWS\System32\SHLWAPI.dll:SHLWAPI.dll (00007FFECB390000), size: 380928 (result: 0), SymType: '-deferred-', PDB: '', fileVersion: 10.0.22000.1
D:\Program Files\2021.2.7f1\Editor\compress_bc7e.dll:compress_bc7e.dll (00007FFE72580000), size: 1441792 (result: 0), SymType: '-deferred-', PDB: ''
D:\Program Files\2021.2.7f1\Editor\FreeImage.dll:FreeImage.dll (0000000180000000), size: 6582272 (result: 0), SymType: '-deferred-', PDB: '', fileVersion: 3.18.0.0
C:\WINDOWS\System32\ole32.dll:ole32.dll (00007FFECBFC0000), size: 1679360 (result: 0), SymType: '-deferred-', PDB: '', fileVersion: 10.0.22000.120
D:\Program Files\2021.2.7f1\Editor\OpenImageDenoise.dll:OpenImageDenoise.dll (00007FFE215C0000), size: 35123200 (result: 0), SymType: '-deferred-', PDB: '', fileVersion: 1.3.0.0
C:\WINDOWS\System32\combase.dll:combase.dll (00007FFECCC80000), size: 3637248 (result: 0), SymType: '-deferred-', PDB: '', fileVersion: 10.0.22000.527
D:\Program Files\2021.2.7f1\Editor\WinPixEventRuntime.dll:WinPixEventRuntime.dll (00007FFEC4A30000), size: 45056 (result: 0), SymType: '-deferred-', PDB: '', fileVersion: 1.0.1812.6001
C:\WINDOWS\System32\IMM32.dll:IMM32.dll (00007FFECC370000), size: 200704 (result: 0), SymType: '-deferred-', PDB: '', fileVersion: 10.0.22000.1
C:\WINDOWS\System32\WS2_32.dll:WS2_32.dll (00007FFECC300000), size: 454656 (result: 0), SymType: '-deferred-', PDB: '', fileVersion: 10.0.22000.1
C:\WINDOWS\System32\SETUPAPI.dll:SETUPAPI.dll (00007FFECAF20000), size: 4636672 (result: 0), SymType: '-deferred-', PDB: '', fileVersion: 10.0.22000.469
C:\WINDOWS\System32\OLEAUT32.dll:OLEAUT32.dll (00007FFECBD50000), size: 876544 (result: 0), SymType: '-deferred-', PDB: '', fileVersion: 10.0.22000.1
C:\WINDOWS\System32\WINTRUST.dll:WINTRUST.dll (00007FFECAE70000), size: 421888 (result: 0), SymType: '-deferred-', PDB: '', fileVersion: 10.0.22000.527
D:\Program Files\2021.2.7f1\Editor\umbraoptimizer64.dll:umbraoptimizer64.dll (00007FFE89E80000), size: 1187840 (result: 0), SymType: '-deferred-', PDB: ''
C:\WINDOWS\SYSTEM32\OPENGL32.dll:OPENGL32.dll (00007FFEA44D0000), size: 1052672 (result: 0), SymType: '-deferred-', PDB: '', fileVersion: 10.0.22000.41
C:\WINDOWS\SYSTEM32\GLU32.dll:GLU32.dll (00007FFEB4BD0000), size: 184320 (result: 0), SymType: '-deferred-', PDB: '', fileVersion: 10.0.22000.41
C:\WINDOWS\SYSTEM32\IPHLPAPI.DLL:IPHLPAPI.DLL (00007FFEC9250000), size: 184320 (result: 0), SymType: '-deferred-', PDB: '', fileVersion: 10.0.22000.282
C:\WINDOWS\SYSTEM32\WINHTTP.dll:WINHTTP.dll (00007FFEC2000000), size: 1097728 (result: 0), SymType: '-deferred-', PDB: '', fileVersion: 10.0.22000.1
C:\WINDOWS\SYSTEM32\WINMM.dll:WINMM.dll (00007FFEC2780000), size: 208896 (result: 0), SymType: '-deferred-', PDB: '', fileVersion: 10.0.22000.1
C:\WINDOWS\SYSTEM32\bcrypt.dll:bcrypt.dll (00007FFEC9F10000), size: 159744 (result: 0), SymType: '-deferred-', PDB: '', fileVersion: 10.0.22000.1
C:\WINDOWS\SYSTEM32\HID.DLL:HID.DLL (00007FFEC8F20000), size: 57344 (result: 0), SymType: '-deferred-', PDB: '', fileVersion: 10.0.22000.1
D:\Program Files\2021.2.7f1\Editor\RadeonImageFilters.dll:RadeonImageFilters.dll (00007FFE71070000), size: 2961408 (result: 0), SymType: '-deferred-', PDB: '', fileVersion: 1.7.0.0
C:\WINDOWS\SYSTEM32\dwmapi.dll:dwmapi.dll (00007FFEC7C50000), size: 192512 (result: 0), SymType: '-deferred-', PDB: '', fileVersion: 10.0.22000.41
C:\WINDOWS\SYSTEM32\VERSION.dll:VERSION.dll (00007FFEC12C0000), size: 40960 (result: 0), SymType: '-deferred-', PDB: '', fileVersion: 10.0.22000.1
C:\WINDOWS\SYSTEM32\MSVCP140.dll:MSVCP140.dll (00007FFEB46D0000), size: 581632 (result: 0), SymType: '-deferred-', PDB: '', fileVersion: 14.30.30708.0
D:\Program Files\2021.2.7f1\Editor\SketchUpAPI.dll:SketchUpAPI.dll (00007FFE6DD00000), size: 9306112 (result: 0), SymType: '-deferred-', PDB: '', fileVersion: 20.2.172.0
C:\WINDOWS\SYSTEM32\VCRUNTIME140.dll:VCRUNTIME140.dll (00007FFEB48C0000), size: 110592 (result: 0), SymType: '-deferred-', PDB: '', fileVersion: 14.30.30708.0
C:\WINDOWS\SYSTEM32\WSOCK32.dll:WSOCK32.dll (00007FFEC3EA0000), size: 36864 (result: 0), SymType: '-deferred-', PDB: '', fileVersion: 10.0.22000.1
D:\Program Files\2021.2.7f1\Editor\tbb12.dll:tbb12.dll (00007FFEC0BF0000), size: 389120 (result: 0), SymType: '-deferred-', PDB: ''
D:\Program Files\2021.2.7f1\Editor\RadeonML.dll:RadeonML.dll (00007FFEC3950000), size: 94208 (result: 0), SymType: '-deferred-', PDB: '', fileVersion: 0.9.11.0
C:\WINDOWS\SYSTEM32\VCRUNTIME140_1.dll:VCRUNTIME140_1.dll (00007FFEB4640000), size: 49152 (result: 0), SymType: '-deferred-', PDB: '', fileVersion: 14.30.30708.0
C:\WINDOWS\SYSTEM32\dxcore.dll:dxcore.dll (00007FFEC79C0000), size: 229376 (result: 0), SymType: '-deferred-', PDB: '', fileVersion: 10.0.22000.1
D:\Program Files\2021.2.7f1\Editor\SketchUpCommonPreferences.dll:SketchUpCommonPreferences.dll (00007FFEB5F60000), size: 479232 (result: 0), SymType: '-deferred-', PDB: '', fileVersion: 20.2.172.37
C:\WINDOWS\SYSTEM32\Secur32.dll:Secur32.dll (00007FFEB7FC0000), size: 49152 (result: 0), SymType: '-deferred-', PDB: '', fileVersion: 10.0.22000.1
C:\WINDOWS\SYSTEM32\SSPICLI.DLL:SSPICLI.DLL (00007FFEC9940000), size: 270336 (result: 0), SymType: '-deferred-', PDB: '', fileVersion: 10.0.22000.556
D:\Program Files\2021.2.7f1\Editor\OpenRL.dll:OpenRL.dll (0000022E752D0000), size: 12779520 (result: 0), SymType: '-deferred-', PDB: '', fileVersion: 1.5.0.2907
C:\WINDOWS\SYSTEM32\MSVCR100.dll:MSVCR100.dll (00000000679B0000), size: 860160 (result: 0), SymType: '-deferred-', PDB: '', fileVersion: 10.0.40219.325
D:\Program Files\2021.2.7f1\Editor\embree.dll:embree.dll (00007FFE33520000), size: 16711680 (result: 0), SymType: '-deferred-', PDB: '', fileVersion: 2.14.0.0
C:\WINDOWS\SYSTEM32\MSVCP100.dll:MSVCP100.dll (0000000067A90000), size: 622592 (result: 0), SymType: '-deferred-', PDB: '', fileVersion: 10.0.40219.325
C:\WINDOWS\SYSTEM32\cfgmgr32.DLL:cfgmgr32.DLL (00007FFECA200000), size: 311296 (result: 0), SymType: '-deferred-', PDB: '', fileVersion: 10.0.22000.1
C:\WINDOWS\SYSTEM32\MSWSOCK.DLL:MSWSOCK.DLL (00007FFEC9B50000), size: 421888 (result: 0), SymType: '-deferred-', PDB: '', fileVersion: 10.0.22000.1
D:\Program Files\2021.2.7f1\Editor\tbb.dll:tbb.dll (00007FFEAFC70000), size: 413696 (result: 0), SymType: '-deferred-', PDB: '', fileVersion: 2017.0.2016.1004
C:\WINDOWS\SYSTEM32\MSVCR120.dll:MSVCR120.dll (00007FFEB7EC0000), size: 978944 (result: 0), SymType: '-deferred-', PDB: '', fileVersion: 12.0.40649.5
C:\WINDOWS\SYSTEM32\MSVCP120.dll:MSVCP120.dll (00007FFEB6150000), size: 679936 (result: 0), SymType: '-deferred-', PDB: '', fileVersion: 12.0.40649.5
D:\Program Files\2021.2.7f1\Editor\OpenRL_pthread.dll:OpenRL_pthread.dll (0000022E75F20000), size: 61440 (result: 0), SymType: '-deferred-', PDB: '', fileVersion: 2.9.0.0
D:\Program Files\2021.2.7f1\Editor\tbbmalloc.dll:tbbmalloc.dll (00007FFE8A2F0000), size: 372736 (result: 0), SymType: '-deferred-', PDB: '', fileVersion: 2017.0.2016.1004
C:\WINDOWS\SYSTEM32\MSASN1.dll:MSASN1.dll (00007FFEC9DF0000), size: 73728 (result: 0), SymType: '-deferred-', PDB: '', fileVersion: 10.0.22000.1
C:\WINDOWS\SYSTEM32\kernel.appcore.dll:kernel.appcore.dll (00007FFEC9720000), size: 98304 (result: 0), SymType: '-deferred-', PDB: '', fileVersion: 10.0.22000.71
C:\WINDOWS\System32\bcryptPrimitives.dll:bcryptPrimitives.dll (00007FFECAC30000), size: 520192 (result: 0), SymType: '-deferred-', PDB: '', fileVersion: 10.0.22000.376
C:\WINDOWS\system32\uxtheme.dll:uxtheme.dll (00007FFEC78E0000), size: 704512 (result: 0), SymType: '-deferred-', PDB: '', fileVersion: 10.0.22000.120
C:\WINDOWS\System32\shcore.dll:shcore.dll (00007FFECC4B0000), size: 958464 (result: 0), SymType: '-deferred-', PDB: '', fileVersion: 10.0.22000.71
C:\WINDOWS\SYSTEM32\windows.storage.dll:windows.storage.dll (00007FFEC86A0000), size: 8814592 (result: 0), SymType: '-deferred-', PDB: '', fileVersion: 10.0.22000.527
C:\WINDOWS\SYSTEM32\wintypes.dll:wintypes.dll (00007FFEC8440000), size: 1466368 (result: 0), SymType: '-deferred-', PDB: '', fileVersion: 10.0.22000.527
C:\WINDOWS\SYSTEM32\profapi.dll:profapi.dll (00007FFECA460000), size: 135168 (result: 0), SymType: '-deferred-', PDB: '', fileVersion: 10.0.22000.1
C:\WINDOWS\system32\IconCodecService.dll:IconCodecService.dll (00007FFEB3700000), size: 36864 (result: 0), SymType: '-deferred-', PDB: '', fileVersion: 10.0.22000.1
C:\WINDOWS\SYSTEM32\WindowsCodecs.dll:WindowsCodecs.dll (00007FFEC1C60000), size: 1761280 (result: 0), SymType: '-deferred-', PDB: '', fileVersion: 10.0.22000.1
C:\WINDOWS\System32\clbcatq.dll:clbcatq.dll (00007FFECC160000), size: 716800 (result: 0), SymType: '-deferred-', PDB: '', fileVersion: 2001.12.10941.16384
C:\WINDOWS\System32\netprofm.dll:netprofm.dll (00007FFEC4320000), size: 462848 (result: 0), SymType: '-deferred-', PDB: '', fileVersion: 10.0.22000.65
C:\WINDOWS\System32\npmproxy.dll:npmproxy.dll (00007FFEC02B0000), size: 73728 (result: 0), SymType: '-deferred-', PDB: '', fileVersion: 10.0.22000.65
C:\WINDOWS\System32\NSI.dll:NSI.dll (00007FFECC6C0000), size: 36864 (result: 0), SymType: '-deferred-', PDB: '', fileVersion: 10.0.22000.1
C:\WINDOWS\SYSTEM32\dhcpcsvc6.DLL:dhcpcsvc6.DLL (00007FFEC1930000), size: 102400 (result: 0), SymType: '-deferred-', PDB: '', fileVersion: 10.0.22000.71
C:\WINDOWS\SYSTEM32\dhcpcsvc.DLL:dhcpcsvc.DLL (00007FFEC2590000), size: 122880 (result: 0), SymType: '-deferred-', PDB: '', fileVersion: 10.0.22000.71
C:\WINDOWS\SYSTEM32\DNSAPI.dll:DNSAPI.dll (00007FFEC92C0000), size: 946176 (result: 0), SymType: '-deferred-', PDB: '', fileVersion: 10.0.22000.282
C:\WINDOWS\System32\fwpuclnt.dll:fwpuclnt.dll (00007FFEC0E60000), size: 528384 (result: 0), SymType: '-deferred-', PDB: '', fileVersion: 10.0.22000.438
C:\Windows\System32\rasadhlp.dll:rasadhlp.dll (00007FFEC01F0000), size: 40960 (result: 0), SymType: '-deferred-', PDB: '', fileVersion: 10.0.22000.1
D:\Program Files\2021.2.7f1\Editor\NVUnityPlugin.DLL:NVUnityPlugin.DLL (00007FFE38C00000), size: 1536000 (result: 0), SymType: '-deferred-', PDB: ''
D:\Program Files\2021.2.7f1\Editor\Data\Tools\astcenc-avx2.dll:astcenc-avx2.dll (00007FFE6A0B0000), size: 561152 (result: 0), SymType: '-deferred-', PDB: ''
C:\WINDOWS\SYSTEM32\d3d11.dll:d3d11.dll (00007FFEC3360000), size: 2621440 (result: 0), SymType: '-deferred-', PDB: '', fileVersion: 10.0.22000.527
C:\WINDOWS\SYSTEM32\dxgi.dll:dxgi.dll (00007FFEC7A00000), size: 995328 (result: 0), SymType: '-deferred-', PDB: '', fileVersion: 10.0.22000.469
C:\WINDOWS\SYSTEM32\directxdatabasehelper.dll:directxdatabasehelper.dll (00007FFEC5580000), size: 278528 (result: 0), SymType: '-deferred-', PDB: '', fileVersion: 10.0.22000.1
C:\WINDOWS\SYSTEM32\ntmarta.dll:ntmarta.dll (00007FFEC7B10000), size: 212992 (result: 0), SymType: '-deferred-', PDB: '', fileVersion: 10.0.22000.1
C:\WINDOWS\System32\DriverStore\FileRepository\nvami.inf_amd64_ce72d4a089c320b0\nvldumdx.dll:nvldumdx.dll (00007FFEB35A0000), size: 1077248 (result: 0), SymType: '-deferred-', PDB: '', fileVersion: 30.0.15.1179
C:\WINDOWS\SYSTEM32\cryptnet.dll:cryptnet.dll (00007FFEC1180000), size: 200704 (result: 0), SymType: '-deferred-', PDB: '', fileVersion: 10.0.22000.1
C:\WINDOWS\SYSTEM32\drvstore.dll:drvstore.dll (00007FFEBBB70000), size: 1347584 (result: 0), SymType: '-deferred-', PDB: '', fileVersion: 10.0.22000.120
C:\WINDOWS\SYSTEM32\devobj.dll:devobj.dll (00007FFECA250000), size: 180224 (result: 0), SymType: '-deferred-', PDB: '', fileVersion: 10.0.22000.1
C:\WINDOWS\SYSTEM32\wldp.dll:wldp.dll (00007FFEC9E60000), size: 249856 (result: 0), SymType: '-deferred-', PDB: '', fileVersion: 10.0.22000.120
C:\WINDOWS\SYSTEM32\cryptbase.dll:cryptbase.dll (00007FFEC9DB0000), size: 49152 (result: 0), SymType: '-deferred-', PDB: '', fileVersion: 10.0.22000.1
C:\WINDOWS\System32\imagehlp.dll:imagehlp.dll (00007FFECCA80000), size: 126976 (result: 0), SymType: '-deferred-', PDB: '', fileVersion: 10.0.22000.1
C:\WINDOWS\SYSTEM32\CRYPTSP.dll:CRYPTSP.dll (00007FFEC9D90000), size: 98304 (result: 0), SymType: '-deferred-', PDB: '', fileVersion: 10.0.22000.1
C:\WINDOWS\system32\rsaenh.dll:rsaenh.dll (00007FFEC9680000), size: 217088 (result: 0), SymType: '-deferred-', PDB: '', fileVersion: 10.0.22000.282
C:\WINDOWS\System32\DriverStore\FileRepository\nvami.inf_amd64_ce72d4a089c320b0\nvwgf2umx.dll:nvwgf2umx.dll (00007FFE655F0000), size: 43175936 (result: 0), SymType: '-deferred-', PDB: '', fileVersion: 30.0.15.1179
C:\WINDOWS\system32\nvspcap64.dll:nvspcap64.dll (00007FFE94550000), size: 2912256 (result: 0), SymType: '-deferred-', PDB: '', fileVersion: 3.25.0.84
C:\WINDOWS\system32\wbem\wbemprox.dll:wbemprox.dll (00007FFEBA7D0000), size: 65536 (result: 0), SymType: '-deferred-', PDB: '', fileVersion: 10.0.22000.1
C:\WINDOWS\SYSTEM32\wbemcomn.dll:wbemcomn.dll (00007FFEBA740000), size: 532480 (result: 0), SymType: '-deferred-', PDB: '', fileVersion: 10.0.22000.1
C:\WINDOWS\system32\wbem\wbemsvc.dll:wbemsvc.dll (00007FFEB8B80000), size: 81920 (result: 0), SymType: '-deferred-', PDB: '', fileVersion: 10.0.22000.1
C:\WINDOWS\system32\wbem\fastprox.dll:fastprox.dll (00007FFEB8CE0000), size: 1024000 (result: 0), SymType: '-deferred-', PDB: '', fileVersion: 10.0.22000.1
C:\WINDOWS\SYSTEM32\amsi.dll:amsi.dll (00007FFEB5510000), size: 118784 (result: 0), SymType: '-deferred-', PDB: '', fileVersion: 10.0.22000.120
C:\WINDOWS\SYSTEM32\USERENV.dll:USERENV.dll (00007FFEC9C40000), size: 167936 (result: 0), SymType: '-deferred-', PDB: '', fileVersion: 10.0.22000.1
C:\ProgramData\Microsoft\Windows Defender\Platform\4.18.2202.4-0\MpOav.dll:MpOav.dll (00007FFEB52D0000), size: 503808 (result: 0), SymType: '-deferred-', PDB: '', fileVersion: 4.18.2202.4
C:\Program Files\McAfee\MfeAV\AMSIExt.dll:AMSIExt.dll (00007FFEB5120000), size: 765952 (result: 0), SymType: '-deferred-', PDB: '', fileVersion: 20.8.117.0
C:\WINDOWS\System32\PSAPI.DLL:PSAPI.DLL (00007FFECCAA0000), size: 32768 (result: 0), SymType: '-deferred-', PDB: '', fileVersion: 10.0.22000.1
D:\Program Files\2021.2.7f1\Editor\cudart64_90.dll:cudart64_90.dll (00007FFE37EA0000), size: 397312 (result: 0), SymType: '-deferred-', PDB: '', fileVersion: 6.14.11.9000
C:\WINDOWS\SYSTEM32\opencl.dll:opencl.dll (00007FFE37250000), size: 1474560 (result: 0), SymType: '-deferred-', PDB: '', fileVersion: 3.0.1.0
D:\Program Files\2021.2.7f1\Editor\radeonrays.dll:radeonrays.dll (00007FFE36E80000), size: 557056 (result: 0), SymType: '-deferred-', PDB: ''
D:\Program Files\2021.2.7f1\Editor\Data\MonoBleedingEdge\EmbedRuntime\mono-2.0-bdwgc.dll:mono-2.0-bdwgc.dll (00007FFE25B90000), size: 11177984 (result: 0), SymType: '-deferred-', PDB: ''
E:\George Brown College\Sumester-EX2\GAME3004\Lab\Game3004-W2022-Lab\Lab8\Lab8\Library\PackageCache\com.unity.burst@1.6.0\.Runtime\burst-llvm-11.dll:burst-llvm-11.dll (00007FFE14C70000), size: 38744064 (result: 0), SymType: '-deferred-', PDB: ''
C:\WINDOWS\SYSTEM32\PROPSYS.dll:PROPSYS.dll (00007FFEC7710000), size: 1011712 (result: 0), SymType: '-deferred-', PDB: '', fileVersion: 7.0.22000.37
C:\Windows\System32\Windows.System.Launcher.dll:Windows.System.Launcher.dll (00007FFEB6400000), size: 1290240 (result: 0), SymType: '-deferred-', PDB: '', fileVersion: 10.0.22000.434
C:\Windows\System32\msvcp110_win.dll:msvcp110_win.dll (00007FFEC51A0000), size: 598016 (result: 0), SymType: '-deferred-', PDB: '', fileVersion: 10.0.22000.1
C:\WINDOWS\SYSTEM32\windows.staterepositorycore.dll:windows.staterepositorycore.dll (00007FFEC1910000), size: 110592 (result: 0), SymType: '-deferred-', PDB: '', fileVersion: 10.0.22000.65
C:\WINDOWS\WinSxS\amd64_microsoft.windows.common-controls_6595b64144ccf1df_6.0.22000.120_none_9d947278b86cc467\comctl32.dll:comctl32.dll (00007FFEAF3F0000), size: 2772992 (result: 0), SymType: '-deferred-', PDB: '', fileVersion: 6.10.22000.120
C:\Windows\System32\thumbcache.dll:thumbcache.dll (00007FFE97190000), size: 417792 (result: 0), SymType: '-deferred-', PDB: '', fileVersion: 10.0.22000.51
C:\WINDOWS\SYSTEM32\dbghelp.dll:dbghelp.dll (00007FFEC8210000), size: 2232320 (result: 0), SymType: '-deferred-', PDB: '', fileVersion: 10.0.22000.1

========== OUTPUTTING STACK TRACE ==================

0x00007FFECA57478C (KERNELBASE) RaiseException
0x00007FF62D0370DB (Unity) EditorMonoConsole::LogToConsoleImplementation
0x00007FF62D037BCD (Unity) EditorMonoConsole::LogToConsoleImplementation
0x00007FF62DC136C7 (Unity) DebugStringToFilePostprocessedStacktrace
0x00007FF62DC12E5D (Unity) DebugStringToFile
0x00007FF62BED395F (Unity) MemoryManager::OutOfMemoryError
0x00007FF62BECD12C (Unity) MemoryManager::Allocate
0x00007FF62BECCE0B (Unity) MemoryManager::Allocate
0x00007FF62BECCE0B (Unity) MemoryManager::Allocate
0x00007FF62BED781E (Unity) malloc_internal
0x00007FF62C5BC2E4 (Unity) std::vector<core::string_with_label<1,char>,stl_allocator<core::string_with_label<1,char>,1,16> >::_Resize_reallocate<std::_Value_init_tag>
0x00007FF62C5CD992 (Unity) std::vector<core::string_with_label<1,char>,stl_allocator<core::string_with_label<1,char>,1,16> >::resize
0x00007FF62C5C7D7C (Unity) NativeBuffer<Converter_String>::SetupForWriting
0x00007FF62C591B33 (Unity) TransferField_Array<StreamedBinaryWrite,Converter_String>
0x00007FF62C592FAC (Unity) TransferField_LinearCollection<ReportScriptingObjectsTransfer>
0x00007FF62C511636 (Unity) ExecuteSerializationCommands<JSONRead>
0x00007FF62C5295A8 (Unity) <lambda_23502d5cf47c99f01792cd87488ce116>::operator()
0x00007FF62C524805 (Unity) TransferScriptingObject<StreamedBinaryWrite>
0x00007FF62C52EE16 (Unity) SerializableManagedRefBackupGenerator::ExtractBackupFromInstance
0x00007FF62C52BB8E (Unity) MonoBehaviour::BackupAndDeflateManagedReferences
0x00007FF62C5D8083 (Unity) SerializableManagedRefsUtilities::BackupAndDeflateAll
0x00007FF62C52C052 (Unity) MonoManager::BeginReloadAssembly
0x00007FF62C535C07 (Unity) MonoManager::ReloadAssembly
0x00007FF62D44BF22 (Unity) LoadDomainAndUserAssemblies
0x00007FF62D44C654 (Unity) LoadUserAssemblies
0x00007FF62D8DBA58 (Unity) <lambda_c8aac203af85da22e031a8e6d38250eb>::operator()
0x00007FF62D970412 (Unity) asio::detail::completion_handler<core::mutable_function<void __cdecl(void)> >::do_complete
0x00007FF62D97269D (Unity) asio::detail::win_iocp_io_service::do_one
0x00007FF62D975ABE (Unity) asio::io_service::run
0x00007FF62D96E8B1 (Unity) IOService::Run
0x00007FF62D907FA8 (Unity) RunAssetImportWorkerClientV2
0x00007FF62D90807B (Unity) RunAssetImporterV2
0x00007FF62D14F690 (Unity) Application::InitializeProject
0x00007FF62D59A7D8 (Unity) WinMain
0x00007FF62E8AAAA2 (Unity) __scrt_common_main_seh
0x00007FFECC9554E0 (KERNEL32) BaseThreadInitThunk
0x00007FFECD04485B (ntdll) RtlUserThreadStart

========== END OF STACKTRACE ===========

A crash has been intercepted by the crash handler. For call stack and other details, see the latest crash report generated in:
 * C:/Users/jack6/AppData/Local/Temp/Unity/Editor/Crashes
