Using pre-set license
Built from '2021.2/staging' branch; Version is '2021.2.7f1 (6bd9e232123f) revision 7068130'; Using compiler version '192829333'; Build Type 'Release'
OS: 'Windows 11  (10.0.22000) 64bit Core' Language: 'en' Physical Memory: 16238 MB
BatchMode: 1, IsHumanControllingUs: 0, StartBugReporterOnCrash: 0, Is64bit: 1, IsPro: 0

COMMAND LINE ARGUMENTS:
D:\Program Files\2021.2.7f1\Editor\Unity.exe
-adb2
-batchMode
-noUpm
-name
AssetImportWorker1
-projectPath
E:/George Brown College/Sumester-EX2/GAME3004/Lab/Game3004-W2022-Lab/Lab7/Lab7
-logFile
Logs/AssetImportWorker1.log
-srvPort
49478
Successfully changed project path to: E:/George Brown College/Sumester-EX2/GAME3004/Lab/Game3004-W2022-Lab/Lab7/Lab7
E:/George Brown College/Sumester-EX2/GAME3004/Lab/Game3004-W2022-Lab/Lab7/Lab7
[UnityMemory] Configuration Parameters - Can be set up in boot.config
    "memorysetup-bucket-allocator-granularity=16"
    "memorysetup-bucket-allocator-bucket-count=8"
    "memorysetup-bucket-allocator-block-size=33554432"
    "memorysetup-bucket-allocator-block-count=8"
    "memorysetup-main-allocator-block-size=16777216"
    "memorysetup-thread-allocator-block-size=16777216"
    "memorysetup-gfx-main-allocator-block-size=16777216"
    "memorysetup-gfx-thread-allocator-block-size=16777216"
    "memorysetup-cache-allocator-block-size=4194304"
    "memorysetup-typetree-allocator-block-size=2097152"
    "memorysetup-profiler-bucket-allocator-granularity=16"
    "memorysetup-profiler-bucket-allocator-bucket-count=8"
    "memorysetup-profiler-bucket-allocator-block-size=33554432"
    "memorysetup-profiler-bucket-allocator-block-count=8"
    "memorysetup-profiler-allocator-block-size=16777216"
    "memorysetup-profiler-editor-allocator-block-size=1048576"
    "memorysetup-temp-allocator-size-main=16777216"
    "memorysetup-job-temp-allocator-block-size=2097152"
    "memorysetup-job-temp-allocator-block-size-background=1048576"
    "memorysetup-job-temp-allocator-reduction-small-platforms=262144"
    "memorysetup-temp-allocator-size-background-worker=32768"
    "memorysetup-temp-allocator-size-job-worker=262144"
    "memorysetup-temp-allocator-size-preload-manager=33554432"
    "memorysetup-temp-allocator-size-nav-mesh-worker=65536"
    "memorysetup-temp-allocator-size-audio-worker=65536"
    "memorysetup-temp-allocator-size-cloud-worker=32768"
    "memorysetup-temp-allocator-size-gi-baking-worker=262144"
    "memorysetup-temp-allocator-size-gfx=262144"
Refreshing native plugins compatible for Editor in 107.66 ms, found 3 plugins.
Preloading 0 native plugins for Editor in 0.00 ms.
Initialize engine version: 2021.2.7f1 (6bd9e232123f)
[Subsystems] Discovering subsystems at path D:/Program Files/2021.2.7f1/Editor/Data/Resources/UnitySubsystems
[Subsystems] Discovering subsystems at path E:/George Brown College/Sumester-EX2/GAME3004/Lab/Game3004-W2022-Lab/Lab7/Lab7/Assets
GfxDevice: creating device client; threaded=0; jobified=0
Direct3D:
    Version:  Direct3D 11.0 [level 11.1]
    Renderer: NVIDIA GeForce GTX 1060 (ID=0x1c20)
    Vendor:   NVIDIA
    VRAM:     6052 MB
    Driver:   30.0.15.1179
Initialize mono
Mono path[0] = 'D:/Program Files/2021.2.7f1/Editor/Data/Managed'
Mono path[1] = 'D:/Program Files/2021.2.7f1/Editor/Data/MonoBleedingEdge/lib/mono/unityjit-win32'
Mono config path = 'D:/Program Files/2021.2.7f1/Editor/Data/MonoBleedingEdge/etc'
Using monoOptions --debugger-agent=transport=dt_socket,embedding=1,server=y,suspend=n,address=127.0.0.1:56180
Begin MonoManager ReloadAssembly
Registering precompiled unity dll's ...
Register platform support module: D:/Program Files/2021.2.7f1/Editor/Data/PlaybackEngines/WebGLSupport/UnityEditor.WebGL.Extensions.dll
Register platform support module: D:/Program Files/2021.2.7f1/Editor/Data/PlaybackEngines/WindowsStandaloneSupport/UnityEditor.WindowsStandalone.Extensions.dll
Registered in 0.002866 seconds.
Native extension for WindowsStandalone target not found
Native extension for WebGL target not found
Refreshing native plugins compatible for Editor in 100.56 ms, found 3 plugins.
Preloading 0 native plugins for Editor in 0.00 ms.
Mono: successfully reloaded assembly
- Completed reload, in  0.711 seconds
Domain Reload Profiling:
	ReloadAssembly (711ms)
		BeginReloadAssembly (96ms)
			ExecutionOrderSort (0ms)
			DisableScriptedObjects (0ms)
			BackupInstance (0ms)
			ReleaseScriptingObjects (0ms)
			CreateAndSetChildDomain (1ms)
		EndReloadAssembly (534ms)
			LoadAssemblies (96ms)
			RebuildTransferFunctionScriptingTraits (0ms)
			SetupTypeCache (124ms)
			ReleaseScriptCaches (0ms)
			RebuildScriptCaches (30ms)
			SetupLoadedEditorAssemblies (327ms)
				LogAssemblyErrors (0ms)
				InitializePlatformSupportModulesInManaged (16ms)
				SetLoadedEditorAssemblies (0ms)
				RefreshPlugins (101ms)
				BeforeProcessingInitializeOnLoad (1ms)
				ProcessInitializeOnLoadAttributes (159ms)
				ProcessInitializeOnLoadMethodAttributes (51ms)
				AfterProcessingInitializeOnLoad (0ms)
				EditorAssembliesLoaded (0ms)
			ExecutionOrderSort2 (0ms)
			AwakeInstancesAfterBackupRestoration (0ms)
Platform modules already initialized, skipping
Registering precompiled user dll's ...
Registered in 0.009695 seconds.
Begin MonoManager ReloadAssembly
Symbol file LoadedFromMemory doesn't match image E:\George Brown College\Sumester-EX2\GAME3004\Lab\Game3004-W2022-Lab\Lab7\Lab7\Library\PackageCache\com.unity.visualscripting@1.7.6\Editor\VisualScripting.Core\Dependencies\YamlDotNet\Unity.VisualScripting.YamlDotNet.dll
Symbol file LoadedFromMemory doesn't match image E:\George Brown College\Sumester-EX2\GAME3004\Lab\Game3004-W2022-Lab\Lab7\Lab7\Library\PackageCache\com.unity.visualscripting@1.7.6\Editor\VisualScripting.Core\Dependencies\DotNetZip\Unity.VisualScripting.IonicZip.dll
Native extension for WindowsStandalone target not found
Native extension for WebGL target not found
Refreshing native plugins compatible for Editor in 101.76 ms, found 3 plugins.
Preloading 0 native plugins for Editor in 0.00 ms.
Mono: successfully reloaded assembly
- Completed reload, in  2.097 seconds
Domain Reload Profiling:
	ReloadAssembly (2099ms)
		BeginReloadAssembly (186ms)
			ExecutionOrderSort (0ms)
			DisableScriptedObjects (6ms)
			BackupInstance (0ms)
			ReleaseScriptingObjects (0ms)
			CreateAndSetChildDomain (22ms)
		EndReloadAssembly (1809ms)
			LoadAssemblies (170ms)
			RebuildTransferFunctionScriptingTraits (0ms)
			SetupTypeCache (309ms)
			ReleaseScriptCaches (1ms)
			RebuildScriptCaches (60ms)
			SetupLoadedEditorAssemblies (1263ms)
				LogAssemblyErrors (0ms)
				InitializePlatformSupportModulesInManaged (11ms)
				SetLoadedEditorAssemblies (0ms)
				RefreshPlugins (102ms)
				BeforeProcessingInitializeOnLoad (102ms)
				ProcessInitializeOnLoadAttributes (929ms)
				ProcessInitializeOnLoadMethodAttributes (115ms)
				AfterProcessingInitializeOnLoad (4ms)
				EditorAssembliesLoaded (0ms)
			ExecutionOrderSort2 (0ms)
			AwakeInstancesAfterBackupRestoration (30ms)
Platform modules already initialized, skipping
========================================================================
Worker process is ready to serve import requests
Launched and connected shader compiler UnityShaderCompiler.exe after 0.22 seconds
Refreshing native plugins compatible for Editor in 1.66 ms, found 3 plugins.
Preloading 0 native plugins for Editor in 0.00 ms.
Unloading 4912 Unused Serialized files (Serialized files now loaded: 0)
Unloading 33 unused Assets / (0.7 MB). Loaded Objects now: 5363.
Memory consumption went from 197.5 MB to 196.8 MB.
Total: 4.623900 ms (FindLiveObjects: 0.586500 ms CreateObjectMapping: 0.342100 ms MarkObjects: 3.393900 ms  DeleteObjects: 0.299300 ms)

AssetImportParameters requested are different than current active one (requested -> active):
  custom:video-decoder-ogg-theora: a1e56fd34408186e4bbccfd4996cb3dc -> 
  custom:container-muxer-webm: aa71ff27fc2769a1b78a27578f13a17b -> 
  custom:container-demuxer-webm: 4f35f7cbe854078d1ac9338744f61a02 -> 
  custom:video-encoder-webm-vp8: eb34c28f22e8b96e1ab97ce403110664 -> 
  custom:video-codec-MediaFoundation-h265: 746d11721c4dcdbdad8f713fa42b33f4 -> 
  custom:audio-encoder-webm-vorbis: bf7c407c2cedff20999df2af8eb42d56 -> 
  custom:framework-win-MediaFoundation: 216162199b28c13a410421893ffa2e32 -> 
  custom:container-demuxer-ogg: 62fdf1f143b41e24485cea50d1cbac27 -> 
  custom:video-decoder-webm-vp8: 9c59270c3fd7afecdb556c50c9e8de78 -> 
  custom:audio-decoder-ogg-vorbis: bf7c407c2cedff20999df2af8eb42d56 -> 
========================================================================
Received Import Request.
  Time since last request: 234056.145304 seconds.
  path: Assets/Models/enemy/LiftOff@Hook Punch.fbx
  artifactKey: Guid(a90df6cfb485cfd47987fd24d4de2aa7) Importer(815301076,1909f56bfc062723c751e8b465ee728b)
Start importing Assets/Models/enemy/LiftOff@Hook Punch.fbx using Guid(a90df6cfb485cfd47987fd24d4de2aa7) Importer(815301076,1909f56bfc062723c751e8b465ee728b)  -> (artifact id: '5e2a13e1f471888fb346f9bb7331588f') in 0.897692 seconds 
========================================================================
Received Import Request.
  Time since last request: 0.000071 seconds.
  path: Assets/Models/enemy
  artifactKey: Guid(c9cfbbe0a30e96a40b9ff1bb096ee559) Importer(815301076,1909f56bfc062723c751e8b465ee728b)
Start importing Assets/Models/enemy using Guid(c9cfbbe0a30e96a40b9ff1bb096ee559) Importer(815301076,1909f56bfc062723c751e8b465ee728b)  -> (artifact id: '5f1bb5fc2720fb66ea80e2cd590c8fd5') in 0.008407 seconds 
========================================================================
Received Import Request.
  Time since last request: 0.000040 seconds.
  path: Assets/Models/enemy/LiftOff@Idle.fbx
  artifactKey: Guid(f35477b9b96084e47b650b6622cb0dd6) Importer(815301076,1909f56bfc062723c751e8b465ee728b)
Start importing Assets/Models/enemy/LiftOff@Idle.fbx using Guid(f35477b9b96084e47b650b6622cb0dd6) Importer(815301076,1909f56bfc062723c751e8b465ee728b)  -> (artifact id: '7dd79765245de8432209b59a1e15f01f') in 0.102804 seconds 
========================================================================
Received Import Request.
  Time since last request: 113.128152 seconds.
  path: Assets/Materieal/Black Material.mat
  artifactKey: Guid(a2cb5323f6c86444b93e883da22f826d) Importer(815301076,1909f56bfc062723c751e8b465ee728b)
Start importing Assets/Materieal/Black Material.mat using Guid(a2cb5323f6c86444b93e883da22f826d) Importer(815301076,1909f56bfc062723c751e8b465ee728b)  -> (artifact id: 'f33074263f45cf73c02e150b57827238') in 0.089988 seconds 
========================================================================
Received Import Request.
  Time since last request: 0.000040 seconds.
  path: Assets/Materieal/DebugMaterial.mat
  artifactKey: Guid(3937866061038d34b99494edaedc8a5a) Importer(815301076,1909f56bfc062723c751e8b465ee728b)
Start importing Assets/Materieal/DebugMaterial.mat using Guid(3937866061038d34b99494edaedc8a5a) Importer(815301076,1909f56bfc062723c751e8b465ee728b)  -> (artifact id: 'e01aa12137b942f9dac451526889c6d1') in 0.054795 seconds 
========================================================================
Received Import Request.
  Time since last request: 0.000056 seconds.
  path: Assets/Materieal/EnemyMarkerMaterieal.mat
  artifactKey: Guid(4dd5ba9131f53d04890a4101a1b008ef) Importer(815301076,1909f56bfc062723c751e8b465ee728b)
Start importing Assets/Materieal/EnemyMarkerMaterieal.mat using Guid(4dd5ba9131f53d04890a4101a1b008ef) Importer(815301076,1909f56bfc062723c751e8b465ee728b)  -> (artifact id: '6ffaeedea376ba9dc0d64d3c3dfd960a') in 0.089921 seconds 
========================================================================
Received Import Request.
  Time since last request: 0.000028 seconds.
  path: Assets/Materieal/PlayerMarkerMaterieal.mat
  artifactKey: Guid(ee505fd3446ada14d89af7ac98b3bf1c) Importer(815301076,1909f56bfc062723c751e8b465ee728b)
Start importing Assets/Materieal/PlayerMarkerMaterieal.mat using Guid(ee505fd3446ada14d89af7ac98b3bf1c) Importer(815301076,1909f56bfc062723c751e8b465ee728b)  -> (artifact id: '489387a58ab4c6786ec340a53f50f758') in 0.026530 seconds 
========================================================================
Received Import Request.
  Time since last request: 0.000039 seconds.
  path: Assets/Materieal/Sliver Material.mat
  artifactKey: Guid(fc3ed5723340bb84f91ca10fbd11ec28) Importer(815301076,1909f56bfc062723c751e8b465ee728b)
Start importing Assets/Materieal/Sliver Material.mat using Guid(fc3ed5723340bb84f91ca10fbd11ec28) Importer(815301076,1909f56bfc062723c751e8b465ee728b)  -> (artifact id: 'db543cde064a84ededc203e11f0c3e5a') in 0.107343 seconds 
========================================================================
Received Import Request.
  Time since last request: 0.000029 seconds.
  path: Assets/Materieal/Concrete Materieal.mat
  artifactKey: Guid(00c4e1c5aa43d194b81937d447497a3f) Importer(815301076,1909f56bfc062723c751e8b465ee728b)
Start importing Assets/Materieal/Concrete Materieal.mat using Guid(00c4e1c5aa43d194b81937d447497a3f) Importer(815301076,1909f56bfc062723c751e8b465ee728b)  -> (artifact id: '949d033e8ad09b4dbf86263c587a18ec') in 0.026201 seconds 
========================================================================
Received Import Request.
  Time since last request: 0.000084 seconds.
  path: Assets/Materieal/Brown Material.mat
  artifactKey: Guid(9ccdc3b517e79754c94bea5082df70a3) Importer(815301076,1909f56bfc062723c751e8b465ee728b)
Start importing Assets/Materieal/Brown Material.mat using Guid(9ccdc3b517e79754c94bea5082df70a3) Importer(815301076,1909f56bfc062723c751e8b465ee728b)  -> (artifact id: '019b76e4ad6ecd25a3ce768720c0a969') in 0.026731 seconds 
========================================================================
Received Import Request.
  Time since last request: 0.407232 seconds.
  path: Assets/Materieal/enemy/Head.mat
  artifactKey: Guid(75f57cc1066888b4eac245031aa1bfdc) Importer(815301076,1909f56bfc062723c751e8b465ee728b)
Start importing Assets/Materieal/enemy/Head.mat using Guid(75f57cc1066888b4eac245031aa1bfdc) Importer(815301076,1909f56bfc062723c751e8b465ee728b)  -> (artifact id: 'd4f951075e785effe833b20d4f89285d') in 1.006621 seconds 
========================================================================
Received Import Request.
  Time since last request: 0.000063 seconds.
  path: Assets/Materieal/enemy/HeadMaterial.mat
  artifactKey: Guid(f54648ff827e7024b8c6e85404b7d291) Importer(815301076,1909f56bfc062723c751e8b465ee728b)
Start importing Assets/Materieal/enemy/HeadMaterial.mat using Guid(f54648ff827e7024b8c6e85404b7d291) Importer(815301076,1909f56bfc062723c751e8b465ee728b)  -> (artifact id: 'de4f2f9c3a471f14047128173f44588c') in 0.026591 seconds 
========================================================================
Received Import Request.
  Time since last request: 170.588897 seconds.
  path: Assets/Texture/Gold Texture.tif
  artifactKey: Guid(6bf824f9a92e139439b52f95a8f461b0) Importer(815301076,1909f56bfc062723c751e8b465ee728b)
Start importing Assets/Texture/Gold Texture.tif using Guid(6bf824f9a92e139439b52f95a8f461b0) Importer(815301076,1909f56bfc062723c751e8b465ee728b)  -> (artifact id: '61a3d4df74bf0de8d91b4ab491a0864e') in 0.232695 seconds 
========================================================================
Received Import Request.
  Time since last request: 0.000027 seconds.
  path: Assets/Texture/Gold Texture_M.tif
  artifactKey: Guid(56e45af0488f98e489efb66837206d56) Importer(815301076,1909f56bfc062723c751e8b465ee728b)
Start importing Assets/Texture/Gold Texture_M.tif using Guid(56e45af0488f98e489efb66837206d56) Importer(815301076,1909f56bfc062723c751e8b465ee728b)  -> (artifact id: '65a82eb16ac107b70c78442851716c6b') in 0.032554 seconds 
========================================================================
Received Import Request.
  Time since last request: 0.000046 seconds.
  path: Assets/Texture/MiniMap Render texture.renderTexture
  artifactKey: Guid(7f5f9ffce2d598446be7a909a09e98eb) Importer(815301076,1909f56bfc062723c751e8b465ee728b)
Start importing Assets/Texture/MiniMap Render texture.renderTexture using Guid(7f5f9ffce2d598446be7a909a09e98eb) Importer(815301076,1909f56bfc062723c751e8b465ee728b)  -> (artifact id: 'deb25a40c40f43b84c4969f11fc085c1') in 0.166218 seconds 
========================================================================
Received Import Request.
  Time since last request: 0.823676 seconds.
  path: Assets/Texture
  artifactKey: Guid(2e82e6806cd55a946a68c3d85bdaf51f) Importer(815301076,1909f56bfc062723c751e8b465ee728b)
Start importing Assets/Texture using Guid(2e82e6806cd55a946a68c3d85bdaf51f) Importer(815301076,1909f56bfc062723c751e8b465ee728b)  -> (artifact id: 'df468fcb72269d7dd6a3768203ab3d4f') in 0.009355 seconds 
========================================================================
Received Import Request.
  Time since last request: 41.018520 seconds.
  path: Assets/Texture/Enemy/Modern2.png
  artifactKey: Guid(7a2988bc3f5792149b59a3ba08a62b2c) Importer(815301076,1909f56bfc062723c751e8b465ee728b)
Start importing Assets/Texture/Enemy/Modern2.png using Guid(7a2988bc3f5792149b59a3ba08a62b2c) Importer(815301076,1909f56bfc062723c751e8b465ee728b)  -> (artifact id: 'c80a3c2aebb46f43b6efdfc6aff90c01') in 0.233040 seconds 
========================================================================
Received Import Request.
  Time since last request: 161.912835 seconds.
  path: Assets/Materieal/enemy/LiftOffBody.mat
  artifactKey: Guid(8bd279ba63c1a9e428ef42da2a8715fa) Importer(815301076,1909f56bfc062723c751e8b465ee728b)
Start importing Assets/Materieal/enemy/LiftOffBody.mat using Guid(8bd279ba63c1a9e428ef42da2a8715fa) Importer(815301076,1909f56bfc062723c751e8b465ee728b)  -> (artifact id: '6c3ddac906856b7a04d4b328c13af8ea') in 0.020955 seconds 
