Using pre-set license
Built from '2021.2/staging' branch; Version is '2021.2.7f1 (6bd9e232123f) revision 7068130'; Using compiler version '192829333'; Build Type 'Release'
OS: 'Windows 11  (10.0.22000) 64bit Core' Language: 'en' Physical Memory: 16238 MB
BatchMode: 1, IsHumanControllingUs: 0, StartBugReporterOnCrash: 0, Is64bit: 1, IsPro: 0

COMMAND LINE ARGUMENTS:
D:\Program Files\2021.2.7f1\Editor\Unity.exe
-adb2
-batchMode
-noUpm
-name
AssetImportWorker4
-projectPath
E:/George Brown College/Sumester-EX2/GAME3004/Lab/Game3004-W2022-Lab/Lab7/Lab7
-logFile
Logs/AssetImportWorker4.log
-srvPort
49478
Successfully changed project path to: E:/George Brown College/Sumester-EX2/GAME3004/Lab/Game3004-W2022-Lab/Lab7/Lab7
E:/George Brown College/Sumester-EX2/GAME3004/Lab/Game3004-W2022-Lab/Lab7/Lab7
[UnityMemory] Configuration Parameters - Can be set up in boot.config
    "memorysetup-bucket-allocator-granularity=16"
    "memorysetup-bucket-allocator-bucket-count=8"
    "memorysetup-bucket-allocator-block-size=33554432"
    "memorysetup-bucket-allocator-block-count=8"
    "memorysetup-main-allocator-block-size=16777216"
    "memorysetup-thread-allocator-block-size=16777216"
    "memorysetup-gfx-main-allocator-block-size=16777216"
    "memorysetup-gfx-thread-allocator-block-size=16777216"
    "memorysetup-cache-allocator-block-size=4194304"
    "memorysetup-typetree-allocator-block-size=2097152"
    "memorysetup-profiler-bucket-allocator-granularity=16"
    "memorysetup-profiler-bucket-allocator-bucket-count=8"
    "memorysetup-profiler-bucket-allocator-block-size=33554432"
    "memorysetup-profiler-bucket-allocator-block-count=8"
    "memorysetup-profiler-allocator-block-size=16777216"
    "memorysetup-profiler-editor-allocator-block-size=1048576"
    "memorysetup-temp-allocator-size-main=16777216"
    "memorysetup-job-temp-allocator-block-size=2097152"
    "memorysetup-job-temp-allocator-block-size-background=1048576"
    "memorysetup-job-temp-allocator-reduction-small-platforms=262144"
    "memorysetup-temp-allocator-size-background-worker=32768"
    "memorysetup-temp-allocator-size-job-worker=262144"
    "memorysetup-temp-allocator-size-preload-manager=33554432"
    "memorysetup-temp-allocator-size-nav-mesh-worker=65536"
    "memorysetup-temp-allocator-size-audio-worker=65536"
    "memorysetup-temp-allocator-size-cloud-worker=32768"
    "memorysetup-temp-allocator-size-gi-baking-worker=262144"
    "memorysetup-temp-allocator-size-gfx=262144"
Refreshing native plugins compatible for Editor in 100.58 ms, found 3 plugins.
Preloading 0 native plugins for Editor in 0.00 ms.
Initialize engine version: 2021.2.7f1 (6bd9e232123f)
[Subsystems] Discovering subsystems at path D:/Program Files/2021.2.7f1/Editor/Data/Resources/UnitySubsystems
[Subsystems] Discovering subsystems at path E:/George Brown College/Sumester-EX2/GAME3004/Lab/Game3004-W2022-Lab/Lab7/Lab7/Assets
GfxDevice: creating device client; threaded=0; jobified=0
Direct3D:
    Version:  Direct3D 11.0 [level 11.1]
    Renderer: NVIDIA GeForce GTX 1060 (ID=0x1c20)
    Vendor:   NVIDIA
    VRAM:     6052 MB
    Driver:   30.0.15.1179
Initialize mono
Mono path[0] = 'D:/Program Files/2021.2.7f1/Editor/Data/Managed'
Mono path[1] = 'D:/Program Files/2021.2.7f1/Editor/Data/MonoBleedingEdge/lib/mono/unityjit-win32'
Mono config path = 'D:/Program Files/2021.2.7f1/Editor/Data/MonoBleedingEdge/etc'
Using monoOptions --debugger-agent=transport=dt_socket,embedding=1,server=y,suspend=n,address=127.0.0.1:56536
Begin MonoManager ReloadAssembly
Registering precompiled unity dll's ...
Register platform support module: D:/Program Files/2021.2.7f1/Editor/Data/PlaybackEngines/WebGLSupport/UnityEditor.WebGL.Extensions.dll
Register platform support module: D:/Program Files/2021.2.7f1/Editor/Data/PlaybackEngines/WindowsStandaloneSupport/UnityEditor.WindowsStandalone.Extensions.dll
Registered in 0.002482 seconds.
Native extension for WindowsStandalone target not found
Native extension for WebGL target not found
Refreshing native plugins compatible for Editor in 96.52 ms, found 3 plugins.
Preloading 0 native plugins for Editor in 0.00 ms.
Mono: successfully reloaded assembly
- Completed reload, in  0.663 seconds
Domain Reload Profiling:
	ReloadAssembly (664ms)
		BeginReloadAssembly (90ms)
			ExecutionOrderSort (0ms)
			DisableScriptedObjects (0ms)
			BackupInstance (0ms)
			ReleaseScriptingObjects (0ms)
			CreateAndSetChildDomain (1ms)
		EndReloadAssembly (503ms)
			LoadAssemblies (90ms)
			RebuildTransferFunctionScriptingTraits (0ms)
			SetupTypeCache (102ms)
			ReleaseScriptCaches (0ms)
			RebuildScriptCaches (28ms)
			SetupLoadedEditorAssemblies (324ms)
				LogAssemblyErrors (0ms)
				InitializePlatformSupportModulesInManaged (15ms)
				SetLoadedEditorAssemblies (0ms)
				RefreshPlugins (97ms)
				BeforeProcessingInitializeOnLoad (1ms)
				ProcessInitializeOnLoadAttributes (161ms)
				ProcessInitializeOnLoadMethodAttributes (50ms)
				AfterProcessingInitializeOnLoad (0ms)
				EditorAssembliesLoaded (0ms)
			ExecutionOrderSort2 (0ms)
			AwakeInstancesAfterBackupRestoration (0ms)
Platform modules already initialized, skipping
Registering precompiled user dll's ...
Registered in 0.009505 seconds.
Begin MonoManager ReloadAssembly
Symbol file LoadedFromMemory doesn't match image E:\George Brown College\Sumester-EX2\GAME3004\Lab\Game3004-W2022-Lab\Lab7\Lab7\Library\PackageCache\com.unity.visualscripting@1.7.6\Editor\VisualScripting.Core\Dependencies\YamlDotNet\Unity.VisualScripting.YamlDotNet.dll
Symbol file LoadedFromMemory doesn't match image E:\George Brown College\Sumester-EX2\GAME3004\Lab\Game3004-W2022-Lab\Lab7\Lab7\Library\PackageCache\com.unity.visualscripting@1.7.6\Editor\VisualScripting.Core\Dependencies\DotNetZip\Unity.VisualScripting.IonicZip.dll
Native extension for WindowsStandalone target not found
Native extension for WebGL target not found
Refreshing native plugins compatible for Editor in 94.95 ms, found 3 plugins.
Preloading 0 native plugins for Editor in 0.00 ms.
Mono: successfully reloaded assembly
- Completed reload, in  1.811 seconds
Domain Reload Profiling:
	ReloadAssembly (1812ms)
		BeginReloadAssembly (127ms)
			ExecutionOrderSort (0ms)
			DisableScriptedObjects (6ms)
			BackupInstance (0ms)
			ReleaseScriptingObjects (0ms)
			CreateAndSetChildDomain (19ms)
		EndReloadAssembly (1584ms)
			LoadAssemblies (101ms)
			RebuildTransferFunctionScriptingTraits (0ms)
			SetupTypeCache (283ms)
			ReleaseScriptCaches (1ms)
			RebuildScriptCaches (56ms)
			SetupLoadedEditorAssemblies (1124ms)
				LogAssemblyErrors (0ms)
				InitializePlatformSupportModulesInManaged (10ms)
				SetLoadedEditorAssemblies (0ms)
				RefreshPlugins (95ms)
				BeforeProcessingInitializeOnLoad (97ms)
				ProcessInitializeOnLoadAttributes (844ms)
				ProcessInitializeOnLoadMethodAttributes (76ms)
				AfterProcessingInitializeOnLoad (2ms)
				EditorAssembliesLoaded (0ms)
			ExecutionOrderSort2 (0ms)
			AwakeInstancesAfterBackupRestoration (7ms)
Platform modules already initialized, skipping
========================================================================
Worker process is ready to serve import requests
Launched and connected shader compiler UnityShaderCompiler.exe after 0.10 seconds
Refreshing native plugins compatible for Editor in 0.81 ms, found 3 plugins.
Preloading 0 native plugins for Editor in 0.00 ms.
Unloading 4912 Unused Serialized files (Serialized files now loaded: 0)
Unloading 33 unused Assets / (0.7 MB). Loaded Objects now: 5363.
Memory consumption went from 197.5 MB to 196.8 MB.
Total: 5.118300 ms (FindLiveObjects: 0.358300 ms CreateObjectMapping: 0.280000 ms MarkObjects: 4.168900 ms  DeleteObjects: 0.310100 ms)

AssetImportParameters requested are different than current active one (requested -> active):
  custom:video-decoder-ogg-theora: a1e56fd34408186e4bbccfd4996cb3dc -> 
  custom:container-muxer-webm: aa71ff27fc2769a1b78a27578f13a17b -> 
  custom:container-demuxer-webm: 4f35f7cbe854078d1ac9338744f61a02 -> 
  custom:video-encoder-webm-vp8: eb34c28f22e8b96e1ab97ce403110664 -> 
  custom:video-codec-MediaFoundation-h265: 746d11721c4dcdbdad8f713fa42b33f4 -> 
  custom:audio-encoder-webm-vorbis: bf7c407c2cedff20999df2af8eb42d56 -> 
  custom:framework-win-MediaFoundation: 216162199b28c13a410421893ffa2e32 -> 
  custom:container-demuxer-ogg: 62fdf1f143b41e24485cea50d1cbac27 -> 
  custom:video-decoder-webm-vp8: 9c59270c3fd7afecdb556c50c9e8de78 -> 
  custom:audio-decoder-ogg-vorbis: bf7c407c2cedff20999df2af8eb42d56 -> 
========================================================================
Received Import Request.
  Time since last request: 234351.733133 seconds.
  path: Assets/Texture/Enemy
  artifactKey: Guid(7fdca951611d9cc4ca1af7684bbb3aa4) Importer(815301076,1909f56bfc062723c751e8b465ee728b)
Start importing Assets/Texture/Enemy using Guid(7fdca951611d9cc4ca1af7684bbb3aa4) Importer(815301076,1909f56bfc062723c751e8b465ee728b)  -> (artifact id: '71e5f4799306d943dbe454551200c16d') in 0.017436 seconds 
========================================================================
Received Import Request.
  Time since last request: 33.684187 seconds.
  path: Assets/Texture/Enemy/LiftOffFemaleBaseMetal.png
  artifactKey: Guid(3814fe527e491c24b8b8457f4d5579bf) Importer(815301076,1909f56bfc062723c751e8b465ee728b)
Start importing Assets/Texture/Enemy/LiftOffFemaleBaseMetal.png using Guid(3814fe527e491c24b8b8457f4d5579bf) Importer(815301076,1909f56bfc062723c751e8b465ee728b)  -> (artifact id: 'f1edae2521f6c23b57d7e066fa88de23') in 0.254189 seconds 
========================================================================
Received Import Request.
  Time since last request: 82.311538 seconds.
  path: Assets/Materieal/enemy/Hair Materieal.mat
  artifactKey: Guid(75f57cc1066888b4eac245031aa1bfdc) Importer(815301076,1909f56bfc062723c751e8b465ee728b)
Start importing Assets/Materieal/enemy/Hair Materieal.mat using Guid(75f57cc1066888b4eac245031aa1bfdc) Importer(815301076,1909f56bfc062723c751e8b465ee728b)  -> (artifact id: '4c35d374490646cc4fd78f97c5f3d1b9') in 0.228157 seconds 
========================================================================
Received Import Request.
  Time since last request: 41.523711 seconds.
  path: Assets/Texture/Image/MiniMapMask.png
  artifactKey: Guid(4fe1c5348e4e15e458697b770f03f735) Importer(815301076,1909f56bfc062723c751e8b465ee728b)
Start importing Assets/Texture/Image/MiniMapMask.png using Guid(4fe1c5348e4e15e458697b770f03f735) Importer(815301076,1909f56bfc062723c751e8b465ee728b)  -> (artifact id: '938f4c4ad011c840c78a9558da713a2c') in 0.280033 seconds 
========================================================================
Received Import Request.
  Time since last request: 9.059181 seconds.
  path: Assets/Models/enemy/LiftOff@T-Pose.fbx
  artifactKey: Guid(06943b278466f7e4984e514e13636338) Importer(815301076,1909f56bfc062723c751e8b465ee728b)
Start importing Assets/Models/enemy/LiftOff@T-Pose.fbx using Guid(06943b278466f7e4984e514e13636338) Importer(815301076,1909f56bfc062723c751e8b465ee728b)  -> (artifact id: 'd3c6c24467b019e3756c118a8c08d604') in 0.096427 seconds 
========================================================================
Received Import Request.
  Time since last request: 26.716238 seconds.
  path: Assets/Models/enemy/LiftOff@T-Pose.fbx
  artifactKey: Guid(06943b278466f7e4984e514e13636338) Importer(815301076,1909f56bfc062723c751e8b465ee728b)
Start importing Assets/Models/enemy/LiftOff@T-Pose.fbx using Guid(06943b278466f7e4984e514e13636338) Importer(815301076,1909f56bfc062723c751e8b465ee728b)  -> (artifact id: '128fa3acfc44a1c1f4fe6a3cbba40897') in 0.200037 seconds 
========================================================================
Received Import Request.
  Time since last request: 1.232928 seconds.
  path: Assets/Materieal/enemy/HeadMaterial.mat
  artifactKey: Guid(f54648ff827e7024b8c6e85404b7d291) Importer(815301076,1909f56bfc062723c751e8b465ee728b)
Start importing Assets/Materieal/enemy/HeadMaterial.mat using Guid(f54648ff827e7024b8c6e85404b7d291) Importer(815301076,1909f56bfc062723c751e8b465ee728b)  -> (artifact id: 'ba013329919e9c3cc50fcbb2e380b3e2') in 0.020380 seconds 
